Virtual User Script started at: 19.09.2020 5:20:36
Starting action vuser_init.
Web Turbo Replay of LoadRunner 12.55.0 for Windows 8.1; build 911 (июл 24 2017 19:46:00)  	[MsgId: MMSG-26983]
Run mode: HTML  	[MsgId: MMSG-26993]
Replay user agent: Mozilla/5.0 (Windows NT 6.3; Win64; x64) AppleWebKit/537.36 (KHTML, like Gecko) Chrome/85.0.4183.102 Safari/537.36  	[MsgId: MMSG-26988]
Run-Time Settings file: "C:\Users\Анастасия\Documents\VuGen\Scripts\lr_webtours_scripts\05_CancelFlight\\default.cfg"  	[MsgId: MMSG-27141]
Ending action vuser_init.
Running Vuser...
Starting iteration 1.
Maximum number of concurrent connections per server: 6  	[MsgId: MMSG-26989]
Starting action Action.
Action.c(8): web_set_sockets_option started  	[MsgId: MMSG-26355]
Action.c(8): web_set_sockets_option was successful  	[MsgId: MMSG-26392]
Action.c(10): Notify: Transaction "05_CancelFlight" started.
Action.c(12): Notify: Transaction "connect_to_server" started.
Action.c(14): web_add_auto_header("Sec-Fetch-Site") started  	[MsgId: MMSG-26355]
Action.c(14): web_add_auto_header("Sec-Fetch-Site") was successful  	[MsgId: MMSG-26392]
Action.c(17): web_add_auto_header("Sec-Fetch-Dest") started  	[MsgId: MMSG-26355]
Action.c(17): web_add_auto_header("Sec-Fetch-Dest") was successful  	[MsgId: MMSG-26392]
Action.c(20): web_add_auto_header("Sec-Fetch-Mode") started  	[MsgId: MMSG-26355]
Action.c(20): web_add_auto_header("Sec-Fetch-Mode") was successful  	[MsgId: MMSG-26392]
Action.c(23): web_add_auto_header("Sec-Fetch-User") started  	[MsgId: MMSG-26355]
Action.c(23): web_add_auto_header("Sec-Fetch-User") was successful  	[MsgId: MMSG-26392]
Action.c(26): web_add_auto_header("Upgrade-Insecure-Requests") started  	[MsgId: MMSG-26355]
Action.c(26): web_add_auto_header("Upgrade-Insecure-Requests") was successful  	[MsgId: MMSG-26392]
Action.c(29): web_reg_save_param started  	[MsgId: MMSG-26355]
Action.c(29): Registering web_reg_save_param was successful  	[MsgId: MMSG-26390]
Action.c(35): web_reg_find started  	[MsgId: MMSG-26355]
Action.c(35): Registering web_reg_find was successful  	[MsgId: MMSG-26390]
Action.c(39): web_url("WebTours") started  	[MsgId: MMSG-26355]
Action.c(39): Detected non-resource "http://localhost:1080/WebTours/header.html" in "http://localhost:1080/WebTours/"  	[MsgId: MMSG-26574]
Action.c(39): Detected non-resource "http://localhost:1080/cgi-bin/welcome.pl?signOff=true" in "http://localhost:1080/WebTours/"  	[MsgId: MMSG-26574]
Action.c(39): Found resource "http://localhost:1080/WebTours/images/hp_logo.png" in HTML "http://localhost:1080/WebTours/header.html"  	[MsgId: MMSG-26659]
Action.c(39): Found resource "http://localhost:1080/WebTours/images/webtours.png" in HTML "http://localhost:1080/WebTours/header.html"  	[MsgId: MMSG-26659]
Action.c(39): Detected non-resource "http://localhost:1080/cgi-bin/nav.pl?in=home" in "http://localhost:1080/cgi-bin/welcome.pl?signOff=true"  	[MsgId: MMSG-26574]
Action.c(39): Detected non-resource "http://localhost:1080/WebTours/home.html" in "http://localhost:1080/cgi-bin/welcome.pl?signOff=true"  	[MsgId: MMSG-26574]
Action.c(39): Found resource "http://localhost:1080/WebTours/images/mer_login.gif" in HTML "http://localhost:1080/cgi-bin/nav.pl?in=home"  	[MsgId: MMSG-26659]
Action.c(39): Registered web_reg_find successful for "Text= A Session ID has been created and loaded into a cookie called MSO" (count=1)  	[MsgId: MMSG-26364]
Action.c(39): web_url("WebTours") was successful, 10071 body bytes, 2374 header bytes, 24 chunking overhead bytes  	[MsgId: MMSG-26385]
Action.c(49): Notify: Transaction "connect_to_server" ended with a "Pass" status (Duration: 3.5991 Wasted Time: 0.4513).
Action.c(52): Notify: Transaction "login" started.
Action.c(54): web_remove_auto_header("Sec-Fetch-User") started  	[MsgId: MMSG-26355]
Action.c(54): Previous automatically added web header for "Sec-Fetch-User" removed  	[MsgId: MMSG-26587]
Action.c(54): web_remove/revert_auto_header("Sec-Fetch-User") was successful  	[MsgId: MMSG-26392]
Action.c(56): web_add_auto_header("Sec-Fetch-Dest") started  	[MsgId: MMSG-26355]
Action.c(56): web_add_auto_header("Sec-Fetch-Dest") was successful  	[MsgId: MMSG-26392]
Action.c(59): web_remove_auto_header("Upgrade-Insecure-Requests") started  	[MsgId: MMSG-26355]
Action.c(59): Previous automatically added web header for "Upgrade-Insecure-Requests" removed  	[MsgId: MMSG-26587]
Action.c(59): web_remove/revert_auto_header("Upgrade-Insecure-Requests") was successful  	[MsgId: MMSG-26392]
Action.c(61): web_add_header("Origin") started  	[MsgId: MMSG-26355]
Action.c(61): web_add_header("Origin") was successful  	[MsgId: MMSG-26392]
Action.c(64): web_add_auto_header("Sec-Fetch-Site") started  	[MsgId: MMSG-26355]
Action.c(64): web_add_auto_header("Sec-Fetch-Site") was successful  	[MsgId: MMSG-26392]
Action.c(69): web_reg_find started  	[MsgId: MMSG-26355]
Action.c(69): Registering web_reg_find was successful  	[MsgId: MMSG-26390]
Action.c(73): web_reg_find started  	[MsgId: MMSG-26355]
Action.c(73): Registering web_reg_find was successful  	[MsgId: MMSG-26390]
Action.c(77): web_submit_data("login.pl") started  	[MsgId: MMSG-26355]
Action.c(77): Detected non-resource "http://localhost:1080/cgi-bin/nav.pl?page=menu&in=home" in "http://localhost:1080/cgi-bin/login.pl"  	[MsgId: MMSG-26574]
Action.c(77): Detected non-resource "http://localhost:1080/cgi-bin/login.pl?intro=true" in "http://localhost:1080/cgi-bin/login.pl"  	[MsgId: MMSG-26574]
Action.c(77): Found resource "http://localhost:1080/WebTours/images/flights.gif" in HTML "http://localhost:1080/cgi-bin/nav.pl?page=menu&in=home"  	[MsgId: MMSG-26659]
Action.c(77): Found resource "http://localhost:1080/WebTours/images/itinerary.gif" in HTML "http://localhost:1080/cgi-bin/nav.pl?page=menu&in=home"  	[MsgId: MMSG-26659]
Action.c(77): Found resource "http://localhost:1080/WebTours/images/in_home.gif" in HTML "http://localhost:1080/cgi-bin/nav.pl?page=menu&in=home"  	[MsgId: MMSG-26659]
Action.c(77): Found resource "http://localhost:1080/WebTours/images/signoff.gif" in HTML "http://localhost:1080/cgi-bin/nav.pl?page=menu&in=home"  	[MsgId: MMSG-26659]
Action.c(77): Registered web_reg_find successful for "Text=User password was correct" (count=1)  	[MsgId: MMSG-26364]
Action.c(77): Registered web_reg_find successful for "Text=Welcome, <b>james123</b>" (count=1)  	[MsgId: MMSG-26364]
Action.c(77): web_submit_data("login.pl") was successful, 5783 body bytes, 2069 header bytes, 36 chunking overhead bytes  	[MsgId: MMSG-26385]
Action.c(94): Notify: Transaction "login" ended with a "Pass" status (Duration: 0.5831 Wasted Time: 0.1613).
Action.c(96): Notify: Transaction "click_flights" started.
Action.c(98): web_add_auto_header("Sec-Fetch-User") started  	[MsgId: MMSG-26355]
Action.c(98): web_add_auto_header("Sec-Fetch-User") was successful  	[MsgId: MMSG-26392]
Action.c(101): web_add_auto_header("Upgrade-Insecure-Requests") started  	[MsgId: MMSG-26355]
Action.c(101): web_add_auto_header("Upgrade-Insecure-Requests") was successful  	[MsgId: MMSG-26392]
Action.c(106): web_reg_find started  	[MsgId: MMSG-26355]
Action.c(106): Registering web_reg_find was successful  	[MsgId: MMSG-26390]
Action.c(110): web_url("Search Flights Button") started  	[MsgId: MMSG-26355]
Action.c(110): Detected non-resource "http://localhost:1080/cgi-bin/nav.pl?page=menu&in=flights" in "http://localhost:1080/cgi-bin/welcome.pl?page=search"  	[MsgId: MMSG-26574]
Action.c(110): Detected non-resource "http://localhost:1080/cgi-bin/reservations.pl?page=welcome" in "http://localhost:1080/cgi-bin/welcome.pl?page=search"  	[MsgId: MMSG-26574]
Action.c(110): Found resource "http://localhost:1080/WebTours/images/in_flights.gif" in HTML "http://localhost:1080/cgi-bin/nav.pl?page=menu&in=flights"  	[MsgId: MMSG-26659]
Action.c(110): Resource "http://localhost:1080/WebTours/images/itinerary.gif" is in the cache already and will not be downloaded again  	[MsgId: MMSG-26655]
Action.c(110): Found resource "http://localhost:1080/WebTours/images/home.gif" in HTML "http://localhost:1080/cgi-bin/nav.pl?page=menu&in=flights"  	[MsgId: MMSG-26659]
Action.c(110): Resource "http://localhost:1080/WebTours/images/signoff.gif" is in the cache already and will not be downloaded again  	[MsgId: MMSG-26655]
Action.c(110): Found resource "http://localhost:1080/WebTours/images/button_next.gif" in HTML "http://localhost:1080/cgi-bin/reservations.pl?page=welcome"  	[MsgId: MMSG-26659]
Action.c(110): Registered web_reg_find successful for "Text=</td></tr> <tr><td align="left">Arrival City :</td> <td><select name="arrive" >" (count=1)  	[MsgId: MMSG-26364]
Action.c(110): web_url("Search Flights Button") was successful, 8516 body bytes, 1617 header bytes, 43 chunking overhead bytes  	[MsgId: MMSG-26385]
Action.c(120): Notify: Transaction "click_flights" ended with a "Pass" status (Duration: 0.7065 Wasted Time: 0.1418).
Action.c(122): Notify: Transaction "click_find_flight" started.
Action.c(124): web_add_header("Origin") started  	[MsgId: MMSG-26355]
Action.c(124): web_add_header("Origin") was successful  	[MsgId: MMSG-26392]
Action.c(129): web_reg_find started  	[MsgId: MMSG-26355]
Action.c(129): Registering web_reg_find was successful  	[MsgId: MMSG-26390]
Action.c(133): web_reg_save_param started  	[MsgId: MMSG-26355]
Action.c(133): Registering web_reg_save_param was successful  	[MsgId: MMSG-26390]
Action.c(139): web_reg_save_param started  	[MsgId: MMSG-26355]
Action.c(139): Registering web_reg_save_param was successful  	[MsgId: MMSG-26390]
Action.c(145): web_reg_save_param started  	[MsgId: MMSG-26355]
Action.c(145): Registering web_reg_save_param was successful  	[MsgId: MMSG-26390]
Action.c(151): web_submit_data("reservations.pl") started  	[MsgId: MMSG-26355]
Action.c(151): Resource "http://localhost:1080/WebTours/images/button_next.gif" is in the cache already and will not be downloaded again  	[MsgId: MMSG-26655]
Action.c(151): Registered web_reg_find successful for "Text=Flight departing from <B>Denver</B> to <B>Frankfurt</B> on <B>09/19/2020</B>" (count=1)  	[MsgId: MMSG-26364]
Action.c(151): web_submit_data("reservations.pl") was successful, 2444 body bytes, 255 header bytes, 12 chunking overhead bytes  	[MsgId: MMSG-26385]
Action.c(175): Notify: Transaction "click_find_flight" ended with a "Pass" status (Duration: 0.4291 Wasted Time: 0.0894).
Action.c(177): Notify: Transaction "click_choose_flight" started.
Action.c(185): web_reg_find started  	[MsgId: MMSG-26355]
Action.c(185): Registering web_reg_find was successful  	[MsgId: MMSG-26390]
Action.c(189): web_submit_data("reservations.pl_2") started  	[MsgId: MMSG-26355]
Action.c(189): Resource "http://localhost:1080/WebTours/images/button_next.gif" is in the cache already and will not be downloaded again  	[MsgId: MMSG-26655]
Action.c(189): Registered web_reg_find successful for "Text=Payment Details" (count=1)  	[MsgId: MMSG-26364]
Action.c(189): web_submit_data("reservations.pl_2") was successful, 2753 body bytes, 255 header bytes, 12 chunking overhead bytes  	[MsgId: MMSG-26385]
Action.c(207): Notify: Transaction "click_choose_flight" ended with a "Pass" status (Duration: 0.3280 Wasted Time: 0.0967).
Action.c(209): Notify: Transaction "click_book" started.
Action.c(211): web_remove_auto_header("Sec-Fetch-User") started  	[MsgId: MMSG-26355]
Action.c(211): Previous automatically added web header for "Sec-Fetch-User" removed  	[MsgId: MMSG-26587]
Action.c(211): web_remove/revert_auto_header("Sec-Fetch-User") was successful  	[MsgId: MMSG-26392]
Action.c(213): web_remove_auto_header("Upgrade-Insecure-Requests") started  	[MsgId: MMSG-26355]
Action.c(213): Previous automatically added web header for "Upgrade-Insecure-Requests" removed  	[MsgId: MMSG-26587]
Action.c(213): web_remove/revert_auto_header("Upgrade-Insecure-Requests") was successful  	[MsgId: MMSG-26392]
Action.c(215): web_add_header("Origin") started  	[MsgId: MMSG-26355]
Action.c(215): web_add_header("Origin") was successful  	[MsgId: MMSG-26392]
Action.c(227): web_reg_find started  	[MsgId: MMSG-26355]
Action.c(227): Registering web_reg_find was successful  	[MsgId: MMSG-26390]
Action.c(231): web_submit_data("reservations.pl_3") started  	[MsgId: MMSG-26355]
Action.c(231): Found resource "http://localhost:1080/WebTours/images/bookanother.gif" in HTML "http://localhost:1080/cgi-bin/reservations.pl"  	[MsgId: MMSG-26659]
Action.c(231): Registered web_reg_find successful for "Text=09/19/2020 :  11pm : Flight 013 leaves Denver  for Frankfurt" (count=1)  	[MsgId: MMSG-26364]
Action.c(231): web_submit_data("reservations.pl_3") was successful, 3289 body bytes, 697 header bytes, 12 chunking overhead bytes  	[MsgId: MMSG-26385]
Action.c(260): Notify: Transaction "click_book" ended with a "Pass" status (Duration: 0.4081 Wasted Time: 0.1310).
Action.c(262): Notify: Transaction "click_itinerary" started.
Action.c(264): web_add_auto_header("Sec-Fetch-User") started  	[MsgId: MMSG-26355]
Action.c(264): web_add_auto_header("Sec-Fetch-User") was successful  	[MsgId: MMSG-26392]
Action.c(267): web_add_auto_header("Upgrade-Insecure-Requests") started  	[MsgId: MMSG-26355]
Action.c(267): web_add_auto_header("Upgrade-Insecure-Requests") was successful  	[MsgId: MMSG-26392]
Action.c(279): web_reg_find started  	[MsgId: MMSG-26355]
Action.c(279): Registering web_reg_find was successful  	[MsgId: MMSG-26390]
Action.c(283): web_reg_save_param started  	[MsgId: MMSG-26355]
Action.c(283): Registering web_reg_save_param was successful  	[MsgId: MMSG-26390]
Action.c(287): web_reg_save_param started  	[MsgId: MMSG-26355]
Action.c(287): Registering web_reg_save_param was successful  	[MsgId: MMSG-26390]
Action.c(293): web_url("Itinerary Button") started  	[MsgId: MMSG-26355]
Action.c(293): Detected non-resource "http://localhost:1080/cgi-bin/nav.pl?page=menu&in=itinerary" in "http://localhost:1080/cgi-bin/welcome.pl?page=itinerary"  	[MsgId: MMSG-26574]
Action.c(293): Detected non-resource "http://localhost:1080/cgi-bin/itinerary.pl" in "http://localhost:1080/cgi-bin/welcome.pl?page=itinerary"  	[MsgId: MMSG-26574]
Action.c(293): Resource "http://localhost:1080/WebTours/images/flights.gif" is in the cache already and will not be downloaded again  	[MsgId: MMSG-26655]
Action.c(293): Found resource "http://localhost:1080/WebTours/images/in_itinerary.gif" in HTML "http://localhost:1080/cgi-bin/nav.pl?page=menu&in=itinerary"  	[MsgId: MMSG-26659]
Action.c(293): Resource "http://localhost:1080/WebTours/images/home.gif" is in the cache already and will not be downloaded again  	[MsgId: MMSG-26655]
Action.c(293): Resource "http://localhost:1080/WebTours/images/signoff.gif" is in the cache already and will not be downloaded again  	[MsgId: MMSG-26655]
Action.c(293): Found resource "http://localhost:1080/WebTours/images/cancelreservation.gif" in HTML "http://localhost:1080/cgi-bin/itinerary.pl"  	[MsgId: MMSG-26659]
Action.c(293): Found resource "http://localhost:1080/WebTours/images/cancelallreservations.gif" in HTML "http://localhost:1080/cgi-bin/itinerary.pl"  	[MsgId: MMSG-26659]
Action.c(293): Registered web_reg_find successful for "Text=09/19/2020
 :  11pm : Flight 013 leaves Denver  for Frankfurt" (count=1)  	[MsgId: MMSG-26364]
Action.c(293): web_url("Itinerary Button") was successful, 9339 body bytes, 1619 header bytes, 43 chunking overhead bytes  	[MsgId: MMSG-26385]
Action.c(311): Notify: Transaction "click_itinerary" ended with a "Pass" status (Duration: 0.5221 Wasted Time: 0.1318).
Action.c(313): Notify: Transaction "click_cancel_ckecked" started.
Action.c(315): web_add_header("Origin") started  	[MsgId: MMSG-26355]
Action.c(315): web_add_header("Origin") was successful  	[MsgId: MMSG-26392]
Action.c(328): web_reg_save_param started  	[MsgId: MMSG-26355]
Action.c(328): Registering web_reg_save_param was successful  	[MsgId: MMSG-26390]
Action.c(332): web_reg_save_param started  	[MsgId: MMSG-26355]
Action.c(332): Registering web_reg_save_param was successful  	[MsgId: MMSG-26390]
Action.c(339): web_submit_form("itinerary.pl") started  	[MsgId: MMSG-26355]
Action.c(339): Submitting form to "http://localhost:1080/cgi-bin/itinerary.pl", Target Frame=""  	[MsgId: MMSG-27978]
Action.c(339): Resource "http://localhost:1080/WebTours/images/cancelreservation.gif" is in the cache already and will not be downloaded again  	[MsgId: MMSG-26655]
Action.c(339): Resource "http://localhost:1080/WebTours/images/cancelallreservations.gif" is in the cache already and will not be downloaded again  	[MsgId: MMSG-26655]
Action.c(339): web_submit_form("itinerary.pl") was successful, 3807 body bytes, 255 header bytes, 12 chunking overhead bytes  	[MsgId: MMSG-26385]
Action.c(363): Notify: Transaction "click_cancel_ckecked" ended with a "Pass" status (Duration: 0.4090 Wasted Time: 0.0878).
Action.c(365): Notify: Transaction "click_sign_off" started.
Action.c(367): web_add_header("Sec-Fetch-User") started  	[MsgId: MMSG-26355]
Action.c(367): web_add_header("Sec-Fetch-User") was successful  	[MsgId: MMSG-26392]
Action.c(370): web_add_header("Upgrade-Insecure-Requests") started  	[MsgId: MMSG-26355]
Action.c(370): web_add_header("Upgrade-Insecure-Requests") was successful  	[MsgId: MMSG-26392]
Action.c(375): web_reg_find started  	[MsgId: MMSG-26355]
Action.c(375): Registering web_reg_find was successful  	[MsgId: MMSG-26390]
Action.c(379): web_url("SignOff Button") started  	[MsgId: MMSG-26355]
Action.c(379): Detected non-resource "http://localhost:1080/cgi-bin/nav.pl?in=home" in "http://localhost:1080/cgi-bin/welcome.pl?signOff=1"  	[MsgId: MMSG-26574]
Action.c(379): Detected non-resource "http://localhost:1080/WebTours/home.html" in "http://localhost:1080/cgi-bin/welcome.pl?signOff=1"  	[MsgId: MMSG-26574]
Action.c(379): Retrieving data from cache for "http://localhost:1080/WebTours/home.html"  	[MsgId: MMSG-26558]
Action.c(379): Resource "http://localhost:1080/WebTours/images/mer_login.gif" is in the cache already and will not be downloaded again  	[MsgId: MMSG-26655]
Action.c(379): Registered web_reg_find successful for "Text= A Session ID has been created and loaded into a cookie called MSO" (count=1)  	[MsgId: MMSG-26364]
Action.c(379): web_url("SignOff Button") was successful, 2176 body bytes, 582 header bytes, 24 chunking overhead bytes  	[MsgId: MMSG-26385]
Action.c(389): Notify: Transaction "click_sign_off" ended with a "Pass" status (Duration: 0.4431 Wasted Time: 0.1127).
Action.c(391): Notify: Transaction "05_CancelFlight" ended with a "Pass" status (Duration: 7.4566 Wasted Time: 1.4039).
Ending action Action.
Ending iteration 1.
Ending Vuser...
Starting action vuser_end.
Ending action vuser_end.
Vuser Terminated.
