Action.c(339):     <input type="image" name="removeAllFlights" src="/WebTours/images/cancelallreservations.gi
Action.c(339):     f" border="0" /></TD>\n
Action.c(339):     </TABLE>\n
Action.c(339):     \n
Action.c(339):     <div><input type="hidden" name=".cgifields" value="33"  /><input type="hidden" name=".cgif
Action.c(339):     ields" value="32"  /><input type="hidden" name=".cgifields" value="63"  /><input type="hid
Action.c(339):     den" name=".cgifields" value="21"  /><input type="hidden" name=".cgifields" value="7"  /><
Action.c(339):     input type="hidden" name=".cgifields" value="26"  /><input type="hidden" name=".cgifields"
Action.c(339):      value="18"  /><input type="hidden" name=".cgifields" value="16"  /><input type="hidden" n
Action.c(339):     ame=".cgifields" value="44"  /><input type="hidden" name=".cgifields" value="55"  /><input
Action.c(339):      type="hidden" name=".cgifields" value="27"  /><input type="hidden" name=".cgifields" valu
Action.c(339):     e="57"  /><input type="hidden" name=".cgifields" value="61"  /><input type="hidden" name="
Action.c(339):     .cgifields" value="20"  /><input type="hidden" name=".cgifields" value="10"  /><input type
Action.c(339):     ="hidden" name=".cgifields" value="31"  /><input type="hidden" name=".cgifields" value="35
Action.c(339):     "  /><input type="hidden" name=".cgifields" value="11"  /><input type="hidden" name=".cgif
Action.c(339):     ields" value="48"  /><input type="hidden" name=".cgifields" value="65"  /><input type="hid
Action.c(339):     den" name=".cgifields" value="29"  /><input type="hidden" name=".cgifields" value="5
Action.c(339): Notify: Saving Parameter "flight_id_part_res_60 = 339794944".	[MsgId: MMSG-13798]
Action.c(339): Notify: Saving Parameter "flight_id_part_res_61 = 339800762".	[MsgId: MMSG-13798]
Action.c(339): Notify: Saving Parameter "flight_id_part_res_62 = 339800869".	[MsgId: MMSG-13798]
Action.c(339): Notify: Saving Parameter "flight_id_part_res_63 = 339796683".	[MsgId: MMSG-13798]
Action.c(339): Notify: Saving Parameter "flight_id_part_res_64 = 339802708".	[MsgId: MMSG-13798]
Action.c(339): Notify: Saving Parameter "flight_id_part_res_65 = 339803758".	[MsgId: MMSG-13798]
Action.c(339): Notify: Saving Parameter "flight_id_part_res_66 = 339804214".	[MsgId: MMSG-13798]
Action.c(339): Notify: Saving Parameter "flight_id_part_res_67 = 3398074129".	[MsgId: MMSG-13798]
Action.c(339): Notify: Saving Parameter "flight_id_part_res_68 = 339778648".	[MsgId: MMSG-13798]
Action.c(339): Resource "http://localhost:1080/WebTours/images/cancelreservation.gif" is in the cache already and will not be downloaded again  	[MsgId: MMSG-26655]
Action.c(339): Resource "http://localhost:1080/WebTours/images/cancelallreservations.gif" is in the cache already and will not be downloaded again  	[MsgId: MMSG-26655]
Action.c(339): t=110743ms: 7-byte chunked response overhead for "http://localhost:1080/cgi-bin/itinerary.pl" (RelFrameId=1, Internal ID=43)
Action.c(339):     \r\n
Action.c(339):     919\r\n
Action.c(339): t=110743ms: 7-byte chunked response overhead for "http://localhost:1080/cgi-bin/itinerary.pl" (RelFrameId=1, Internal ID=43)
Action.c(339):     \r\n
Action.c(339):     0\r\n
Action.c(339):     \r\n
Action.c(339): t=110743ms: 2477-byte chunked response body for "http://localhost:1080/cgi-bin/itinerary.pl" (RelFrameId=1, Internal ID=43)
Action.c(339):     0"  /><input type="hidden" name=".cgifields" value="39"  /><input type="hidden" name=".cgi
Action.c(339):     fields" value="64"  /><input type="hidden" name=".cgifields" value="58"  /><input type="hi
Action.c(339):     dden" name=".cgifields" value="41"  /><input type="hidden" name=".cgifields" value="12"  /
Action.c(339):     ><input type="hidden" name=".cgifields" value="15"  /><input type="hidden" name=".cgifield
Action.c(339):     s" value="52"  /><input type="hidden" name=".cgifields" value="60"  /><input type="hidden"
Action.c(339):      name=".cgifields" value="56"  /><input type="hidden" name=".cgifields" value="66"  /><inp
Action.c(339):     ut type="hidden" name=".cgifields" value="45"  /><input type="hidden" name=".cgifields" va
Action.c(339):     lue="19"  /><input type="hidden" name=".cgifields" value="62"  /><input type="hidden" name
Action.c(339):     =".cgifields" value="54"  /><input type="hidden" name=".cgifields" value="67"  /><input ty
Action.c(339):     pe="hidden" name=".cgifields" value="68"  /><input type="hidden" name=".cgifields" value="
Action.c(339):     2"  /><input type="hidden" name=".cgifields" value="17"  /><input type="hidden" name=".cgi
Action.c(339):     fields" value="1"  /><input type="hidden" name=".cgifields" value="30"  /><input type="hid
Action.c(339):     den" name=".cgifields" value="25"  /><input type="hidden" name=".cgifields" value="28"  />
Action.c(339):     <input type="hidden" name=".cgifields" value="40"  /><input type="hidden" name=".cgifields
Action.c(339):     " value="14"  /><input type="hidden" name=".cgifields" value="59"  /><input type="hidden" 
Action.c(339):     name=".cgifields" value="49"  /><input type="hidden" name=".cgifields" value="24"  /><inpu
Action.c(339):     t type="hidden" name=".cgifields" value="53"  /><input type="hidden" name=".cgifields" val
Action.c(339):     ue="22"  /><input type="hidden" name=".cgifields" value="42"  /><input type="hidden" name=
Action.c(339):     ".cgifields" value="46"  /><input type="hidden" name=".cgifields" value="23"  /><input typ
Action.c(339):     e="hidden" name=".cgifields" value="13"  /><input type="hidden" name=".cgifields" value="6
Action.c(339):     "  /><input type="hidden" name=".cgifields" value="3"  /><input type="hidden" name=".cgifi
Action.c(339):     elds" value="36"  /><input type="hidden" name=".cgifields" value="9"  /><input type="hidde
Action.c(339):     n" name=".cgifields" value="51"  /><input type="hidden" name=".cgifields" value="47"  /><i
Action.c(339):     nput type="hidden" name=".cgifields" value="8"  /><input type="hidden" name=".cgifields" v
Action.c(339):     alue="38"  /><input type="hidden" name=".cgifields" value="4"  /><input type="hidden" name
Action.c(339):     =".cgifields" value="34"  /><input type="hidden" name=".cgifields" value="37"  /><input ty
Action.c(339):     pe="hidden" name=".cgifields" value="43"  /><input type="hidden" name=".cgifields" value="
Action.c(339):     5"  /></div></form>\n
Action.c(339):     \n
Action.c(339):     </center>\n
Action.c(339):     \n
Action.c(339):     </body>\n
Action.c(339):     </html>
Action.c(339): Notify: Saving Parameter "flight_id_part_res_count = 68".	[MsgId: MMSG-13798]
Action.c(339): web_submit_form("itinerary.pl") was successful, 80029 body bytes, 256 header bytes, 163 chunking overhead bytes  	[MsgId: MMSG-26385]
Action.c(346): Notify: Parameter Substitution: parameter "flight_id_part_count" =  "69"	[MsgId: MMSG-13992]
Action.c(346): Notify: Parameter Substitution: parameter "flight_id" =  "339781174-823-JO"	[MsgId: MMSG-13992]
Action.c(346): Notify: Parameter Substitution: parameter "flight_id_response" =  "339783081-784-JO"	[MsgId: MMSG-13992]
Action.c(363): Notify: Transaction "click_cancel_ckecked" ended with a "Pass" status (Duration: 5,1110 Think Time: 5,0000 Wasted Time: 0,0019).	[MsgId: MMSG-16870]
Action.c(365): Notify: Transaction "click_sign_off" started.	[MsgId: MMSG-16999]
Action.c(367): web_add_header("Sec-Fetch-User") started  	[MsgId: MMSG-26355]
Action.c(367): web_add_header("Sec-Fetch-User") was successful  	[MsgId: MMSG-26392]
Action.c(370): web_add_header("Upgrade-Insecure-Requests") started  	[MsgId: MMSG-26355]
Action.c(370): web_add_header("Upgrade-Insecure-Requests") was successful  	[MsgId: MMSG-26392]
Action.c(373): lr_think_time: 5,00 seconds.	[MsgId: MMSG-15948]
Action.c(375): web_reg_find started  	[MsgId: MMSG-26355]
Action.c(375): Registering web_reg_find was successful  	[MsgId: MMSG-26390]
Action.c(379): web_url("SignOff Button") started  	[MsgId: MMSG-26355]
Action.c(379): t=115781ms: 327-byte response headers for "http://localhost:1080/cgi-bin/welcome.pl?signOff=1" (RelFrameId=1, Internal ID=44)
Action.c(379):     HTTP/1.1 200 OK\r\n
Action.c(379):     Date: Sat, 26 Sep 2020 17:17:34 GMT\r\n
Action.c(379):     Server: Apache/2.2.21 (Win32)\r\n
Action.c(379):     Set-Cookie: MSO=SID&1601140654; path=/\r\n
Action.c(379):     Set-Cookie: MTUserInfo=; path=/; expires=Fri, 25-Sep-2020 17:17:34 GMT\r\n
Action.c(379):     Keep-Alive: timeout=5, max=99\r\n
Action.c(379):     Connection: Keep-Alive\r\n
Action.c(379):     Transfer-Encoding: chunked\r\n
Action.c(379):     Content-Type: text/html; charset=ISO-8859-1\r\n
Action.c(379):     \r\n
Action.c(379): t=115782ms: 5-byte chunked response overhead for "http://localhost:1080/cgi-bin/welcome.pl?signOff=1" (RelFrameId=1, Internal ID=44)
Action.c(379):     2ae\r\n
Action.c(379): t=115782ms: 2-byte chunked response overhead for "http://localhost:1080/cgi-bin/welcome.pl?signOff=1" (RelFrameId=1, Internal ID=44)
Action.c(379):     \r\n
Action.c(379): t=115782ms: 686-byte chunked response body for "http://localhost:1080/cgi-bin/welcome.pl?signOff=1" (RelFrameId=1, Internal ID=44)
Action.c(379):     <!-- \n
Action.c(379):      A Session ID has been created and loaded into a cookie called MSO.\n
Action.c(379):      Also, the server options have been loaded into the cookie called\n
Action.c(379):      MSO as well.  The server options can be set via the Admin page.\n
Action.c(379):      --->\n
Action.c(379):     \n
Action.c(379):     <html>\n
Action.c(379):     <title>Web Tours</title>\n
Action.c(379):        <!-- Frame Set -->\n
Action.c(379):        <frameset cols="160,*" border="1" frameborder="1">\n
Action.c(379):           <!-- Navigation Frame -->\n
Action.c(379):           <frame src="nav.pl?in=home" name="navbar" marginheight="2" marginwidth="2" \n
Action.c(379):                 noresize="noresize" scrolling="auto"/>\n
Action.c(379):           <!-- Home Frame -->\n
Action.c(379):           <frame src="/WebTours/home.html" name="info" marginheight="2" marginwidth="2" \n
Action.c(379):                 noresize="noresize" scrolling="auto"/>\n
Action.c(379):        </frameset>\n
Action.c(379):     </html>\n
Action.c(379):     \n
Action.c(379):     </body>\n
Action.c(379):     </html>
Action.c(379): Detected non-resource "http://localhost:1080/cgi-bin/nav.pl?in=home" in "http://localhost:1080/cgi-bin/welcome.pl?signOff=1"  	[MsgId: MMSG-26574]
Action.c(379): Detected non-resource "http://localhost:1080/WebTours/home.html" in "http://localhost:1080/cgi-bin/welcome.pl?signOff=1"  	[MsgId: MMSG-26574]
Action.c(379): Retrieving data from cache for "http://localhost:1080/WebTours/home.html"  	[MsgId: MMSG-26558]
Action.c(379): t=115782ms: 1361-byte response body retrieved from cache for "http://localhost:1080/WebTours/home.html" (RelFrameId=1.2, Internal ID=46)
Action.c(379):     <HTML>\n
Action.c(379):     <HEAD>\n
Action.c(379):     \t<title>Web Tours</title>\n
Action.c(379):     </HEAD>\n
Action.c(379):     <style>\n
Action.c(379):     \tblockquote {font-family: tahoma; font-size : 10pt}\n
Action.c(379):     \tH1 {font-family: tahoma; font-size : 22pt; color: #003366}\n
Action.c(379):     \tsmall {font-family: tahoma; font-size : 8pt}\n
Action.c(379):     \tH3{font-family: tahoma; font-size : 10pt; color: black}\n
Action.c(379):     \tA {FONT-WEIGHT: bold; FONT-SIZE: 10pt; COLOR: black; FONT-FAMILY: Tahoma; TEXT-DECORATIO
Action.c(379):     N: none}\n
Action.c(379):     \tA:hover{ FONT-WEIGHT: bold; FONT-SIZE: 10pt; COLOR: #993333; FONT-FAMILY: Tahoma;TEXT-DE
Action.c(379):     CORATION: underline}\n
Action.c(379):     \tTD {font-family: tahoma; font-size : 10pt; color: black}\n
Action.c(379):     </style>\n
Action.c(379):     <body bgcolor="#e0e7f1">\n
Action.c(379):     <BR/>\n
Action.c(379):     <BR/>\n
Action.c(379):     <BR/>\n
Action.c(379):     <br/>\n
Action.c(379):     <table border="0">\n
Action.c(379):     <tr><td></td></tr>\n
Action.c(379):     <TR><TD></TD></TR>\n
Action.c(379):     <TR><TD>\n
Action.c(379):     <blockquote>\n
Action.c(379):     <H1><b>Web Tours</b></H1>\n
Action.c(379):     Welcome to the Web Tours site.\n
Action.c(379):     <br/>\n
Action.c(379):     To make reservations,please enter your account information to the left.\n
Action.c(379):     <br/>\n
Action.c(379):     If you haven't registered yet, <A href="/cgi-bin/login.pl?username=&amp;password=&amp;getI
Action.c(379):     nfo=true" ><B>sign up now</B></A> to get access to all our resources.\n
Action.c(379):     <br/>\n
Action.c(379):     To configure the server options, use <A href="/cgi-bin/admin.pl" target="body" ><b>adminis
Action.c(379):     tration</b></A> link.\n
Action.c(379):     <br/><br/><br/><br/><br/><br/>\n
Action.c(379):     <br/><small>\n
Action.c(379):     This product uses parts of the SMT Kernel, Copyright (c) 1991-99 <A href="http://www.imati
Action.c(379):     x.com" target="new"><B><small>iMatix Corporation</small></B></A> \n
Action.c(379):     </small>\n
Action.c(379):     </blockquote></TD>\n
Action.c(379):     <TD></TD></TR>\n
Action.c(379):     </table>\n
Action.c(379):     </body>\n
Action.c(379):     </HTML>\n
Action.c(379): t=115784ms: 5-byte chunked response overhead for "http://localhost:1080/cgi-bin/welcome.pl?signOff=1" (RelFrameId=1, Internal ID=44)
Action.c(379):     0\r\n
Action.c(379):     \r\n
Action.c(379): t=115819ms: 256-byte response headers for "http://localhost:1080/cgi-bin/nav.pl?in=home" (RelFrameId=1.1, Internal ID=45)
Action.c(379):     HTTP/1.1 200 OK\r\n
Action.c(379):     Date: Sat, 26 Sep 2020 17:17:34 GMT\r\n
Action.c(379):     Server: Apache/2.2.21 (Win32)\r\n
Action.c(379):     Expires: Fri, 25 Sep 2020 17:17:34 GMT\r\n
Action.c(379):     Keep-Alive: timeout=5, max=100\r\n
Action.c(379):     Connection: Keep-Alive\r\n
Action.c(379):     Transfer-Encoding: chunked\r\n
Action.c(379):     Content-Type: text/html; charset=ISO-8859-1\r\n
Action.c(379):     \r\n
Action.c(379): t=115819ms: 5-byte chunked response overhead for "http://localhost:1080/cgi-bin/nav.pl?in=home" (RelFrameId=1.1, Internal ID=45)
Action.c(379):     5d1\r\n
Action.c(379): t=115820ms: 2-byte chunked response overhead for "http://localhost:1080/cgi-bin/nav.pl?in=home" (RelFrameId=1.1, Internal ID=45)
Action.c(379):     \r\n
Action.c(379): t=115820ms: 1489-byte chunked response body for "http://localhost:1080/cgi-bin/nav.pl?in=home" (RelFrameId=1.1, Internal ID=45)
Action.c(379):     <!DOCTYPE html\n
Action.c(379):     \tPUBLIC "-//W3C//DTD XHTML 1.0 Transitional//EN"\n
Action.c(379):     \t "http://www.w3.org/TR/xhtml1/DTD/xhtml1-transitional.dtd">\n
Action.c(379):     <html xmlns="http://www.w3.org/1999/xhtml" lang="en-US" xml:lang="en-US">\n
Action.c(379):     <head>\n
Action.c(379):     <title>Web Tours Navigation Bar</title>\n
Action.c(379):     <meta http-equiv="Content-Type" content="text/html; charset=iso-8859-1" />\n
Action.c(379):     </head>\n
Action.c(379):     <body bgcolor="#E0E7F1">\n
Action.c(379):     <style>\n
Action.c(379):     blockquote {font-family: tahoma; font-size : 10pt}\n
Action.c(379):     H1 {font-family: tahoma; font-size : 22pt; color: #993333}\n
Action.c(379):     H3 {font-family: tahoma; font-size : 10pt; color: black}\n
Action.c(379):     small {font-family: tahoma; font-size : 8pt}\n
Action.c(379):     </style>\n
Action.c(379):     <form method="post" action="/cgi-bin/login.pl" target="body">\n
Action.c(379):     <input type="hidden" name="userSession" value="129699.526447955zzHVtVQpDQVzzzzHtAAcipfVzDf
Action.c(379):     "/>\n
Action.c(379):     <table border="0"><tr><td>&nbsp;</td>\n
Action.c(379):     <td>&nbsp;</td></tr>\n
Action.c(379):     <tr><td>&nbsp;</td>\n
Action.c(379):     <td>&nbsp;</td></tr>\n
Action.c(379):     <tr><td>&nbsp;</td>\n
Action.c(379):     <td><small>&nbsp;Username</small></td></tr>\n
Action.c(379):     <tr><td>&nbsp;</td>\n
Action.c(379):     <td><input type="text" name="username" value="" size="14" maxlength="14"/></td></tr>\n
Action.c(379):     <tr><td>&nbsp;</td>\n
Action.c(379):     <td><small>&nbsp;Password</small></td>\n
Action.c(379):     <tr><td>&nbsp;</td>\n
Action.c(379):     <td><input type="password" name="password" value="" size="14" maxlength="14"/></td></tr>\n
Action.c(379):     <tr><td>&nbsp;</td>\n
Action.c(379):     <td>&nbsp;</td></tr>\n
Action.c(379):     <tr><td>&nbsp;</td>\n
Action.c(379):     <td><input type="image" name="login" value="Login" alt="Login" border="1" \n
Action.c(379):     src="/WebTours/images/mer_login.gif"/></td></tr>\n
Action.c(379):     <tr><td>&nbsp;</td><td>&nbsp;</td></tr>\n
Action.c(379):     </table><input type="hidden" name="JSFormSubmit" value="off"/>\n
Action.c(379):     </form>\n
Action.c(379):     \n
Action.c(379):     </body>\n
Action.c(379):     </html>\n
Action.c(379): Resource "http://localhost:1080/WebTours/images/mer_login.gif" is in the cache already and will not be downloaded again  	[MsgId: MMSG-26655]
Action.c(379): t=115822ms: 5-byte chunked response overhead for "http://localhost:1080/cgi-bin/nav.pl?in=home" (RelFrameId=1.1, Internal ID=45)
Action.c(379):     0\r\n
Action.c(379):     \r\n
Action.c(379): Registered web_reg_find successful for "Text= A Session ID has been created and loaded into a cookie called MSO" (count=1)  	[MsgId: MMSG-26364]
Action.c(379): web_url("SignOff Button") was successful, 2175 body bytes, 583 header bytes, 24 chunking overhead bytes  	[MsgId: MMSG-26385]
Action.c(389): Notify: Transaction "click_sign_off" ended with a "Pass" status (Duration: 5,0782 Think Time: 5,0007 Wasted Time: 0,0000).	[MsgId: MMSG-16870]
Action.c(391): Notify: Transaction "05_CancelFlight" ended with a "Pass" status (Duration: 40,7597 Think Time: 40,0017 Wasted Time: 0,0047).	[MsgId: MMSG-16870]
Ending action Action.	[MsgId: MMSG-15918]
Action was aborted.	[MsgId: MMSG-10694]
Ending Vuser...	[MsgId: MMSG-15966]
Starting action vuser_end.	[MsgId: MMSG-15919]
Ending action vuser_end.	[MsgId: MMSG-15918]
Vuser Terminated.	[MsgId: MMSG-15963]
Vuser 1 (thread 7800), ended OK."	[MsgId: MMSG-10695]
