Action.c(293):           <li><i>Shawn  Wilkinson\n
Action.c(293):           <li><i></i>\n
Action.c(293):           </td></tr></table></center>\n
Action.c(293):       </TD>\n
Action.c(293):       <TD width="5%" >.<br/>.<br/>.<br/>.</TD>\n
Action.c(293):       <TD width="45%" valign=top><b>Invoice sent to:</b><br/>\n
Action.c(293):           <center>\n
Action.c(293):           <Table width="80%" cellspacing="0" > <tr> <td>\n
Action.c(293):               Shawn  Wilkinson\n
Action.c(293):     <br/>\n
Action.c(293):               Tikhomirov Street<br/>\n
Action.c(293):               Moscow<br/>\n
Action.c(293):               <br/>\n
Action.c(293):               Total Charge: $ 71 <BR/> (CC: x-3599)\n
Action.c(293):           </td> </tr> </table>\n
Action.c(293):           </center>\n
Action.c(293):       </TD>\n
Action.c(293):     </TR>\n
Action.c(293):     <TR bgcolor="#EFF2F7">\n
Action.c(293):       <TD COLSPAN="3">\n
Action.c(293):       <b>Flight Details:</b><BR/>  <center>\n
Action.c(293):       09/26/2020\n
Action.c(293):      :  11pm : Flight 363 leaves Los Angeles  for San Francisco.<br>  </center>\n
Action.c(293):       </TD>\n
Action.c(293):     </TR>\n
Action.c(293):     \n
Action.c(293):     <TR bgcolor="#EFF2F7">\n
Action.c(293):       <TD COLSPAN="4">\n
Action.c(293):       <hr/>\n
Action.c(293):       </TD>\n
Action.c(293):     </TR>\n
Action.c(293):     \n
Action.c(293):     <!-- Flight #1 -->\n
Action.c(293):     <TR bgcolor="#EFF2F7">\n
Action.c(293):       <TD width="5%" rowspan="2" align="left" valign="top">\n
Action.c(293):     <b>\n
Action.c(293):     <label><input type="checkbox" name="41" value="on" /></label></font></b>\n
Action.c(293):     <input type="hidden" name="flightID" value="133309707-31546-SW"  />\n
Action.c(293):       </TD>\n
Action.c(293):       <TD width="45%" valign="top">\n
Action.c(293):           <b>&nbsp;&nbsp;A First class ticket for :</b><br/>\n
Action.c(293):           <center><table border="0" width="85%"><tr><td>\n
Action.c(293):           <li><i>Shawn  Wilkinson\n
Action.c(293):           <li><i></i>\n
Action.c(293):           </td></tr></table></center>\n
Action.c(293):       </TD>\n
Action.c(293):       <TD width="5%" >.<br/>.<br/>.<br/>.</TD>\n
Action.c(293):       <TD width="45%" valign=top><b>Invoice sent to:</b><br/>\n
Action.c(293):           <center>\n
Action.c(293):           <Table width="80%" cellspacing="0" > <tr> <td>\n
Action.c(293):               Shawn  Wilkinson\n
Action.c(293):     <br/>\n
Action.c(293):               Tikhomirov Street<br/>\n
Action.c(293):               Moscow<br/>\n
Action.c(293):               <br/>\n
Action.c(293):               Total Charge: $ 107 <BR/> (CC: x-3599)\n
Action.c(293):           </td> </tr> </table>\n
Action.c(293):           </center>\n
Action.c(293):       </TD>\n
Action.c(293):     </TR>\n
Action.c(293):     <TR bgcolor="#EFF2F7">\n
Action.c(293):       <TD COLSPAN="3">\n
Action.c(293):       <b>Flight Details:</b><BR/>  <center>\n
Action.c(293):       09/26/2020\n
Action.c(293):      :  5pm : Flight 362 leaves Los Angeles  for San Francisco.<br>  </center>\n
Action.c(293):       </TD>\n
Action.c(293):     </TR>\n
Action.c(293):     \n
Action.c(293):     <TR bgcolor="#EFF2F7">\n
Action.c(293):       <TD COLSPAN="4">\n
Action.c(293):       <hr/>\n
Action.c(293):       </TD>\n
Action.c(293):     </TR>\n
Action.c(293):     \n
Action.c(293):     <!-- Flight #1 -->\n
Action.c(293):     <TR bgcolor="#EFF2F7">\n
Action.c(293):       <TD width="5%" rowspan="2" align="left" valign="top">\n
Action.c(293):     <b>\n
Action.c(293):     <label><input type="checkbox" name="42" value="on" /></label></font></b>\n
Action.c(293):     <input type="hidden" name="flightID" value="13330972-3235-SW"  />\n
Action.c(293):       </TD>\n
Action.c(293):       <TD width="45%" valign="top">\n
Action.c(293):           <b>&nbsp;&nbsp;A Coach class ticket for :</b><br/>\n
Action.c(293):           <center><table border="0" width="85%"><tr><td>\n
Action.c(293):           <li><i>Shawn  Wilkinson\n
Action.c(293):           <li><i></i>\n
Action.c(293):           </td></tr></table></center>\n
Action.c(293):       </TD>\n
Action.c(293):       <TD width="5%" >.<br/>.<br/>.<br/>.</TD>\n
Action.c(293):       <TD width="45%" valign=top><b>Invoice sent to:</b><br/>\n
Action.c(293):           <center>\n
Action.c(293):           <Table width="80%" cellspacing="0" > <tr> <td>\n
Action.c(293):               Shawn  Wilkinson\n
Action.c(293):     <br/>\n
Action.c(293):               Tikhomirov Street<br/>\n
Action.c(293):               Moscow<br/>\n
Action.c(293):               <br/>\n
Action.c(293):               Total Charge: $ 57 <BR/> (CC: x-3599)\n
Action.c(293):           </td> </tr> </table>\n
Action.c(293):           </center>\n
Action.c(293):       </TD>\n
Action.c(293):     </TR>\n
Action.c(293):     <TR bgcolor="#EFF2F7">\n
Action.c(293):       <TD COLSPAN="3">\n
Action.c(293):       <b>Flight Details:</b><BR/>  <center>\n
Action.c(293):       09/26/2020\n
Action.c(293):      :  5pm : Flight 362 leaves Los Angeles  for San Francisco.<br>  </center>\n
Action.c(293):       </TD>\n
Action.c(293):     </TR>\n
Action.c(293):     \n
Action.c(293):     <TR bgcolor="#EFF2F7">\n
Action.c(293):       <TD COLSPAN="4">\n
Action.c(293):       <hr/>\n
Action.c(293):       </TD>\n
Action.c(293):     </TR>\n
Action.c(293):     \n
Action.c(293):     <!-- Flight #1 -->\n
Action.c(293):     <TR bgcolor="#EFF2F7">\n
Action.c(293):       <TD width="5%" rowspan="2" align="left" valign="top">\n
Action.c(293):     <b>\n
Action.c(293):     <label><input type="checkbox" name="43" value="on" /></label></font></b>\n
Action.c(293):     <input type="hidden" name="flightID" value="133310802-33128-SW"  />\n
Action.c(293):       </TD>\n
Action.c(293):       <TD width="45%" valign="top">\n
Action.c(293):           <b>&nbsp;&nbsp;A First class ticket for :</b><br/>\n
Action.c(293):           <center><table border="0" width="85%"><tr><td>\n
Action.c(293):           <li><i>Shawn  Wilkinson\n
Action.c(293):           <li><i></i>\n
Action.c(293):           </td></tr></table></center>\n
Action.c(293):       </TD>\n
Action.c(293):       <TD width="5%" >.<br/>.<br/>.<br/>.</TD>\n
Action.c(293):       <TD width="45%" valign=top><b>Invoice sent to:</b><br/>\n
Action.c(293):           <center>\n
Action.c(293):           <Table width="80%" cellspacing="0" > <tr> <td>\n
Action.c(293):               Shawn  Wilkinson\n
Action.c(293):     <br/>\n
Action.c(293):               Tikhomirov Street<br/>\n
Action.c(293):               Moscow<br/>\n
Action.c(293):               <br/>\n
Action.c(293):               Total Charge: $ 670 <BR/> (CC: x-3599)\n
Action.c(293):           </td> </tr> </table>\n
Action.c(293):           </center>\n
Action.c(293):       </TD>\n
Action.c(293):     </TR>\n
Action.c(293):     <TR bgcolor="#EFF2F7">\n
Action.c(293):       <TD COLSPAN="3">\n
Action.c(293):       <b>Flight Details:</b><BR/>  <center>\n
Action.c(293):       09/26/2020\n
Action.c(293):      :  1pm : Flight 391 leaves Los Angeles  for Zurich.<br>  </center>\n
Action.c(293):       </TD>\n
Action.c(293):     </TR>\n
Action.c(293):     \n
Action.c(293):     <TR bgcolor="#EFF2F7">\n
Action.c(293):       <TD COLSPAN="4">\n
Action.c(293):       <hr/>\n
Action.c(293):       </TD>\n
Action.c(293):     </TR>\n
Action.c(293):     \n
Action.c(293):     <!-- Flight #1 -->\n
Action.c(293):     <TR bgcolor="#EFF2F7">\n
Action.c(293):       <TD width="5%" rowspan="2" align="left" valign="top">\n
Action.c(293):     <b>\n
Action.c(293):     <label><input type="checkbox" name="44" value="on" /></label></font></b>\n
Action.c(293):     <input type="hidden" name="flightID" value="133311522-33854-SW"  />\n
Action.c(293):       </TD>\n
Action.c(293):       <TD width="45%" valign="top">\n
Action.c(293):           <b>&nbsp;&nbsp;A Coach class ticket for :</b><br/>\n
Action.c(293):           <center>
Action.c(293): Notify: Saving Parameter "flight_id_part_34 = 133304915".	[MsgId: MMSG-13798]
Action.c(293): Notify: Saving Parameter "flight_id_part_35 = 13330976".	[MsgId: MMSG-13798]
Action.c(293): Notify: Saving Parameter "flight_id_part_36 = 133309633".	[MsgId: MMSG-13798]
Action.c(293): Notify: Saving Parameter "flight_id_part_37 = 133309633".	[MsgId: MMSG-13798]
Action.c(293): Notify: Saving Parameter "flight_id_part_38 = 13330966".	[MsgId: MMSG-13798]
Action.c(293): Notify: Saving Parameter "flight_id_part_39 = 13330975".	[MsgId: MMSG-13798]
Action.c(293): Notify: Saving Parameter "flight_id_part_40 = 13330976".	[MsgId: MMSG-13798]
Action.c(293): Notify: Saving Parameter "flight_id_part_41 = 133309707".	[MsgId: MMSG-13798]
Action.c(293): Notify: Saving Parameter "flight_id_part_42 = 13330972".	[MsgId: MMSG-13798]
Action.c(293): Notify: Saving Parameter "flight_id_part_43 = 133310802".	[MsgId: MMSG-13798]
Action.c(293): Notify: Saving Parameter "flight_id_part_44 = 133311522".	[MsgId: MMSG-13798]
Action.c(293): t=230658ms: 8-byte chunked response overhead for "http://localhost:1080/cgi-bin/itinerary.pl" (RelFrameId=1.2, Internal ID=98)
Action.c(293):     \r\n
Action.c(293):     1000\r\n
Action.c(293): t=230658ms: 7-byte chunked response overhead for "http://localhost:1080/cgi-bin/itinerary.pl" (RelFrameId=1.2, Internal ID=98)
Action.c(293):     \r\n
Action.c(293):     6b4\r\n
Action.c(293): t=230658ms: 7-byte chunked response overhead for "http://localhost:1080/cgi-bin/itinerary.pl" (RelFrameId=1.2, Internal ID=98)
Action.c(293):     \r\n
Action.c(293):     0\r\n
Action.c(293):     \r\n
Action.c(293): t=230658ms: 5885-byte chunked response body for "http://localhost:1080/cgi-bin/itinerary.pl" (RelFrameId=1.2, Internal ID=98)
Action.c(293):     <table border="0" width="85%"><tr><td>\n
Action.c(293):           <li><i>Shawn  Wilkinson\n
Action.c(293):           <li><i></i>\n
Action.c(293):           </td></tr></table></center>\n
Action.c(293):       </TD>\n
Action.c(293):       <TD width="5%" >.<br/>.<br/>.<br/>.</TD>\n
Action.c(293):       <TD width="45%" valign=top><b>Invoice sent to:</b><br/>\n
Action.c(293):           <center>\n
Action.c(293):           <Table width="80%" cellspacing="0" > <tr> <td>\n
Action.c(293):               Shawn  Wilkinson\n
Action.c(293):     <br/>\n
Action.c(293):               Tikhomirov Street<br/>\n
Action.c(293):               Moscow<br/>\n
Action.c(293):               <br/>\n
Action.c(293):               Total Charge: $ 114 <BR/> (CC: x-3599)\n
Action.c(293):           </td> </tr> </table>\n
Action.c(293):           </center>\n
Action.c(293):       </TD>\n
Action.c(293):     </TR>\n
Action.c(293):     <TR bgcolor="#EFF2F7">\n
Action.c(293):       <TD COLSPAN="3">\n
Action.c(293):       <b>Flight Details:</b><BR/>  <center>\n
Action.c(293):       09/26/2020\n
Action.c(293):      :  1pm : Flight 411 leaves Paris  for Frankfurt.<br>  </center>\n
Action.c(293):       </TD>\n
Action.c(293):     </TR>\n
Action.c(293):     \n
Action.c(293):     <TR bgcolor="#EFF2F7">\n
Action.c(293):       <TD COLSPAN="4">\n
Action.c(293):       <hr/>\n
Action.c(293):       </TD>\n
Action.c(293):     </TR>\n
Action.c(293):     \n
Action.c(293):     <!-- Flight #1 -->\n
Action.c(293):     <TR bgcolor="#EFF2F7">\n
Action.c(293):       <TD width="5%" rowspan="2" align="left" valign="top">\n
Action.c(293):     <b>\n
Action.c(293):     <label><input type="checkbox" name="45" value="on" /></label></font></b>\n
Action.c(293):     <input type="hidden" name="flightID" value="133311969-34628-SW"  />\n
Action.c(293):       </TD>\n
Action.c(293):       <TD width="45%" valign="top">\n
Action.c(293):           <b>&nbsp;&nbsp;A First class ticket for :</b><br/>\n
Action.c(293):           <center><table border="0" width="85%"><tr><td>\n
Action.c(293):           <li><i>Shawn  Wilkinson\n
Action.c(293):           <li><i></i>\n
Action.c(293):           </td></tr></table></center>\n
Action.c(293):       </TD>\n
Action.c(293):       <TD width="5%" >.<br/>.<br/>.<br/>.</TD>\n
Action.c(293):       <TD width="45%" valign=top><b>Invoice sent to:</b><br/>\n
Action.c(293):           <center>\n
Action.c(293):           <Table width="80%" cellspacing="0" > <tr> <td>\n
Action.c(293):               Shawn  Wilkinson\n
Action.c(293):     <br/>\n
Action.c(293):               Tikhomirov Street<br/>\n
Action.c(293):               Moscow<br/>\n
Action.c(293):               <br/>\n
Action.c(293):               Total Charge: $ 167 <BR/> (CC: x-3599)\n
Action.c(293):           </td> </tr> </table>\n
Action.c(293):           </center>\n
Action.c(293):       </TD>\n
Action.c(293):     </TR>\n
Action.c(293):     <TR bgcolor="#EFF2F7">\n
Action.c(293):       <TD COLSPAN="3">\n
Action.c(293):       <b>Flight Details:</b><BR/>  <center>\n
Action.c(293):       09/26/2020\n
Action.c(293):      :  11pm : Flight 423 leaves Paris  for London.<br>  </center>\n
Action.c(293):       </TD>\n
Action.c(293):     </TR>\n
Action.c(293):     \n
Action.c(293):     <TR bgcolor="#EFF2F7">\n
Action.c(293):       <TD COLSPAN="4">\n
Action.c(293):       <hr/>\n
Action.c(293):       </TD>\n
Action.c(293):     </TR>\n
Action.c(293):     \n
Action.c(293):     <!-- Flight #1 -->\n
Action.c(293):     <TR bgcolor="#EFF2F7">\n
Action.c(293):       <TD width="5%" rowspan="2" align="left" valign="top">\n
Action.c(293):     <b>\n
Action.c(293):     <label><input type="checkbox" name="46" value="on" /></label></font></b>\n
Action.c(293):     <input type="hidden" name="flightID" value="133297526-35400-SW"  />\n
Action.c(293):       </TD>\n
Action.c(293):       <TD width="45%" valign="top">\n
Action.c(293):           <b>&nbsp;&nbsp;A Coach class ticket for :</b><br/>\n
Action.c(293):           <center><table border="0" width="85%"><tr><td>\n
Action.c(293):           <li><i>Shawn  Wilkinson\n
Action.c(293):           <li><i></i>\n
Action.c(293):           </td></tr></table></center>\n
Action.c(293):       </TD>\n
Action.c(293):       <TD width="5%" >.<br/>.<br/>.<br/>.</TD>\n
Action.c(293):       <TD width="45%" valign=top><b>Invoice sent to:</b><br/>\n
Action.c(293):           <center>\n
Action.c(293):           <Table width="80%" cellspacing="0" > <tr> <td>\n
Action.c(293):               Shawn  Wilkinson\n
Action.c(293):     <br/>\n
Action.c(293):               Tikhomirov Street<br/>\n
Action.c(293):               Moscow<br/>\n
Action.c(293):               <br/>\n
Action.c(293):               Total Charge: $ 206 <BR/> (CC: x-3599)\n
Action.c(293):           </td> </tr> </table>\n
Action.c(293):           </center>\n
Action.c(293):       </TD>\n
Action.c(293):     </TR>\n
Action.c(293):     <TR bgcolor="#EFF2F7">\n
Action.c(293):       <TD COLSPAN="3">\n
Action.c(293):       <b>Flight Details:</b><BR/>  <center>\n
Action.c(293):       09/26/2020\n
Action.c(293):      :  11pm : Flight 033 leaves Denver  for Los Angeles.<br>  </center>\n
Action.c(293):       </TD>\n
Action.c(293):     </TR>\n
Action.c(293):     \n
Action.c(293):     <TR bgcolor="#EFF2F7">\n
Action.c(293):       <TD COLSPAN="4">\n
Action.c(293):       <hr/>\n
Action.c(293):       </TD>\n
Action.c(293):     </TR>\n
Action.c(293):     <TR>\n
Action.c(293):        <TD align="center" COLSPAN="4">\n
Action.c(293):        <b>A total of 46 scheduled flights.</font></b>\n
Action.c(293):        </TD>\n
Action.c(293):     </TR>\n
Action.c(293):     </TABLE>\n
Action.c(293):     \n
Action.c(293):     <TABLE WIDTH="87%" BORDER="0" CELLSPACING="0">\n
Action.c(293):     <TR>\n
Action.c(293):     <TD align="left" width="50%" >\n
Action.c(293):     <input type="image" name="removeFlights" src="/WebTours/images/cancelreservation.gif" bord
Action.c(293):     er="0" /></TD>\n
Action.c(293):     <TD align="right" width="50%" >\n
Action.c(293):     <input type="image" name="removeAllFlights" src="/WebTours/images/cancelallreservations.gi
Action.c(293):     f" border="0" /></TD>\n
Action.c(293):     </TABLE>\n
Action.c(293):     \n
Action.c(293):     <div><input type="hidden" name=".cgifields" value="33"  /><input type="hidden" name=".cgif
Action.c(293):     ields" value="32"  /><input type="hidden" name=".cgifields" value="21"  /><input type="hid
Action.c(293):     den" name=".cgifields" value="7"  /><input type="hidden" name=".cgifields" value="26"  /><
Action.c(293):     input type="hidden" name=".cgifields" value="17"  /><input type="hidden" name=".cgifields"
Action.c(293):      value="2"  /><input type="hidden" name=".cgifields" value="1"  /><input type="hidden" nam
Action.c(293):     e=".cgifields" value="18"  /><input type="hidden" name=".cgifields" value="30"  /><input t
Action.c(293):     ype="hidden" name=".cgifields" value="16"  /><input type="hidden" name=".cgifields" value=
Action.c(293):     "44"  /><input type="hidden" name=".cgifields" value="27"  /><input type="hidden" name=".c
Action.c(293):     gifields" value="25"  /><input type="hidden" name=".cgifields" value="28"  /><input type="
Action.c(293):     hidden" name=".cgifields" value="40"  /><input type="hidden" name=".cgifields" value="20" 
Action.c(293):      /><input type="hidden" name=".cgifields" value="14"  /><input type="hidden" name=".cgifie
Action.c(293):     lds" value="24"  /><input type="hidden" name=".cgifields" value="10"  /><input type="hidde
Action.c(293):     n" name=".cgifields" value="31"  /><input type="hidden" name=".cgifields" value="35"  /><i
Action.c(293):     nput type="hidden" name=".cgifields" value="11"  /><input type="hidden" name=".cgifields" 
Action.c(293):     value="42"  /><input type="hidden" name=".cgifields" value="22"  /><input type="hidden" na
Action.c(293):     me=".cgifields" value="46"  /><input type="hidden" name=".cgifields" value="13"  /><input 
Action.c(293):     type="hidden" name=".cgifields" value="23"  /><input type="hidden" name=".cgifields" value
Action.c(293):     ="29"  /><input type="hidden" name=".cgifields" value="6"  /><input type="hidden" name=".c
Action.c(293):     gifields" value="39"  /><input type="hidden" name=".cgifields" value="36"  /><input type="
Action.c(293):     hidden" name=".cgifields" value="3"  /><input type="hidden" name=".cgifields" value="9"  /
Action.c(293):     ><input type="hidden" name=".cgifields" value="41"  /><input type="hidden" name=".cgifield
Action.c(293):     s" value="12"  /><input type="hidden" name=".cgifields" value="15"  /><input type="hidden"
Action.c(293):      name=".cgifields" value="38"  /><input type="hidden" name=".cgifields" value="8"  /><inpu
Action.c(293):     t type="hidden" name=".cgifields" value="4"  /><input type="hidden" name=".cgifields" valu
Action.c(293):     e="34"  /><input type="hidden" name=".cgifields" value="45"  /><input type="hidden" name="
Action.c(293):     .cgifields" value="37"  /><input type="hidden" name=".cgifields" value="43"  /><input type
Action.c(293):     ="hidden" name=".cgifields" value="19"  /><input type="hidden" name=".cgifields" value="5"
Action.c(293):       /></div></form>\n
Action.c(293):     \n
Action.c(293):     </center>\n
Action.c(293):     \n
Action.c(293):     </body>\n
Action.c(293):     </html>
Action.c(293): Notify: Saving Parameter "flight_id_part_45 = 133311969".	[MsgId: MMSG-13798]
Action.c(293): Notify: Saving Parameter "flight_id_part_46 = 133297526".	[MsgId: MMSG-13798]
Action.c(293): Found resource "http://localhost:1080/WebTours/images/cancelreservation.gif" in HTML "http://localhost:1080/cgi-bin/itinerary.pl"  	[MsgId: MMSG-26659]
Action.c(293): Found resource "http://localhost:1080/WebTours/images/cancelallreservations.gif" in HTML "http://localhost:1080/cgi-bin/itinerary.pl"  	[MsgId: MMSG-26659]
Action.c(293): t=230661ms: 299-byte response headers for "http://localhost:1080/WebTours/images/cancelreservation.gif" (RelFrameId=, Internal ID=100)
Action.c(293):     HTTP/1.1 200 OK\r\n
Action.c(293):     Date: Sat, 26 Sep 2020 14:15:38 GMT\r\n
Action.c(293):     Server: Apache/2.2.21 (Win32)\r\n
Action.c(293):     Last-Modified: Thu, 12 Jan 2012 13:30:27 GMT\r\n
Action.c(293):     ETag: "27f00000005a2bd-33f-4b654c052c2c0"\r\n
Action.c(293):     Accept-Ranges: bytes\r\n
Action.c(293):     Content-Length: 831\r\n
Action.c(293):     Keep-Alive: timeout=5, max=95\r\n
Action.c(293):     Connection: Keep-Alive\r\n
Action.c(293):     Content-Type: image/gif\r\n
Action.c(293):     \r\n
Action.c(293): t=230662ms: 831-byte response body for "http://localhost:1080/WebTours/images/cancelreservation.gif" (RelFrameId=, Internal ID=100)
Action.c(293): t=230664ms: 298-byte response headers for "http://localhost:1080/WebTours/images/cancelallreservations.gif" (RelFrameId=, Internal ID=101)
Action.c(293):     HTTP/1.1 200 OK\r\n
Action.c(293):     Date: Sat, 26 Sep 2020 14:15:38 GMT\r\n
Action.c(293):     Server: Apache/2.2.21 (Win32)\r\n
Action.c(293):     Last-Modified: Thu, 12 Jan 2012 13:30:27 GMT\r\n
Action.c(293):     ETag: "2800000005a2b7-2e6-4b654c052c2c0"\r\n
Action.c(293):     Accept-Ranges: bytes\r\n
Action.c(293):     Content-Length: 742\r\n
Action.c(293):     Keep-Alive: timeout=5, max=99\r\n
Action.c(293):     Connection: Keep-Alive\r\n
Action.c(293):     Content-Type: image/gif\r\n
Action.c(293):     \r\n
Action.c(293): t=230664ms: 742-byte response body for "http://localhost:1080/WebTours/images/cancelallreservations.gif" (RelFrameId=, Internal ID=101)
Action.c(293): Registered web_reg_find successful for "Text=09/26/2020
 :  11pm : Flight 033 leaves Denver  for Los Angeles" (count=1)  	[MsgId: MMSG-26364]
Action.c(293): Notify: Saving Parameter "flight_id_part_count = 46".	[MsgId: MMSG-13798]
Action.c(293): web_url("Itinerary Button") was successful, 59219 body bytes, 1621 header bytes, 139 chunking overhead bytes  	[MsgId: MMSG-26385]
Action.c(303): Notify: Parameter Substitution: parameter "flight_id_part_count" =  "46"	[MsgId: MMSG-13992]
Action.c(305): Notify: Parameter Substitution: parameter "flight_id_part_1" =  "13330973"	[MsgId: MMSG-13992]
Action.c(305): Notify: Parameter Substitution: parameter "flight_id_part_1" =  "13330973"	[MsgId: MMSG-13992]
Action.c(303): Notify: Parameter Substitution: parameter "flight_id_part_count" =  "46"	[MsgId: MMSG-13992]
Action.c(305): Notify: Parameter Substitution: parameter "flight_id_part_2" =  "133307117"	[MsgId: MMSG-13992]
Action.c(305): Notify: Parameter Substitution: parameter "flight_id_part_1" =  "13330973"	[MsgId: MMSG-13992]
Action.c(303): Notify: Parameter Substitution: parameter "flight_id_part_count" =  "46"	[MsgId: MMSG-13992]
Action.c(305): Notify: Parameter Substitution: parameter "flight_id_part_3" =  "133297869"	[MsgId: MMSG-13992]
Action.c(305): Notify: Parameter Substitution: parameter "flight_id_part_1" =  "13330973"	[MsgId: MMSG-13992]
Action.c(303): Notify: Parameter Substitution: parameter "flight_id_part_count" =  "46"	[MsgId: MMSG-13992]
Action.c(305): Notify: Parameter Substitution: parameter "flight_id_part_4" =  "133300087"	[MsgId: MMSG-13992]
Action.c(305): Notify: Parameter Substitution: parameter "flight_id_part_1" =  "13330973"	[MsgId: MMSG-13992]
Action.c(303): Notify: Parameter Substitution: parameter "flight_id_part_count" =  "46"	[MsgId: MMSG-13992]
Action.c(305): Notify: Parameter Substitution: parameter "flight_id_part_5" =  "133301158"	[MsgId: MMSG-13992]
Action.c(305): Notify: Parameter Substitution: parameter "flight_id_part_1" =  "13330973"	[MsgId: MMSG-13992]
Action.c(303): Notify: Parameter Substitution: parameter "flight_id_part_count" =  "46"	[MsgId: MMSG-13992]
Action.c(305): Notify: Parameter Substitution: parameter "flight_id_part_6" =  "133301874"	[MsgId: MMSG-13992]
Action.c(305): Notify: Parameter Substitution: parameter "flight_id_part_1" =  "13330973"	[MsgId: MMSG-13992]
Action.c(303): Notify: Parameter Substitution: parameter "flight_id_part_count" =  "46"	[MsgId: MMSG-13992]
Action.c(305): Notify: Parameter Substitution: parameter "flight_id_part_7" =  "133309633"	[MsgId: MMSG-13992]
Action.c(305): Notify: Parameter Substitution: parameter "flight_id_part_1" =  "13330973"	[MsgId: MMSG-13992]
Action.c(303): Notify: Parameter Substitution: parameter "flight_id_part_count" =  "46"	[MsgId: MMSG-13992]
Action.c(305): Notify: Parameter Substitution: parameter "flight_id_part_8" =  "133309633"	[MsgId: MMSG-13992]
Action.c(305): Notify: Parameter Substitution: parameter "flight_id_part_1" =  "13330973"	[MsgId: MMSG-13992]
Action.c(303): Notify: Parameter Substitution: parameter "flight_id_part_count" =  "46"	[MsgId: MMSG-13992]
Action.c(305): Notify: Parameter Substitution: parameter "flight_id_part_9" =  "13330965"	[MsgId: MMSG-13992]
Action.c(305): Notify: Parameter Substitution: parameter "flight_id_part_1" =  "13330973"	[MsgId: MMSG-13992]
Action.c(303): Notify: Parameter Substitution: parameter "flight_id_part_count" =  "46"	[MsgId: MMSG-13992]
Action.c(305): Notify: Parameter Substitution: parameter "flight_id_part_10" =  "133309633"	[MsgId: MMSG-13992]
Action.c(305): Notify: Parameter Substitution: parameter "flight_id_part_1" =  "13330973"	[MsgId: MMSG-13992]
Action.c(303): Notify: Parameter Substitution: parameter "flight_id_part_count" =  "46"	[MsgId: MMSG-13992]
Action.c(305): Notify: Parameter Substitution: parameter "flight_id_part_11" =  "133310835"	[MsgId: MMSG-13992]
Action.c(305): Notify: Parameter Substitution: parameter "flight_id_part_1" =  "13330973"	[MsgId: MMSG-13992]
Action.c(303): Notify: Parameter Substitution: parameter "flight_id_part_count" =  "46"	[MsgId: MMSG-13992]
Action.c(305): Notify: Parameter Substitution: parameter "flight_id_part_12" =  "133311490"	[MsgId: MMSG-13992]
Action.c(305): Notify: Parameter Substitution: parameter "flight_id_part_1" =  "13330973"	[MsgId: MMSG-13992]
Action.c(303): Notify: Parameter Substitution: parameter "flight_id_part_count" =  "46"	[MsgId: MMSG-13992]
Action.c(305): Notify: Parameter Substitution: parameter "flight_id_part_13" =  "133330010"	[MsgId: MMSG-13992]
Action.c(305): Notify: Parameter Substitution: parameter "flight_id_part_1" =  "13330973"	[MsgId: MMSG-13992]
Action.c(303): Notify: Parameter Substitution: parameter "flight_id_part_count" =  "46"	[MsgId: MMSG-13992]
Action.c(305): Notify: Parameter Substitution: parameter "flight_id_part_14" =  "133330081"	[MsgId: MMSG-13992]
Action.c(305): Notify: Parameter Substitution: parameter "flight_id_part_1" =  "13330973"	[MsgId: MMSG-13992]
Action.c(303): Notify: Parameter Substitution: parameter "flight_id_part_count" =  "46"	[MsgId: MMSG-13992]
Action.c(305): Notify: Parameter Substitution: parameter "flight_id_part_15" =  "133330117"	[MsgId: MMSG-13992]
Action.c(305): Notify: Parameter Substitution: parameter "flight_id_part_1" =  "13330973"	[MsgId: MMSG-13992]
Action.c(303): Notify: Parameter Substitution: parameter "flight_id_part_count" =  "46"	[MsgId: MMSG-13992]
Action.c(305): Notify: Parameter Substitution: parameter "flight_id_part_16" =  "133330046"	[MsgId: MMSG-13992]
Action.c(305): Notify: Parameter Substitution: parameter "flight_id_part_1" =  "13330973"	[MsgId: MMSG-13992]
Action.c(303): Notify: Parameter Substitution: parameter "flight_id_part_count" =  "46"	[MsgId: MMSG-13992]
Action.c(305): Notify: Parameter Substitution: parameter "flight_id_part_17" =  "13332414"	[MsgId: MMSG-13992]
Action.c(305): Notify: Parameter Substitution: parameter "flight_id_part_1" =  "13330973"	[MsgId: MMSG-13992]
Action.c(303): Notify: Parameter Substitution: parameter "flight_id_part_count" =  "46"	[MsgId: MMSG-13992]
Action.c(305): Notify: Parameter Substitution: parameter "flight_id_part_18" =  "1333260415"	[MsgId: MMSG-13992]
Action.c(305): Notify: Parameter Substitution: parameter "flight_id_part_1" =  "13330973"	[MsgId: MMSG-13992]
Action.c(303): Notify: Parameter Substitution: parameter "flight_id_part_count" =  "46"	[MsgId: MMSG-13992]
Action.c(305): Notify: Parameter Substitution: parameter "flight_id_part_19" =  "133302279"	[MsgId: MMSG-13992]
Action.c(305): Notify: Parameter Substitution: parameter "flight_id_part_1" =  "13330973"	[MsgId: MMSG-13992]
Action.c(303): Notify: Parameter Substitution: parameter "flight_id_part_count" =  "46"	[MsgId: MMSG-13992]
Action.c(305): Notify: Parameter Substitution: parameter "flight_id_part_20" =  "133302273"	[MsgId: MMSG-13992]
Action.c(305): Notify: Parameter Substitution: parameter "flight_id_part_1" =  "13330973"	[MsgId: MMSG-13992]
Action.c(303): Notify: Parameter Substitution: parameter "flight_id_part_count" =  "46"	[MsgId: MMSG-13992]
Action.c(305): Notify: Parameter Substitution: parameter "flight_id_part_21" =  "133299759"	[MsgId: MMSG-13992]
Action.c(305): Notify: Parameter Substitution: parameter "flight_id_part_1" =  "13330973"	[MsgId: MMSG-13992]
Action.c(303): Notify: Parameter Substitution: parameter "flight_id_part_count" =  "46"	[MsgId: MMSG-13992]
Action.c(305): Notify: Parameter Substitution: parameter "flight_id_part_22" =  "1333030413"	[MsgId: MMSG-13992]
Action.c(305): Notify: Parameter Substitution: parameter "flight_id_part_1" =  "13330973"	[MsgId: MMSG-13992]
Action.c(303): Notify: Parameter Substitution: parameter "flight_id_part_count" =  "46"	[MsgId: MMSG-13992]
Action.c(305): Notify: Parameter Substitution: parameter "flight_id_part_23" =  "13330977"	[MsgId: MMSG-13992]
Action.c(305): Notify: Parameter Substitution: parameter "flight_id_part_1" =  "13330973"	[MsgId: MMSG-13992]
Action.c(303): Notify: Parameter Substitution: parameter "flight_id_part_count" =  "46"	[MsgId: MMSG-13992]
Action.c(305): Notify: Parameter Substitution: parameter "flight_id_part_24" =  "13330976"	[MsgId: MMSG-13992]
Action.c(305): Notify: Parameter Substitution: parameter "flight_id_part_1" =  "13330973"	[MsgId: MMSG-13992]
Action.c(303): Notify: Parameter Substitution: parameter "flight_id_part_count" =  "46"	[MsgId: MMSG-13992]
Action.c(305): Notify: Parameter Substitution: parameter "flight_id_part_25" =  "13330975"	[MsgId: MMSG-13992]
Action.c(305): Notify: Parameter Substitution: parameter "flight_id_part_1" =  "13330973"	[MsgId: MMSG-13992]
Action.c(303): Notify: Parameter Substitution: parameter "flight_id_part_count" =  "46"	[MsgId: MMSG-13992]
Action.c(305): Notify: Parameter Substitution: parameter "flight_id_part_26" =  "13330976"	[MsgId: MMSG-13992]
Action.c(305): Notify: Parameter Substitution: parameter "flight_id_part_1" =  "13330973"	[MsgId: MMSG-13992]
Action.c(303): Notify: Parameter Substitution: parameter "flight_id_part_count" =  "46"	[MsgId: MMSG-13992]
Action.c(305): Notify: Parameter Substitution: parameter "flight_id_part_27" =  "13331744"	[MsgId: MMSG-13992]
Action.c(305): Notify: Parameter Substitution: parameter "flight_id_part_1" =  "13330973"	[MsgId: MMSG-13992]
Action.c(303): Notify: Parameter Substitution: parameter "flight_id_part_count" =  "46"	[MsgId: MMSG-13992]
Action.c(305): Notify: Parameter Substitution: parameter "flight_id_part_28" =  "133330087"	[MsgId: MMSG-13992]
Action.c(305): Notify: Parameter Substitution: parameter "flight_id_part_1" =  "13330973"	[MsgId: MMSG-13992]
Action.c(303): Notify: Parameter Substitution: parameter "flight_id_part_count" =  "46"	[MsgId: MMSG-13992]
Action.c(305): Notify: Parameter Substitution: parameter "flight_id_part_29" =  "133330013"	[MsgId: MMSG-13992]
Action.c(305): Notify: Parameter Substitution: parameter "flight_id_part_1" =  "13330973"	[MsgId: MMSG-13992]
Action.c(303): Notify: Parameter Substitution: parameter "flight_id_part_count" =  "46"	[MsgId: MMSG-13992]
Action.c(305): Notify: Parameter Substitution: parameter "flight_id_part_30" =  "133330043"	[MsgId: MMSG-13992]
Action.c(305): Notify: Parameter Substitution: parameter "flight_id_part_1" =  "13330973"	[MsgId: MMSG-13992]
Action.c(303): Notify: Parameter Substitution: parameter "flight_id_part_count" =  "46"	[MsgId: MMSG-13992]
Action.c(305): Notify: Parameter Substitution: parameter "flight_id_part_31" =  "133330081"	[MsgId: MMSG-13992]
Action.c(305): Notify: Parameter Substitution: parameter "flight_id_part_1" =  "13330973"	[MsgId: MMSG-13992]
Action.c(303): Notify: Parameter Substitution: parameter "flight_id_part_count" =  "46"	[MsgId: MMSG-13992]
Action.c(305): Notify: Parameter Substitution: parameter "flight_id_part_32" =  "133301942"	[MsgId: MMSG-13992]
Action.c(305): Notify: Parameter Substitution: parameter "flight_id_part_1" =  "13330973"	[MsgId: MMSG-13992]
Action.c(303): Notify: Parameter Substitution: parameter "flight_id_part_count" =  "46"	[MsgId: MMSG-13992]
Action.c(305): Notify: Parameter Substitution: parameter "flight_id_part_33" =  "133304161"	[MsgId: MMSG-13992]
Action.c(305): Notify: Parameter Substitution: parameter "flight_id_part_1" =  "13330973"	[MsgId: MMSG-13992]
Action.c(303): Notify: Parameter Substitution: parameter "flight_id_part_count" =  "46"	[MsgId: MMSG-13992]
Action.c(305): Notify: Parameter Substitution: parameter "flight_id_part_34" =  "133304915"	[MsgId: MMSG-13992]
Action.c(305): Notify: Parameter Substitution: parameter "flight_id_part_1" =  "13330973"	[MsgId: MMSG-13992]
Action.c(303): Notify: Parameter Substitution: parameter "flight_id_part_count" =  "46"	[MsgId: MMSG-13992]
Action.c(305): Notify: Parameter Substitution: parameter "flight_id_part_35" =  "13330976"	[MsgId: MMSG-13992]
Action.c(305): Notify: Parameter Substitution: parameter "flight_id_part_1" =  "13330973"	[MsgId: MMSG-13992]
Action.c(303): Notify: Parameter Substitution: parameter "flight_id_part_count" =  "46"	[MsgId: MMSG-13992]
Action.c(305): Notify: Parameter Substitution: parameter "flight_id_part_36" =  "133309633"	[MsgId: MMSG-13992]
Action.c(305): Notify: Parameter Substitution: parameter "flight_id_part_1" =  "13330973"	[MsgId: MMSG-13992]
Action.c(303): Notify: Parameter Substitution: parameter "flight_id_part_count" =  "46"	[MsgId: MMSG-13992]
Action.c(305): Notify: Parameter Substitution: parameter "flight_id_part_37" =  "133309633"	[MsgId: MMSG-13992]
Action.c(305): Notify: Parameter Substitution: parameter "flight_id_part_1" =  "13330973"	[MsgId: MMSG-13992]
Action.c(303): Notify: Parameter Substitution: parameter "flight_id_part_count" =  "46"	[MsgId: MMSG-13992]
Action.c(305): Notify: Parameter Substitution: parameter "flight_id_part_38" =  "13330966"	[MsgId: MMSG-13992]
Action.c(305): Notify: Parameter Substitution: parameter "flight_id_part_1" =  "13330973"	[MsgId: MMSG-13992]
Action.c(303): Notify: Parameter Substitution: parameter "flight_id_part_count" =  "46"	[MsgId: MMSG-13992]
Action.c(305): Notify: Parameter Substitution: parameter "flight_id_part_39" =  "13330975"	[MsgId: MMSG-13992]
Action.c(305): Notify: Parameter Substitution: parameter "flight_id_part_1" =  "13330973"	[MsgId: MMSG-13992]
Action.c(303): Notify: Parameter Substitution: parameter "flight_id_part_count" =  "46"	[MsgId: MMSG-13992]
Action.c(305): Notify: Parameter Substitution: parameter "flight_id_part_40" =  "13330976"	[MsgId: MMSG-13992]
Action.c(305): Notify: Parameter Substitution: parameter "flight_id_part_1" =  "13330973"	[MsgId: MMSG-13992]
Action.c(303): Notify: Parameter Substitution: parameter "flight_id_part_count" =  "46"	[MsgId: MMSG-13992]
Action.c(305): Notify: Parameter Substitution: parameter "flight_id_part_41" =  "133309707"	[MsgId: MMSG-13992]
Action.c(305): Notify: Parameter Substitution: parameter "flight_id_part_1" =  "13330973"	[MsgId: MMSG-13992]
Action.c(303): Notify: Parameter Substitution: parameter "flight_id_part_count" =  "46"	[MsgId: MMSG-13992]
Action.c(305): Notify: Parameter Substitution: parameter "flight_id_part_42" =  "13330972"	[MsgId: MMSG-13992]
Action.c(305): Notify: Parameter Substitution: parameter "flight_id_part_1" =  "13330973"	[MsgId: MMSG-13992]
Action.c(303): Notify: Parameter Substitution: parameter "flight_id_part_count" =  "46"	[MsgId: MMSG-13992]
Action.c(305): Notify: Parameter Substitution: parameter "flight_id_part_43" =  "133310802"	[MsgId: MMSG-13992]
Action.c(305): Notify: Parameter Substitution: parameter "flight_id_part_1" =  "13330973"	[MsgId: MMSG-13992]
Action.c(303): Notify: Parameter Substitution: parameter "flight_id_part_count" =  "46"	[MsgId: MMSG-13992]
Action.c(305): Notify: Parameter Substitution: parameter "flight_id_part_44" =  "133311522"	[MsgId: MMSG-13992]
Action.c(305): Notify: Parameter Substitution: parameter "flight_id_part_1" =  "13330973"	[MsgId: MMSG-13992]
Action.c(303): Notify: Parameter Substitution: parameter "flight_id_part_count" =  "46"	[MsgId: MMSG-13992]
Action.c(305): Notify: Parameter Substitution: parameter "flight_id_part_45" =  "133311969"	[MsgId: MMSG-13992]
Action.c(305): Notify: Parameter Substitution: parameter "flight_id_part_1" =  "13330973"	[MsgId: MMSG-13992]
Action.c(303): Notify: Parameter Substitution: parameter "flight_id_part_count" =  "46"	[MsgId: MMSG-13992]
Action.c(305): Notify: Parameter Substitution: parameter "flight_id_part_46" =  "133297526"	[MsgId: MMSG-13992]
Action.c(305): Notify: Parameter Substitution: parameter "flight_id_part_1" =  "13330973"	[MsgId: MMSG-13992]
Action.c(303): Notify: Parameter Substitution: parameter "flight_id_part_count" =  "46"	[MsgId: MMSG-13992]
Action.c(311): Notify: Transaction "click_itinerary" ended with a "Pass" status (Duration: 5,1310 Think Time: 5,0004 Wasted Time: 0,0014).	[MsgId: MMSG-16870]
Action.c(313): Notify: Transaction "click_cancel_ckecked" started.	[MsgId: MMSG-16999]
Action.c(315): web_add_header("Origin") started  	[MsgId: MMSG-26355]
Action.c(315): web_add_header("Origin") was successful  	[MsgId: MMSG-26392]
Action.c(318): lr_think_time: 5,00 seconds.	[MsgId: MMSG-15948]
Action.c(318): Notify: Transaction "click_cancel_ckecked" ended with a "Stop" status (Duration: 2,7191).	[MsgId: MMSG-16873]
Action.c(104): Notify: Transaction "click_flights" ended with a "Stop" status (Duration: 3,1672).	[MsgId: MMSG-16873]
Action.c(104): Notify: Transaction "05_CancelFlight" ended with a "Stop" status (Duration: 8,3370 Think Time: 4,9996 Wasted Time: 0,0001).	[MsgId: MMSG-16870]
Action.c(318): Notify: Transaction "05_CancelFlight" ended with a "Stop" status (Duration: 33,2717 Think Time: 30,0004 Wasted Time: 0,0021).	[MsgId: MMSG-16870]
Action was aborted.	[MsgId: MMSG-10694]
Ending Vuser...	[MsgId: MMSG-15966]
Abort was called from an action.	[MsgId: MMSG-10447]
Abort was called from an action.	[MsgId: MMSG-10447]
Starting action vuser_end.	[MsgId: MMSG-15919]
Ending Vuser...	[MsgId: MMSG-15966]
Starting action vuser_end.	[MsgId: MMSG-15919]
Ending action vuser_end.	[MsgId: MMSG-15918]
Vuser Terminated.	[MsgId: MMSG-15963]
Ending Vuser...	[MsgId: MMSG-15966]
Ending action vuser_end.	[MsgId: MMSG-15918]
Vuser Terminated.	[MsgId: MMSG-15963]
Starting action vuser_end.	[MsgId: MMSG-15919]
Ending action vuser_end.	[MsgId: MMSG-15918]
Vuser Terminated.	[MsgId: MMSG-15963]
Action was aborted.	[MsgId: MMSG-10694]
Ending Vuser...	[MsgId: MMSG-15966]
Starting action vuser_end.	[MsgId: MMSG-15919]
Ending action vuser_end.	[MsgId: MMSG-15918]
Vuser Terminated.	[MsgId: MMSG-15963]
Vuser 2 (thread 18164), ended OK."	[MsgId: MMSG-10695]
Vuser 0 (thread 15920), ended OK."	[MsgId: MMSG-10695]
Vuser 3 (thread 10844), ended OK."	[MsgId: MMSG-10695]
Vuser 1 (thread 18168), ended OK."	[MsgId: MMSG-10695]
