Action.c(104):     </TR>\n
Action.c(104):     \n
Action.c(104):     <TR bgcolor="#EFF2F7">\n
Action.c(104):       <TD COLSPAN="4">\n
Action.c(104):       <hr/>\n
Action.c(104):       </TD>\n
Action.c(104):     </TR>\n
Action.c(104):     \n
Action.c(104):     <!-- Flight #1 -->\n
Action.c(104):     <TR bgcolor="#EFF2F7">\n
Action.c(104):       <TD width="5%" rowspan="2" align="left" valign="top">\n
Action.c(104):     <b>\n
Action.c(104):     <label><input type="checkbox" name="46" value="on" /></label></font></b>\n
Action.c(104):     <input type="hidden" name="flightID" value="3704202-35419-MN"  />\n
Action.c(104):       </TD>\n
Action.c(104):       <TD width="45%" valign="top">\n
Action.c(104):           <b>&nbsp;&nbsp;A Business class ticket for :</b><br/>\n
Action.c(104):           <center><table border="0" width="85%"><tr><td>\n
Action.c(104):           <li><i>Michael Nilsson\n
Action.c(104):           <li><i></i>\n
Action.c(104):           </td></tr></table></center>\n
Action.c(104):       </TD>\n
Action.c(104):       <TD width="5%" >.<br/>.<br/>.<br/>.</TD>\n
Action.c(104):       <TD width="45%" valign=top><b>Invoice sent to:</b><br/>\n
Action.c(104):           <center>\n
Action.c(104):           <Table width="80%" cellspacing="0" > <tr> <td>\n
Action.c(104):               Michael Nilsson\n
Action.c(104):     <br/>\n
Action.c(104):               Mansurovsky Lane<br/>\n
Action.c(104):               Moscow<br/>\n
Action.c(104):               <br/>\n
Action.c(104):               Total Charge: $ 458 <BR/> (CC: x-0100)\n
Action.c(104):           </td> </tr> </table>\n
Action.c(104):           </center>\n
Action.c(104):       </TD>\n
Action.c(104):     </TR>\n
Action.c(104):     <TR bgcolor="#EFF2F7">\n
Action.c(104):       <TD COLSPAN="3">\n
Action.c(104):       <b>Flight Details:</b><BR/>  <center>\n
Action.c(104):       09/26/2020\n
Action.c(104):      :  11pm : Flight 013 leaves Denver  for Frankfurt.<br>  </center>\n
Action.c(104):       </TD>\n
Action.c(104):     </TR>\n
Action.c(104):     \n
Action.c(104):     <TR bgcolor="#EFF2F7">\n
Action.c(104):       <TD COLSPAN="4">\n
Action.c(104):       <hr/>\n
Action.c(104):       </TD>\n
Action.c(104):     </TR>\n
Action.c(104):     \n
Action.c(104):     <!-- Flight #1 -->\n
Action.c(104):     <TR bgcolor="#EFF2F7">\n
Action.c(104):       <TD width="5%" rowspan="2" align="left" valign="top">\n
Action.c(104):     <b>\n
Action.c(104):     <label><input type="checkbox" name="47" value="on" /></label></font></b>\n
Action.c(104):     <input type="hidden" name="flightID" value="3705198-36180-MN"  />\n
Action.c(104):       </TD>\n
Action.c(104):       <TD width="45%" valign="top">\n
Action.c(104):           <b>&nbsp;&nbsp;A Coach class ticket for :</b><br/>\n
Action.c(104):           <center><table border="0" width="85%"><tr><td>\n
Action.c(104):           <li><i>Michael Nilsson\n
Action.c(104):           <li><i></i>\n
Action.c(104):           </td></tr></table></center>\n
Action.c(104):       </TD>\n
Action.c(104):       <TD width="5%" >.<br/>.<br/>.<br/>.</TD>\n
Action.c(104):       <TD width="45%" valign=top><b>Invoice sent to:</b><br/>\n
Action.c(104):           <center>\n
Action.c(104):           <Table width="80%" cellspacing="0" > <tr> <td>\n
Action.c(104):               Michael Nilsson\n
Action.c(104):     <br/>\n
Action.c(104):               Mansurovsky Lane<br/>\n
Action.c(104):               Moscow<br/>\n
Action.c(104):               <br/>\n
Action.c(104):               Total Charge: $ 350 <BR/> (CC: x-0100)\n
Action.c(104):           </td> </tr> </table>\n
Action.c(104):           </center>\n
Action.c(104):       </TD>\n
Action.c(104):     </TR>\n
Action.c(104):     <TR bgcolor="#EFF2F7">\n
Action.c(104):       <TD COLSPAN="3">\n
Action.c(104):       <b>Flight Details:</b><BR/>  <center>\n
Action.c(104):       09/26/2020\n
Action.c(104):      :  8am : Flight 040 leaves Denver  for Paris.<br>  </center>\n
Action.c(104):       </TD>\n
Action.c(104):     </TR>\n
Action.c(104):     \n
Action.c(104):     <TR bgcolor="#EFF2F7">\n
Action.c(104):       <TD COLSPAN="4">\n
Action.c(104):       <hr/>\n
Action.c(104):       </TD>\n
Action.c(104):     </TR>\n
Action.c(104):     \n
Action.c(104):     <!-- Flight #1 -->\n
Action.c(104):     <TR bgcolor="#EFF2F7">\n
Action.c(104):       <TD width="5%" rowspan="2" align="left" valign="top">\n
Action.c(104):     <b>\n
Action.c(104):     <label><input type="checkbox" name="48" value="on" /></label></font></b>\n
Action.c(104):     <input type="hidden" name="flightID" value="3705316-36964-MN"  />\n
Action.c(104):       </TD>\n
Action.c(104):       <TD width="45%" valign="top">\n
Action.c(104):           <b>&nbsp;&nbsp;A First class ticket for :</b><br/>\n
Action.c(104):           <center><table border="0" width="85%"><tr><td>\n
Action.c(104):           <li><i>Michael Nilsson\n
Action.c(104):           <li><i></i>\n
Action.c(104):           </td></tr></table></center>\n
Action.c(104):       </TD>\n
Action.c(104):       <TD width="5%" >.<br/>.<br/>.<br/>.</TD>\n
Action.c(104):       <TD width="45%" valign=top><b>Invoice sent to:</b><br/>\n
Action.c(104):           <center>\n
Action.c(104):           <Table width="80%" cellspacing="0" > <tr> <td>\n
Action.c(104):               Michael Nilsson\n
Action.c(104):     <br/>\n
Action.c(104):               Mansurovsky Lane<br/>\n
Action.c(104):               Moscow<br/>\n
Action.c(104):               <br/>\n
Action.c(104):               Total Charge: $ 538 <BR/> (CC: x-0100)\n
Action.c(104):           </td> </tr> </table>\n
Action.c(104):           </center>\n
Action.c(104):       </TD>\n
Action.c(104):     </TR>\n
Action.c(104):     <TR bgcolor="#EFF2F7">\n
Action.c(104):       <TD COLSPAN="3">\n
Action.c(104):       <b>Flight Details:</b><BR/>  <center>\n
Action.c(104):       09/26/2020\n
Action.c(104):      :  11pm : Flight 043 leaves Denver  for Paris.<br>  </center>\n
Action.c(104):       </TD>\n
Action.c(104):     </TR>\n
Action.c(104):     \n
Action.c(104):     <TR bgcolor="#EFF2F7">\n
Action.c(104):       <TD COLSPAN="4">\n
Action.c(104):       <hr/>\n
Action.c(104):       </TD>\n
Action.c(104):     </TR>\n
Action.c(104):     \n
Action.c(104):     <!-- Flight #1 -->\n
Action.c(104):     <TR bgcolor="#EFF2F7">\n
Action.c(104):       <TD width="5%" rowspan="2" align="left" valign="top">\n
Action.c(104):     <b>\n
Action.c(104):     <label><input type="checkbox" name="49" value="on" /></label></font></b>\n
Action.c(104):     <input type="hidden" name="flightID" value="3705271-37717-MN"  />\n
Action.c(104):       </TD>\n
Action.c(104):       <TD width="45%" valign="top">\n
Action.c(104):           <b>&nbsp;&nbsp;A Coach class ticket for :</b><br/>\n
Action.c(104):           <center><table border="0" width="85%"><tr><td>\n
Action.c(104):           <li><i>Michael Nilsson\n
Action.c(104):           <li><i></i>\n
Action.c(104):           </td></tr></table></center>\n
Action.c(104):       </TD>\n
Action.c(104):       <TD width="5%" >.<br/>.<br/>.<br/>.</TD>\n
Action.c(104):       <TD width="45%" valign=top><b>Invoice sent to:</b><br/>\n
Action.c(104):           <center>\n
Action.c(104):           <Table width="80%" cellspacing="0" > <tr> <td>\n
Action.c(104):               Michael Nilsson\n
Action.c(104):     <br/>\n
Action.c(104):               Mansurovsky Lane<br/>\n
Action.c(104):               Moscow<br/>\n
Action.c(104):               <br/>\n
Action.c(104):               Total Charge: $ 331 <BR/> (CC: x-0100)\n
Action.c(104):           </td> </tr> </table>\n
Action.c(104):           </center>\n
Action.c(104):       </TD>\n
Action.c(104):     </TR>\n
Action.c(104):     <TR bgcolor="#EFF2F7">\n
Action.c(104):       <TD COLSPAN="3">\n
Action.c(104):       <b>Flight Details:</b><BR/>  <center>\n
Action.c(104):       09/26/2020\n
Action.c(104):      :  5pm : Flight 042 leaves Denver  for Paris.<br>  </center>\n
Action.c(104):       </TD>\n
Action.c(104):     </TR>\n
Action.c(104):     \n
Action.c(104):     <TR bgcolor="#EFF2F7">\n
Action.c(104):       <TD COLSPAN="4">\n
Action.c(104):       <hr/>\n
Action.c(104):       </TD>\n
Action.c(104):     </TR>\n
Action.c(104):     \n
Action.c(104):     <!-- Flight #1 -->\n
Action.c(104):     <TR bgcolor="#EFF2F7">\n
Action.c(104):       <TD width="5%" rowspan="2" align="left" valign="top">\n
Action.c(104):     <b>\n
Action.c(104):     <label><input type="checkbox" name="50" value="on" /></label></font></b>\n
Action.c(104):     <input type="hidden" name="flightID" value="3705204-38500-MN"  />\n
Action.c(104):       </TD>\n
Action.c(104):       <TD width="45%" valign="top">\n
Action.c(104):           <b>&nbsp;&nbsp;A Business class ticket for :</b><br/>\n
Action.c(104):           <center><table border="0" width="85%"><tr><td>\n
Action.c(104):           <li><i>Michael Nilsson\n
Action.c(104):           <li><i></i>\n
Action.c(104):           </td></tr></table></center>\n
Action.c(104):       </TD>\n
Action.c(104):       <TD width="5%" >.<br/>.<br/>.<br/>.</TD>\n
Action.c(104):       <TD width="45%" valign=top><b>Invoice sent to:</b><br/>\n
Action.c(104):           <center>\n
Action.c(104):           <Table width="80%" cellspacing="0" > <tr> <td>\n
Action.c(104):               Michael Nilsson\n
Action.c(104):     <br/>\n
Action.c(104):               Mansurovsky Lane<br/>\n
Action.c(104):               Moscow<br/>\n
Action.c(104):               <br/>\n
Action.c(104):               Total Charge: $ 508 <BR/> (CC: x-0100)\n
Action.c(104):           </td> </tr> </table>\n
Action.c(104):           </center>\n
Action.c(104):       </TD>\n
Action.c(104):     </TR>\n
Action.c(104):     <TR bgcolor="#EFF2F7">\n
Action.c(104):       <TD COLSPAN="3">\n
Action.c(104):       <b>Flight Details:</b><BR/>  <center>\n
Action.c(104):       09/26/2020\n
Action.c(104):      :  8am : Flight 040 leaves Denver  for Paris.<br>  </center>\n
Action.c(104):       </TD>\n
Action.c(104):     </TR>\n
Action.c(104):     \n
Action.c(104):     <TR bgcolor="#EFF2F7">\n
Action.c(104):       <TD COLSPAN="4">\n
Action.c(104):       <hr/>\n
Action.c(104):       </TD>\n
Action.c(104):     </TR>\n
Action.c(104):     \n
Action.c(104):     <!-- Flight #1 -->\n
Action.c(104):     <TR bgcolor="#EFF2F7">\n
Action.c(104):       <TD width="5%" rowspan="2" align="left" valign="top">\n
Action.c(104):     <b>\n
Action.c(104):     <label><input type="checkbox" name="51" value="on" /></label></font></b>\n
Action.c(104):     <input type="hidden" name="flightID" value="3705198-39257-MN"  />\n
Action.c(104):       </TD>\n
Action.c(104):       <TD width="45%" valign="top">\n
Action.c(104):           <b>&nbsp;&nbsp;A Coach class ticket for :</b><br/>\n
Action.c(104):           <center><table border="0" width="85%"><tr><td>\n
Action.c(104):           <li><i>Michael Nilsson\n
Action.c(104):           <li><i></i>\n
Action.c(104):           </td></tr></table></center>\n
Action.c(104):       </TD>\n
Action.c(104):       <TD width="5%" >.<br/>.<br/>.<br/>.</TD>\n
Action.c(104):       <TD width="45%" valign=top><b>Invoice sent to:</b><br/>\n
Action.c(104):           <center>\n
Action.c(104):           <Table width="80%" cellspacing="0" > <tr> <td>\n
Action.c(104):               Michael Nilsson\n
Action.c(104):     <br/>\n
Action.c(104):               Mansurovsky Lane<br/>\n
Action.c(104):               Moscow<br/>\n
Action.c(104):               <br/>\n
Action.c(104):               Total Charge: $ 350 <BR/> (CC: x-0100)\n
Action.c(104):           </td> </tr> </table>\n
Action.c(104):           </center>\n
Action.c(104):       </TD>\n
Action.c(104):     </TR>\n
Action.c(104):     <TR bgcolor="#EFF2F7">\n
Action.c(104):       <TD COLSPAN="3">\n
Action.c(104):       <b>Flight Details:</b><BR/>  <center>\n
Action.c(104):       09/26/2020\n
Action.c(104):      :  8am : Flight 040 leaves Denver  for Paris.<br>  </center>\n
Action.c(104):       </TD>\n
Action.c(104):     </TR>\n
Action.c(104):     \n
Action.c(104):     <TR bgcolor="#EFF2F7">\n
Action.c(104):       <TD COLSPAN="4">\n
Action.c(104):       <hr/>\n
Action.c(104):       </TD>\n
Action.c(104):     </TR>\n
Action.c(104):     \n
Action.c(104):     <!-- Flight #1 -->\n
Action.c(104):     <TR bgcolor="#EFF2F7">\n
Action.c(104):       <TD width="5%" rowspan="2" align="left" valign="top">\n
Action.c(104):     <b>\n
Action.c(104):     <label><input type="checkbox" name="52" value="on" /></label></font></b>\n
Action.c(104):     <input type="hidden" name="flightID" value="3705316-40041-MN"  />\n
Action.c(104):       </TD>\n
Action.c(104):       <TD width="45%" valign="top">\n
Action.c(104):           <b>&nbsp;&nbsp;A First class ticket for :</b><br/>\n
Action.c(104):           <center><table border="0" width="85%"><tr><td>\n
Action.c(104):           <li><i>Michael Nilsson\n
Action.c(104):           <li><i></i>\n
Action.c(104):           </td></tr></table></center>\n
Action.c(104):       </TD>\n
Action.c(104):       <TD width="5%" >.<br/>.<br/>.<br/>.</TD>\n
Action.c(104):       <TD width="45%" valign=top><b>Invoice sent to:</b><br/>\n
Action.c(104):           <center>\n
Action.c(104):           <Table width="80%" cellspacing="0" > <tr> <td>\n
Action.c(104):               Michael Nilsson\n
Action.c(104):     <br/>\n
Action.c(104):               Mansurovsky Lane<br/>\n
Action.c(104):               Moscow<br/>\n
Action.c(104):               <br/>\n
Action.c(104):               Total Charge: $ 538 <BR/> (CC: x-0100)\n
Action.c(104):           </td> </tr> </table>\n
Action.c(104):           </center>\n
Action.c(104):       </TD>\n
Action.c(104):     </TR>\n
Action.c(104):     <TR bgcolor="#EFF2F7">\n
Action.c(104):       <TD COLSPAN="3">\n
Action.c(104):       <b>Flight Details:</b><BR/>  <center>\n
Action.c(104):       09/26/2020\n
Action.c(104):      :  11pm : Flight 043 leaves Denver  for Paris.<br>  </center>\n
Action.c(104):       </TD>\n
Action.c(104):     </TR>\n
Action.c(104):     \n
Action.c(104):     <TR bgcolor="#EFF2F7">\n
Action.c(104):       <TD COLSPAN="4">\n
Action.c(104):       <hr/>\n
Action.c(104):       </TD>\n
Action.c(104):     </TR>\n
Action.c(104):     \n
Action.c(104):     <!-- Flight #1 -->\n
Action.c(104):     <TR bgcolor="#EFF2F7">\n
Action.c(104):       <TD width="5%" rowspan="2" align="left" valign="top">\n
Action.c(104):     <b>\n
Action.c(104):     <label><input type="checkbox" name="53" value="on" /></label></font></b>\n
Action.c(104):     <input type="hidden" name="flightID" value="3705277-40806-MN"  />\n
Action.c(104):       </TD>\n
Action.c(104):       <TD width="45%" valign="top">\n
Action.c(104):           <b>&nbsp;&nbsp;A Business class ticket for :</b><br/>\n
Action.c(104):           <center><table border="0" width="85%"><tr><td>\n
Action.c(104):           <li><i>Michael Nilsson\n
Action.c(104):           <li><i></i>\n
Action.c(104):           </td></tr></table></center>\n
Action.c(104):       </TD>\n
Action.c(104):       <TD width="5%" >.<br/>.<br/>.<br/>.</TD>\n
Action.c(104):       <TD width="45%" valign=top><b>Invoice sent to:</b><br/>\n
Action.c(104):           <center>\n
Action.c(104):           <Table width="80%" cellspacing="0" > <tr> <td>\n
Action.c(104):               Michael Nilsson\n
Action.c(104):     <br/>\n
Action.c(104):               Mansurovsky Lane<br/>\n
Action.c(104):               Moscow<br/>\n
Action.c(104):               <br/>\n
Action.c(104):               Total Charge: $ 481 <BR/> (CC: x-0100)\n
Action.c(104):           </td> </tr> </table>\n
Action.c(104):           </center>\n
Action.c(104):       </TD>\n
Action.c(104):     </TR>\n
Action.c(104):     <TR bgcolor="#EFF2F7">\n
Action.c(104):       <TD COLSPAN="3">\n
Action.c(104):       <b>Flight Details:</b><BR/>  <center>\n
Action.c(104):       09/26/2020\n
Action.c(104):      :  5pm : Flight 042 leaves Denver  for Paris.<br>  </center>\n
Action.c(104):       </TD>\n
Action.c(104):     </TR>\n
Action.c(104):     \n
Action.c(104):     <TR bgcolor="#EFF2F7">\n
Action.c(104):       <TD COLSPAN="4">\n
Action.c(104):       <hr/>\n
Action.c(104):       </TD>\n
Action.c(104):     </TR>\n
Action.c(104):     \n
Action.c(104):     <!-- Flight #1 -->\n
Action.c(104):     <TR bgcolor="#EFF2F7">\n
Action.c(104):       <TD width="5%" rowspan="2" align="left" valign="top">\n
Action.c(104):     <b>\n
Action.c(104):     <label><input type="checkbox" name="54" value="on" /></label></font></b>\n
Action.c(104):     <input type="hidden" name="flightID" value="3706380-41559-MN"  />\n
Action.c(104):       </TD>\n
Action.c(104):       <TD width="45%" valign="top">\n
Action.c(104):           <b>&nbsp;&nbsp;A Coach class ticket for :</b><br/>\n
Action.c(104):           <center><table border="0" width="85%"><tr><td>\n
Action.c(104):           <li><i>Michael Nilsson\n
Action.c(104):           <li><i></i>\n
Action.c(104):           </td></tr></table></center>\n
Action.c(104):       </TD>\n
Action.c(104):       <TD width="5%" >.<br/>.<br/>.<br/>.</TD>\n
Action.c(104):       <TD width="45%" valign=top><b>Invoice sent to:</b><br/>\n
Action.c(104):           <center>\n
Action.c(104):           <Table width="80%" cellspacing="0" > <tr> <td>\n
Action.c(104):               Michael Nilsson\n
Action.c(104):     <br/>\n
Action.c(104):               Mansurovsky Lane<br/>\n
Action.c(104):               Moscow<br/>\n
Action.c(104):               <br/>\n
Action.c(104):               Total Charge: $ 276 <BR/> (CC: x-0100)\n
Action.c(104):           </td> </tr> </table>\n
Action.c(104):           </center>\n
Action.c(104):       </TD>\n
Action.c(104):     </TR>\n
Action.c(104):     <TR bgcolor="#EFF2F7">\n
Action.c(104):       <TD COLSPAN="3">\n
Action.c(104):       <b>Flight Details:</b><BR/>  <center>\n
Action.c(104):       09/26/2020\n
Action.c(104):      :  5pm : Flight 072 leaves Denver  for Seattle.<br>  </center>\n
Action.c(104):       </TD>\n
Action.c(104):     </TR>\n
Action.c(104):     \n
Action.c(104):     <TR bgcolor="#EFF2F7">\n
Action.c(104):       <TD COLSPAN="4">\n
Action.c(104):       <hr/>\n
Action.c(104):       </TD>\n
Action.c(104):     </TR>\n
Action.c(104):     \n
Action.c(104):     <!-- Flight #1 -->\n
Action.c(104):     <TR bgcolor="#EFF2F7">\n
Action.c(104):       <TD width="5%" rowspan="2" align="left" valign="top">\n
Action.c(104):     <b>\n
Action.c(104):     <label><input type="checkbox" name="55" value="on" /></label></font></b>\n
Action.c(104):     <input type="hidden" name="flightID" value="3708231-42327-MN"  />\n
Action.c(104):       </TD>\n
Action.c(104):       <TD width="45%" valign="top">\n
Action.c(104):           <b>&nbsp;&nbsp;A Coach class ticket for :</b><br/>\n
Action.c(104):           <center><table border="0" width="85%"><tr><td>\n
Action.c(104):           <li><i>Michael Nilsson\n
Action.c(104):           <li><i></i>\n
Action.c(104):           </td></tr></table></center>\n
Action.c(104):       </TD>\n
Action.c(104):       <TD width="5%" >.<br/>.<br/>.<br/>.</TD>\n
Action.c(104):       <TD width="45%" valign=top><b>Invoice sent to:</b><br/>\n
Action.c(104):           <center>\n
Action.c(104):           <Table width="80%" cellspacing="0" > <tr> <td>\n
Action.c(104):               Michael Nilsson\n
Action.c(104):     <br/>\n
Action.c(104):               Mansurovsky Lane<br/>\n
Action.c(104):               Moscow<br/>\n
Action.c(104):               <br/>\n
Action.c(104):               Total Charge: $ 251 <BR/> (CC: x-0100)\n
Action.c(104):           </td> </tr> </table>\n
Action.c(104):           </center>\n
Action.c(104):       </TD>\n
Action.c(104):     </TR>\n
Action.c(104):     <TR bgcolor="#EFF2F7">\n
Action.c(104):       <TD COLSPAN="3">\n
Action.c(104):       <b>Flight Details:</b><BR/> 
Action.c(104): t=226407ms: 8-byte chunked response overhead for "http://localhost:1080/cgi-bin/itinerary.pl" (RelFrameId=1.2, Internal ID=93)
Action.c(104):     \r\n
Action.c(104):     1000\r\n
Action.c(104): t=226407ms: 8-byte chunked response overhead for "http://localhost:1080/cgi-bin/itinerary.pl" (RelFrameId=1.2, Internal ID=93)
Action.c(104):     \r\n
Action.c(104):     1000\r\n
Action.c(104): t=226407ms: 8-byte chunked response overhead for "http://localhost:1080/cgi-bin/itinerary.pl" (RelFrameId=1.2, Internal ID=93)
Action.c(104):     \r\n
Action.c(104):     1000\r\n
Action.c(104): t=226407ms: 12263-byte chunked response body for "http://localhost:1080/cgi-bin/itinerary.pl" (RelFrameId=1.2, Internal ID=93)
Action.c(104):      <center>\n
Action.c(104):       09/26/2020\n
Action.c(104):      :  5pm : Flight 122 leaves Frankfurt  for London.<br>  </center>\n
Action.c(104):       </TD>\n
Action.c(104):     </TR>\n
Action.c(104):     \n
Action.c(104):     <TR bgcolor="#EFF2F7">\n
Action.c(104):       <TD COLSPAN="4">\n
Action.c(104):       <hr/>\n
Action.c(104):       </TD>\n
Action.c(104):     </TR>\n
Action.c(104):     \n
Action.c(104):     <!-- Flight #1 -->\n
Action.c(104):     <TR bgcolor="#EFF2F7">\n
Action.c(104):       <TD width="5%" rowspan="2" align="left" valign="top">\n
Action.c(104):     <b>\n
Action.c(104):     <label><input type="checkbox" name="56" value="on" /></label></font></b>\n
Action.c(104):     <input type="hidden" name="flightID" value="3711232-43098-MN"  />\n
Action.c(104):       </TD>\n
Action.c(104):       <TD width="45%" valign="top">\n
Action.c(104):           <b>&nbsp;&nbsp;A Coach class ticket for :</b><br/>\n
Action.c(104):           <center><table border="0" width="85%"><tr><td>\n
Action.c(104):           <li><i>Michael Nilsson\n
Action.c(104):           <li><i></i>\n
Action.c(104):           </td></tr></table></center>\n
Action.c(104):       </TD>\n
Action.c(104):       <TD width="5%" >.<br/>.<br/>.<br/>.</TD>\n
Action.c(104):       <TD width="45%" valign=top><b>Invoice sent to:</b><br/>\n
Action.c(104):           <center>\n
Action.c(104):           <Table width="80%" cellspacing="0" > <tr> <td>\n
Action.c(104):               Michael Nilsson\n
Action.c(104):     <br/>\n
Action.c(104):               Mansurovsky Lane<br/>\n
Action.c(104):               Moscow<br/>\n
Action.c(104):               <br/>\n
Action.c(104):               Total Charge: $ 277 <BR/> (CC: x-0100)\n
Action.c(104):           </td> </tr> </table>\n
Action.c(104):           </center>\n
Action.c(104):       </TD>\n
Action.c(104):     </TR>\n
Action.c(104):     <TR bgcolor="#EFF2F7">\n
Action.c(104):       <TD COLSPAN="3">\n
Action.c(104):       <b>Flight Details:</b><BR/>  <center>\n
Action.c(104):       09/26/2020\n
Action.c(104):      :  11pm : Flight 203 leaves London  for Denver.<br>  </center>\n
Action.c(104):       </TD>\n
Action.c(104):     </TR>\n
Action.c(104):     \n
Action.c(104):     <TR bgcolor="#EFF2F7">\n
Action.c(104):       <TD COLSPAN="4">\n
Action.c(104):       <hr/>\n
Action.c(104):       </TD>\n
Action.c(104):     </TR>\n
Action.c(104):     \n
Action.c(104):     <!-- Flight #1 -->\n
Action.c(104):     <TR bgcolor="#EFF2F7">\n
Action.c(104):       <TD width="5%" rowspan="2" align="left" valign="top">\n
Action.c(104):     <b>\n
Action.c(104):     <label><input type="checkbox" name="57" value="on" /></label></font></b>\n
Action.c(104):     <input type="hidden" name="flightID" value="3713073-43921-MN"  />\n
Action.c(104):       </TD>\n
Action.c(104):       <TD width="45%" valign="top">\n
Action.c(104):           <b>&nbsp;&nbsp;A First class ticket for :</b><br/>\n
Action.c(104):           <center><table border="0" width="85%"><tr><td>\n
Action.c(104):           <li><i>Michael Nilsson\n
Action.c(104):           <li><i></i>\n
Action.c(104):           </td></tr></table></center>\n
Action.c(104):       </TD>\n
Action.c(104):       <TD width="5%" >.<br/>.<br/>.<br/>.</TD>\n
Action.c(104):       <TD width="45%" valign=top><b>Invoice sent to:</b><br/>\n
Action.c(104):           <center>\n
Action.c(104):           <Table width="80%" cellspacing="0" > <tr> <td>\n
Action.c(104):               Michael Nilsson\n
Action.c(104):     <br/>\n
Action.c(104):               Mansurovsky Lane<br/>\n
Action.c(104):               Moscow<br/>\n
Action.c(104):               <br/>\n
Action.c(104):               Total Charge: $ 984 <BR/> (CC: x-0100)\n
Action.c(104):           </td> </tr> </table>\n
Action.c(104):           </center>\n
Action.c(104):       </TD>\n
Action.c(104):     </TR>\n
Action.c(104):     <TR bgcolor="#EFF2F7">\n
Action.c(104):       <TD COLSPAN="3">\n
Action.c(104):       <b>Flight Details:</b><BR/>  <center>\n
Action.c(104):       09/26/2020\n
Action.c(104):      :  5pm : Flight 252 leaves London  for Portland.<br>  </center>\n
Action.c(104):       </TD>\n
Action.c(104):     </TR>\n
Action.c(104):     \n
Action.c(104):     <TR bgcolor="#EFF2F7">\n
Action.c(104):       <TD COLSPAN="4">\n
Action.c(104):       <hr/>\n
Action.c(104):       </TD>\n
Action.c(104):     </TR>\n
Action.c(104):     \n
Action.c(104):     <!-- Flight #1 -->\n
Action.c(104):     <TR bgcolor="#EFF2F7">\n
Action.c(104):       <TD width="5%" rowspan="2" align="left" valign="top">\n
Action.c(104):     <b>\n
Action.c(104):     <label><input type="checkbox" name="58" value="on" /></label></font></b>\n
Action.c(104):     <input type="hidden" name="flightID" value="3715229-44630-MN"  />\n
Action.c(104):       </TD>\n
Action.c(104):       <TD width="45%" valign="top">\n
Action.c(104):           <b>&nbsp;&nbsp;A Coach class ticket for :</b><br/>\n
Action.c(104):           <center><table border="0" width="85%"><tr><td>\n
Action.c(104):           <li><i>Michael Nilsson\n
Action.c(104):           <li><i></i>\n
Action.c(104):           </td></tr></table></center>\n
Action.c(104):       </TD>\n
Action.c(104):       <TD width="5%" >.<br/>.<br/>.<br/>.</TD>\n
Action.c(104):       <TD width="45%" valign=top><b>Invoice sent to:</b><br/>\n
Action.c(104):           <center>\n
Action.c(104):           <Table width="80%" cellspacing="0" > <tr> <td>\n
Action.c(104):               Michael Nilsson\n
Action.c(104):     <br/>\n
Action.c(104):               Mansurovsky Lane<br/>\n
Action.c(104):               Moscow<br/>\n
Action.c(104):               <br/>\n
Action.c(104):               Total Charge: $ 201 <BR/> (CC: x-0100)\n
Action.c(104):           </td> </tr> </table>\n
Action.c(104):           </center>\n
Action.c(104):       </TD>\n
Action.c(104):     </TR>\n
Action.c(104):     <TR bgcolor="#EFF2F7">\n
Action.c(104):       <TD COLSPAN="3">\n
Action.c(104):       <b>Flight Details:</b><BR/>  <center>\n
Action.c(104):       09/26/2020\n
Action.c(104):      :  1pm : Flight 311 leaves Los Angeles  for Frankfurt.<br>  </center>\n
Action.c(104):       </TD>\n
Action.c(104):     </TR>\n
Action.c(104):     \n
Action.c(104):     <TR bgcolor="#EFF2F7">\n
Action.c(104):       <TD COLSPAN="4">\n
Action.c(104):       <hr/>\n
Action.c(104):       </TD>\n
Action.c(104):     </TR>\n
Action.c(104):     \n
Action.c(104):     <!-- Flight #1 -->\n
Action.c(104):     <TR bgcolor="#EFF2F7">\n
Action.c(104):       <TD width="5%" rowspan="2" align="left" valign="top">\n
Action.c(104):     <b>\n
Action.c(104):     <label><input type="checkbox" name="59" value="on" /></label></font></b>\n
Action.c(104):     <input type="hidden" name="flightID" value="3716347-45414-MN"  />\n
Action.c(104):       </TD>\n
Action.c(104):       <TD width="45%" valign="top">\n
Action.c(104):           <b>&nbsp;&nbsp;A Coach class ticket for :</b><br/>\n
Action.c(104):           <center><table border="0" width="85%"><tr><td>\n
Action.c(104):           <li><i>Michael Nilsson\n
Action.c(104):           <li><i></i>\n
Action.c(104):           </td></tr></table></center>\n
Action.c(104):       </TD>\n
Action.c(104):       <TD width="5%" >.<br/>.<br/>.<br/>.</TD>\n
Action.c(104):       <TD width="45%" valign=top><b>Invoice sent to:</b><br/>\n
Action.c(104):           <center>\n
Action.c(104):           <Table width="80%" cellspacing="0" > <tr> <td>\n
Action.c(104):               Michael Nilsson\n
Action.c(104):     <br/>\n
Action.c(104):               Mansurovsky Lane<br/>\n
Action.c(104):               Moscow<br/>\n
Action.c(104):               <br/>\n
Action.c(104):               Total Charge: $ 391 <BR/> (CC: x-0100)\n
Action.c(104):           </td> </tr> </table>\n
Action.c(104):           </center>\n
Action.c(104):       </TD>\n
Action.c(104):     </TR>\n
Action.c(104):     <TR bgcolor="#EFF2F7">\n
Action.c(104):       <TD COLSPAN="3">\n
Action.c(104):       <b>Flight Details:</b><BR/>  <center>\n
Action.c(104):       09/26/2020\n
Action.c(104):      :  1pm : Flight 341 leaves Los Angeles  for Paris.<br>  </center>\n
Action.c(104):       </TD>\n
Action.c(104):     </TR>\n
Action.c(104):     \n
Action.c(104):     <TR bgcolor="#EFF2F7">\n
Action.c(104):       <TD COLSPAN="4">\n
Action.c(104):       <hr/>\n
Action.c(104):       </TD>\n
Action.c(104):     </TR>\n
Action.c(104):     \n
Action.c(104):     <!-- Flight #1 -->\n
Action.c(104):     <TR bgcolor="#EFF2F7">\n
Action.c(104):       <TD width="5%" rowspan="2" align="left" valign="top">\n
Action.c(104):     <b>\n
Action.c(104):     <label><input type="checkbox" name="60" value="on" /></label></font></b>\n
Action.c(104):     <input type="hidden" name="flightID" value="3725607-46185-MN"  />\n
Action.c(104):       </TD>\n
Action.c(104):       <TD width="45%" valign="top">\n
Action.c(104):           <b>&nbsp;&nbsp;A Coach class ticket for :</b><br/>\n
Action.c(104):           <center><table border="0" width="85%"><tr><td>\n
Action.c(104):           <li><i>Michael Nilsson\n
Action.c(104):           <li><i></i>\n
Action.c(104):           </td></tr></table></center>\n
Action.c(104):       </TD>\n
Action.c(104):       <TD width="5%" >.<br/>.<br/>.<br/>.</TD>\n
Action.c(104):       <TD width="45%" valign=top><b>Invoice sent to:</b><br/>\n
Action.c(104):           <center>\n
Action.c(104):           <Table width="80%" cellspacing="0" > <tr> <td>\n
Action.c(104):               Michael Nilsson\n
Action.c(104):     <br/>\n
Action.c(104):               Mansurovsky Lane<br/>\n
Action.c(104):               Moscow<br/>\n
Action.c(104):               <br/>\n
Action.c(104):               Total Charge: $ 411 <BR/> (CC: x-0100)\n
Action.c(104):           </td> </tr> </table>\n
Action.c(104):           </center>\n
Action.c(104):       </TD>\n
Action.c(104):     </TR>\n
Action.c(104):     <TR bgcolor="#EFF2F7">\n
Action.c(104):       <TD COLSPAN="3">\n
Action.c(104):       <b>Flight Details:</b><BR/>  <center>\n
Action.c(104):       09/26/2020\n
Action.c(104):      :  1pm : Flight 591 leaves Portland  for Zurich.<br>  </center>\n
Action.c(104):       </TD>\n
Action.c(104):     </TR>\n
Action.c(104):     \n
Action.c(104):     <TR bgcolor="#EFF2F7">\n
Action.c(104):       <TD COLSPAN="4">\n
Action.c(104):       <hr/>\n
Action.c(104):       </TD>\n
Action.c(104):     </TR>\n
Action.c(104):     \n
Action.c(104):     <!-- Flight #1 -->\n
Action.c(104):     <TR bgcolor="#EFF2F7">\n
Action.c(104):       <TD width="5%" rowspan="2" align="left" valign="top">\n
Action.c(104):     <b>\n
Action.c(104):     <label><input type="checkbox" name="61" value="on" /></label></font></b>\n
Action.c(104):     <input type="hidden" name="flightID" value="3725587-46989-MN"  />\n
Action.c(104):       </TD>\n
Action.c(104):       <TD width="45%" valign="top">\n
Action.c(104):           <b>&nbsp;&nbsp;A First class ticket for :</b><br/>\n
Action.c(104):           <center><table border="0" width="85%"><tr><td>\n
Action.c(104):           <li><i>Michael Nilsson\n
Action.c(104):           <li><i></i>\n
Action.c(104):           </td></tr></table></center>\n
Action.c(104):       </TD>\n
Action.c(104):       <TD width="5%" >.<br/>.<br/>.<br/>.</TD>\n
Action.c(104):       <TD width="45%" valign=top><b>Invoice sent to:</b><br/>\n
Action.c(104):           <center>\n
Action.c(104):           <Table width="80%" cellspacing="0" > <tr> <td>\n
Action.c(104):               Michael Nilsson\n
Action.c(104):     <br/>\n
Action.c(104):               Mansurovsky Lane<br/>\n
Action.c(104):               Moscow<br/>\n
Action.c(104):               <br/>\n
Action.c(104):               Total Charge: $ 866 <BR/> (CC: x-0100)\n
Action.c(104):           </td> </tr> </table>\n
Action.c(104):           </center>\n
Action.c(104):       </TD>\n
Action.c(104):     </TR>\n
Action.c(104):     <TR bgcolor="#EFF2F7">\n
Action.c(104):       <TD COLSPAN="3">\n
Action.c(104):       <b>Flight Details:</b><BR/>  <center>\n
Action.c(104):       09/26/2020\n
Action.c(104):      :  8am : Flight 590 leaves Portland  for Zurich.<br>  </center>\n
Action.c(104):       </TD>\n
Action.c(104):     </TR>\n
Action.c(104):     \n
Action.c(104):     <TR bgcolor="#EFF2F7">\n
Action.c(104):       <TD COLSPAN="4">\n
Action.c(104):       <hr/>\n
Action.c(104):       </TD>\n
Action.c(104):     </TR>\n
Action.c(104):     \n
Action.c(104):     <!-- Flight #1 -->\n
Action.c(104):     <TR bgcolor="#EFF2F7">\n
Action.c(104):       <TD width="5%" rowspan="2" align="left" valign="top">\n
Action.c(104):     <b>\n
Action.c(104):     <label><input type="checkbox" name="62" value="on" /></label></font></b>\n
Action.c(104):     <input type="hidden" name="flightID" value="3725572-47727-MN"  />\n
Action.c(104):       </TD>\n
Action.c(104):       <TD width="45%" valign="top">\n
Action.c(104):           <b>&nbsp;&nbsp;A Coach class ticket for :</b><br/>\n
Action.c(104):           <center><table border="0" width="85%"><tr><td>\n
Action.c(104):           <li><i>Michael Nilsson\n
Action.c(104):           <li><i></i>\n
Action.c(104):           </td></tr></table></center>\n
Action.c(104):       </TD>\n
Action.c(104):       <TD width="5%" >.<br/>.<br/>.<br/>.</TD>\n
Action.c(104):       <TD width="45%" valign=top><b>Invoice sent to:</b><br/>\n
Action.c(104):           <center>\n
Action.c(104):           <Table width="80%" cellspacing="0" > <tr> <td>\n
Action.c(104):               Michael Nilsson\n
Action.c(104):     <br/>\n
Action.c(104):               Mansurovsky Lane<br/>\n
Action.c(104):               Moscow<br/>\n
Action.c(104):               <br/>\n
Action.c(104):               Total Charge: $ 462 <BR/> (CC: x-0100)\n
Action.c(104):           </td> </tr> </table>\n
Action.c(104):           </center>\n
Action.c(104):       </TD>\n
Action.c(104):     </TR>\n
Action.c(104):     <TR bgcolor="#EFF2F7">\n
Action.c(104):       <TD COLSPAN="3">\n
Action.c(104):       <b>Flight Details:</b><BR/>  <center>\n
Action.c(104):       09/26/2020\n
Action.c(104):      :  8am : Flight 590 leaves Portland  for Zurich.<br>  </center>\n
Action.c(104):       </TD>\n
Action.c(104):     </TR>\n
Action.c(104):     \n
Action.c(104):     <TR bgcolor="#EFF2F7">\n
Action.c(104):       <TD COLSPAN="4">\n
Action.c(104):       <hr/>\n
Action.c(104):       </TD>\n
Action.c(104):     </TR>\n
Action.c(104):     \n
Action.c(104):     <!-- Flight #1 -->\n
Action.c(104):     <TR bgcolor="#EFF2F7">\n
Action.c(104):       <TD width="5%" rowspan="2" align="left" valign="top">\n
Action.c(104):     <b>\n
Action.c(104):     <label><input type="checkbox" name="63" value="on" /></label></font></b>\n
Action.c(104):     <input type="hidden" name="flightID" value="3725614-48507-MN"  />\n
Action.c(104):       </TD>\n
Action.c(104):       <TD width="45%" valign="top">\n
Action.c(104):           <b>&nbsp;&nbsp;A Business class ticket for :</b><br/>\n
Action.c(104):           <center><table border="0" width="85%"><tr><td>\n
Action.c(104):           <li><i>Michael Nilsson\n
Action.c(104):           <li><i></i>\n
Action.c(104):           </td></tr></table></center>\n
Action.c(104):       </TD>\n
Action.c(104):       <TD width="5%" >.<br/>.<br/>.<br/>.</TD>\n
Action.c(104):       <TD width="45%" valign=top><b>Invoice sent to:</b><br/>\n
Action.c(104):           <center>\n
Action.c(104):           <Table width="80%" cellspacing="0" > <tr> <td>\n
Action.c(104):               Michael Nilsson\n
Action.c(104):     <br/>\n
Action.c(104):               Mansurovsky Lane<br/>\n
Action.c(104):               Moscow<br/>\n
Action.c(104):               <br/>\n
Action.c(104):               Total Charge: $ 596 <BR/> (CC: x-0100)\n
Action.c(104):           </td> </tr> </table>\n
Action.c(104):           </center>\n
Action.c(104):       </TD>\n
Action.c(104):     </TR>\n
Action.c(104):     <TR bgcolor="#EFF2F7">\n
Action.c(104):       <TD COLSPAN="3">\n
Action.c(104):       <b>Flight Details:</b><BR/>  <center>\n
Action.c(104):       09/26/2020\n
Action.c(104):      :  1pm : Flight 591 leaves Portland  for Zurich.<br>  </center>\n
Action.c(104):       </TD>\n
Action.c(104):     </TR>\n
Action.c(104):     \n
Action.c(104):     <TR bgcolor="#EFF2F7">\n
Action.c(104):       <TD COLSPAN="4">\n
Action.c(104):       <hr/>\n
Action.c(104):       </TD>\n
Action.c(104):     </TR>\n
Action.c(104):     \n
Action.c(104):     <!-- Flight #1 -->\n
Action.c(104):     <TR bgcolor="#EFF2F7">\n
Action.c(104):       <TD width="5%" rowspan="2" align="left" valign="top">\n
Action.c(104):     <b>\n
Action.c(104):     <label><input type="checkbox" name="64" value="on" /></label></font></b>\n
Action.c(104):     <input type="hidden" name="flightID" value="3725680-49259-MN"  />\n
Action.c(104):       </TD>\n
Action.c(104):       <TD width="45%" valign="top">\n
Action.c(104):           <b>&nbsp;&nbsp;A Coach class ticket for :</b><br/>\n
Action.c(104):           <center><table border="0" width="85%"><tr><td>\n
Action.c(104):           <li><i>Michael Nilsson\n
Action.c(104):           <li><i></i>\n
Action.c(104):           </td></tr></table></center>\n
Action.c(104):       </TD>\n
Action.c(104):       <TD width="5%" >.<br/>.<br/>.<br/>.</TD>\n
Action.c(104):       <TD width="45%" valign=top><b>Invoice sent to:</b><br/>\n
Action.c(104):           <center>\n
Action.c(104):           <Table width="80%" cellspacing="0" > <tr> <td>\n
Action.c(104):               Michael Nilsson\n
Action.c(104):     <br/>\n
Action.c(104):               Mansurovsky Lane<br/>\n
Action.c(104):               Moscow<br/>\n
Action.c(104):               <br/>\n
Action.c(104):               Total Charge: $ 378 <BR/> (CC: x-0100)\n
Action.c(104):           </td> </tr> </table>\n
Action.c(104):           </center>\n
Action.c(104):       </TD>\n
Action.c(104):     </TR>\n
Action.c(104):     <TR bgcolor="#EFF2F7">\n
Action.c(104):       <TD COLSPAN="3">\n
Action.c(104):       <b>Flight Details:</b><BR/>  <center>\n
Action.c(104):       09/26/2020\n
Action.c(104):      :  11pm : Flight 593 leaves Portland  for Zurich.<br>  </center>\n
Action.c(104):       </TD>\n
Action.c(104):     </TR>\n
Action.c(104):     \n
Action.c(104):     <TR bgcolor="#EFF2F7">\n
Action.c(104):       <TD COLSPAN="4">\n
Action.c(104):       <hr/>\n
Action.c(104):       </TD>\n
Action.c(104):     </TR>\n
Action.c(104):     <TR>\n
Action.c(104):        <TD align="center" COLSPAN="4">\n
Action.c(104):        <b>A total of 64 scheduled flights.</font></b>\n
Action.c(104):        </TD>\n
Action.c(104):     </TR>\n
Action.c(104):     </TABLE>\n
Action.c(104):     \n
Action.c(104):     <TABLE WIDTH="87%" BORDER="0" CELLSPACING="0">\n
Action.c(104):     <TR>\n
Action.c(104):     <TD align="left" width="50%" >\n
Action.c(104):     <input type="image" name="removeFlights" src="/WebTours/images/cancelreservation.gif" bord
Action.c(104):     er="0" /></TD>\n
Action.c(104):     <TD align="right" width="50%" >\n
Action.c(104):     <input type="image" name="removeAllFlights" src="/WebTours/images/cancelallreservations.gi
Action.c(104):     f" border="0" /></TD>\n
Action.c(104):     </TABLE>\n
Action.c(104):     \n
Action.c(104):     <div><input type="hidden" name=".cgifields" value="33"  /><input type="hidden" name=".cgif
Action.c(104):     ields" value="32"  /><input type="hidden" name=".cgifields" value="63"  /><input type="hid
Action.c(104):     den" name=".cgifields" value="21"  /><input type="hidden" name=".cgifields" value="7"  /><
Action.c(104):     input type="hidden" name=".cgifields" value="26"  /><input type="hidden" name=".cgifields"
Action.c(104):      value="18"  /><input type="hidden" name=".cgifields" value="16"  /><input type="hidden" n
Action.c(104):     ame=".cgifields" value="44"  /><input type="hidden" name=".cgifields" value="55"  /><input
Action.c(104):      type="hidden" name=".cgifields" value="27"  /><input type="hidden" name=".cgifields" valu
Action.c(104):     e="57"  /><input type="hidden" name=".cgifields" value="61"  /><input type="hidden" name="
Action.c(104):     .cgifields" value="20"  /><input type="hidden" name=".cgifields" value="10"  /><input type
Action.c(104):     ="hidden" name=".cgifields" value="31"  /><input type="hidden" name=".cgifields" value="35
Action.c(104):     "  /><input type="hidden" name=".cgifields" value="11"  /><input type="hidden" name=".cgif
Action.c(104):     ields" value="48"  /><input type="hidden" name=".cgifields" value="29"  /><input type="hid
Action.c(104):     den" name=".cgifields" value="50"  /><input type="hidden" name=".cgifields" value="39"  />
Action.c(104):     <input type="hidden" name=".cgifields" value="64"  /><input type="hidden" name=".cgifields
Action.c(104):     " value="58"  /><input type="hidden" name=".cgifields" value="41"  /><input type="hidden" 
Action.c(104):     name=".cgifields" value="12"  /><input type="hidden" name=".cgifields" value="15"  /><inpu
Action.c(104):     t type="hidden" name=".cgifields" value="52"  /><input type="hidden" name=".cgifields" val
Action.c(104):     ue="60"  /><input type="hidden" name=".cgifields" value="56"  /><input type="hidden" name=
Action.c(104):     ".cgifields" value="45"  /><input type="hidden" name=".cgifields" value="19"  /><input typ
Action.c(104):     e="hidden" name=".cgifields" value="62"  /><
Action.c(104): Found resource "http://localhost:1080/WebTours/images/cancelreservation.gif" in HTML "http://localhost:1080/cgi-bin/itinerary.pl"  	[MsgId: MMSG-26659]
Action.c(104): Found resource "http://localhost:1080/WebTours/images/cancelallreservations.gif" in HTML "http://localhost:1080/cgi-bin/itinerary.pl"  	[MsgId: MMSG-26659]
Action.c(104): t=226414ms: 7-byte chunked response overhead for "http://localhost:1080/cgi-bin/itinerary.pl" (RelFrameId=1.2, Internal ID=93)
Action.c(104):     \r\n
Action.c(104):     610\r\n
Action.c(104): t=226414ms: 7-byte chunked response overhead for "http://localhost:1080/cgi-bin/itinerary.pl" (RelFrameId=1.2, Internal ID=93)
Action.c(104):     \r\n
Action.c(104):     0\r\n
Action.c(104):     \r\n
Action.c(104): t=226414ms: 1675-byte chunked response body for "http://localhost:1080/cgi-bin/itinerary.pl" (RelFrameId=1.2, Internal ID=93)
Action.c(104):     input type="hidden" name=".cgifields" value="54"  /><input type="hidden" name=".cgifields"
Action.c(104):      value="2"  /><input type="hidden" name=".cgifields" value="17"  /><input type="hidden" na
Action.c(104):     me=".cgifields" value="1"  /><input type="hidden" name=".cgifields" value="30"  /><input t
Action.c(104):     ype="hidden" name=".cgifields" value="25"  /><input type="hidden" name=".cgifields" value=
Action.c(104):     "28"  /><input type="hidden" name=".cgifields" value="40"  /><input type="hidden" name=".c
Action.c(104):     gifields" value="14"  /><input type="hidden" name=".cgifields" value="59"  /><input type="
Action.c(104):     hidden" name=".cgifields" value="49"  /><input type="hidden" name=".cgifields" value="24" 
Action.c(104):      /><input type="hidden" name=".cgifields" value="53"  /><input type="hidden" name=".cgifie
Action.c(104):     lds" value="22"  /><input type="hidden" name=".cgifields" value="42"  /><input type="hidde
Action.c(104):     n" name=".cgifields" value="46"  /><input type="hidden" name=".cgifields" value="23"  /><i
Action.c(104):     nput type="hidden" name=".cgifields" value="13"  /><input type="hidden" name=".cgifields" 
Action.c(104):     value="6"  /><input type="hidden" name=".cgifields" value="3"  /><input type="hidden" name
Action.c(104):     =".cgifields" value="36"  /><input type="hidden" name=".cgifields" value="9"  /><input typ
Action.c(104):     e="hidden" name=".cgifields" value="51"  /><input type="hidden" name=".cgifields" value="4
Action.c(104):     7"  /><input type="hidden" name=".cgifields" value="8"  /><input type="hidden" name=".cgif
Action.c(104):     ields" value="38"  /><input type="hidden" name=".cgifields" value="4"  /><input type="hidd
Action.c(104):     en" name=".cgifields" value="34"  /><input type="hidden" name=".cgifields" value="37"  /><
Action.c(104):     input type="hidden" name=".cgifields" value="43"  /><input type="hidden" name=".cgifields"
Action.c(104):      value="5"  /></div></form>\n
Action.c(104):     \n
Action.c(104):     </center>\n
Action.c(104):     \n
Action.c(104):     </body>\n
Action.c(104):     </html>
Action.c(104): t=226415ms: 297-byte response headers for "http://localhost:1080/WebTours/images/in_itinerary.gif" (RelFrameId=, Internal ID=94)
Action.c(104):     HTTP/1.1 200 OK\r\n
Action.c(104):     Date: Sat, 26 Sep 2020 14:15:39 GMT\r\n
Action.c(104):     Server: Apache/2.2.21 (Win32)\r\n
Action.c(104):     Last-Modified: Thu, 12 Jan 2012 13:30:27 GMT\r\n
Action.c(104):     ETag: "c00000005a357-2dd-4b654c052c2c0"\r\n
Action.c(104):     Accept-Ranges: bytes\r\n
Action.c(104):     Content-Length: 733\r\n
Action.c(104):     Keep-Alive: timeout=5, max=99\r\n
Action.c(104):     Connection: Keep-Alive\r\n
Action.c(104):     Content-Type: image/gif\r\n
Action.c(104):     \r\n
Action.c(104): t=226415ms: 733-byte response body for "http://localhost:1080/WebTours/images/in_itinerary.gif" (RelFrameId=, Internal ID=94)
Action.c(104): t=226415ms: 299-byte response headers for "http://localhost:1080/WebTours/images/cancelreservation.gif" (RelFrameId=, Internal ID=96)
Action.c(104):     HTTP/1.1 200 OK\r\n
Action.c(104):     Date: Sat, 26 Sep 2020 14:15:39 GMT\r\n
Action.c(104):     Server: Apache/2.2.21 (Win32)\r\n
Action.c(104):     Last-Modified: Thu, 12 Jan 2012 13:30:27 GMT\r\n
Action.c(104):     ETag: "27f00000005a2bd-33f-4b654c052c2c0"\r\n
Action.c(104):     Accept-Ranges: bytes\r\n
Action.c(104):     Content-Length: 831\r\n
Action.c(104):     Keep-Alive: timeout=5, max=98\r\n
Action.c(104):     Connection: Keep-Alive\r\n
Action.c(104):     Content-Type: image/gif\r\n
Action.c(104):     \r\n
Action.c(104): t=226415ms: 831-byte response body for "http://localhost:1080/WebTours/images/cancelreservation.gif" (RelFrameId=, Internal ID=96)
Action.c(104): t=226415ms: 298-byte response headers for "http://localhost:1080/WebTours/images/cancelallreservations.gif" (RelFrameId=, Internal ID=97)
Action.c(104):     HTTP/1.1 200 OK\r\n
Action.c(104):     Date: Sat, 26 Sep 2020 14:15:39 GMT\r\n
Action.c(104):     Server: Apache/2.2.21 (Win32)\r\n
Action.c(104):     Last-Modified: Thu, 12 Jan 2012 13:30:27 GMT\r\n
Action.c(104):     ETag: "2800000005a2b7-2e6-4b654c052c2c0"\r\n
Action.c(104):     Accept-Ranges: bytes\r\n
Action.c(104):     Content-Length: 742\r\n
Action.c(104):     Keep-Alive: timeout=5, max=99\r\n
Action.c(104):     Connection: Keep-Alive\r\n
Action.c(104):     Content-Type: image/gif\r\n
Action.c(104):     \r\n
Action.c(104): t=226416ms: 742-byte response body for "http://localhost:1080/WebTours/images/cancelallreservations.gif" (RelFrameId=, Internal ID=97)
Action.c(104): Registered web_reg_find successful for "Text=<b>Itinerary</font></b>" (count=1)  	[MsgId: MMSG-26364]
Action.c(104): web_url("Itinerary Button") was successful, 80223 body bytes, 1918 header bytes, 179 chunking overhead bytes  	[MsgId: MMSG-26385]
Action.c(114): Notify: Transaction "click_itinerary" ended with a "Pass" status (Duration: 5,1308 Think Time: 5,0014 Wasted Time: 0,0002).	[MsgId: MMSG-16870]
Action.c(116): Notify: Transaction "click_sign_off" started.	[MsgId: MMSG-16999]
Action.c(118): web_remove_auto_header("Sec-Fetch-User") started  	[MsgId: MMSG-26355]
Action.c(118): Previous automatically added web header for "Sec-Fetch-User" removed  	[MsgId: MMSG-26587]
Action.c(118): web_remove/revert_auto_header("Sec-Fetch-User") was successful  	[MsgId: MMSG-26392]
Action.c(120): web_add_header("Sec-Fetch-User") started  	[MsgId: MMSG-26355]
Action.c(120): web_add_header("Sec-Fetch-User") was successful  	[MsgId: MMSG-26392]
Action.c(123): lr_think_time: 5,00 seconds.	[MsgId: MMSG-15948]
Action.c(123): Notify: Transaction "click_sign_off" ended with a "Stop" status (Duration: 1,9051).	[MsgId: MMSG-16873]
Action.c(123): Notify: Transaction "03_Check_Itinerary" ended with a "Stop" status (Duration: 12,2103 Think Time: 10,0020 Wasted Time: 0,0004).	[MsgId: MMSG-16870]
Abort was called from an action.	[MsgId: MMSG-10447]
Ending Vuser...	[MsgId: MMSG-15966]
Starting action vuser_end.	[MsgId: MMSG-15919]
Ending action vuser_end.	[MsgId: MMSG-15918]
Vuser Terminated.	[MsgId: MMSG-15963]
Vuser 0 (thread 18380), ended OK."	[MsgId: MMSG-10695]
Action was aborted.	[MsgId: MMSG-10694]
Ending Vuser...	[MsgId: MMSG-15966]
Starting action vuser_end.	[MsgId: MMSG-15919]
Ending action vuser_end.	[MsgId: MMSG-15918]
Vuser Terminated.	[MsgId: MMSG-15963]
Action was aborted.	[MsgId: MMSG-10694]
Ending Vuser...	[MsgId: MMSG-15966]
Starting action vuser_end.	[MsgId: MMSG-15919]
Ending action vuser_end.	[MsgId: MMSG-15918]
Vuser Terminated.	[MsgId: MMSG-15963]
Vuser 2 (thread 19212), ended OK."	[MsgId: MMSG-10695]
Vuser 1 (thread 10616), ended OK."	[MsgId: MMSG-10695]
