Action.c(104):       <TD COLSPAN="3">\n
Action.c(104):       <b>Flight Details:</b><BR/>  <center>\n
Action.c(104):       09/28/2020\n
Action.c(104):      :  8am : Flight 160 leaves Frankfurt  for San Francisco.<br>  </center>\n
Action.c(104):       </TD>\n
Action.c(104):     </TR>\n
Action.c(104):     \n
Action.c(104):     <TR bgcolor="#EFF2F7">\n
Action.c(104):       <TD COLSPAN="4">\n
Action.c(104):       <hr/>\n
Action.c(104):       </TD>\n
Action.c(104):     </TR>\n
Action.c(104):     \n
Action.c(104):     <!-- Flight #1 -->\n
Action.c(104):     <TR bgcolor="#EFF2F7">\n
Action.c(104):       <TD width="5%" rowspan="2" align="left" valign="top">\n
Action.c(104):     <b>\n
Action.c(104):     <label><input type="checkbox" name="132" value="on" /></label></font></b>\n
Action.c(104):     <input type="hidden" name="flightID" value="130931909-101581-WE"  />\n
Action.c(104):       </TD>\n
Action.c(104):       <TD width="45%" valign="top">\n
Action.c(104):           <b>&nbsp;&nbsp;A Business class ticket for :</b><br/>\n
Action.c(104):           <center><table border="0" width="85%"><tr><td>\n
Action.c(104):           <li><i>William Eriksson\n
Action.c(104):           <li><i></i>\n
Action.c(104):           </td></tr></table></center>\n
Action.c(104):       </TD>\n
Action.c(104):       <TD width="5%" >.<br/>.<br/>.<br/>.</TD>\n
Action.c(104):       <TD width="45%" valign=top><b>Invoice sent to:</b><br/>\n
Action.c(104):           <center>\n
Action.c(104):           <Table width="80%" cellspacing="0" > <tr> <td>\n
Action.c(104):               William Eriksson\n
Action.c(104):     <br/>\n
Action.c(104):               Mantulinskaya Street<br/>\n
Action.c(104):               Moscow<br/>\n
Action.c(104):               <br/>\n
Action.c(104):               Total Charge: $ 557 <BR/> (CC: x-3535)\n
Action.c(104):           </td> </tr> </table>\n
Action.c(104):           </center>\n
Action.c(104):       </TD>\n
Action.c(104):     </TR>\n
Action.c(104):     <TR bgcolor="#EFF2F7">\n
Action.c(104):       <TD COLSPAN="3">\n
Action.c(104):       <b>Flight Details:</b><BR/>  <center>\n
Action.c(104):       09/28/2020\n
Action.c(104):      :  1pm : Flight 161 leaves Frankfurt  for San Francisco.<br>  </center>\n
Action.c(104):       </TD>\n
Action.c(104):     </TR>\n
Action.c(104):     \n
Action.c(104):     <TR bgcolor="#EFF2F7">\n
Action.c(104):       <TD COLSPAN="4">\n
Action.c(104):       <hr/>\n
Action.c(104):       </TD>\n
Action.c(104):     </TR>\n
Action.c(104):     <TR>\n
Action.c(104):        <TD align="center" COLSPAN="4">\n
Action.c(104):        <b>A total of 132 scheduled flights.</font></b>\n
Action.c(104):        </TD>\n
Action.c(104):     </TR>\n
Action.c(104):     </TABLE>\n
Action.c(104):     \n
Action.c(104):     <TABLE WIDTH="87%" BORDER="0" CELLSPACING="0">\n
Action.c(104):     <TR>\n
Action.c(104):     <TD align="left" width="50%" >\n
Action.c(104):     <input type="image" name="removeFlights" src="/WebTours/images/cancelreservation.gif" bord
Action.c(104):     er="0" /></TD>\n
Action.c(104):     <TD align="right" width="50%" >\n
Action.c(104):     <input type="image" name="removeAllFlights" src="/WebTours/images/cancelallreservations.gi
Action.c(104):     f" border="0" /></TD>\n
Action.c(104):     </TABLE>\n
Action.c(104):     \n
Action.c(104):     <div><input type="hidden" name=".cgifields" value="127"  /><input type="hidden" name=".cgi
Action.c(104):     fields" value="32"  /><input type="hidden" name=".cgifields" value="90"  /><input type="hi
Action.c(104):     dden" name=".cgifields" value="118"  /><input type="hidden" name=".cgifields" value="71"  
Action.c(104):     /><input type="hidden" name=".cgifields" value="102"  /><input type="hidden" name=".cgifie
Action.c(104):     lds" value="18"  /><input type="hidden" name=".cgifields" value="125"  /><input type="hidd
Action.c(104):     en" name=".cgifields" value="16"  /><input type="hidden" name=".cgifields" value="44"  /><
Action.c(104):     input type="hidden" name=".cgifields" value="55"  /><input type="hidden" name=".cgifields"
Action.c(104):      value="84"  /><input type="hidden" name=".cgifields" value="27"  /><input type="hidden" n
Action.c(104):     ame=".cgifields" value="95"  /><input type="hidden" name=".cgifields" value="57"  /><input
Action.c(104):      type="hidden" name=".cgifields" value="20"  /><input type="hidden" name=".cgifields" valu
Action.c(104):     e="109"  /><input type="hidden" name=".cgifields" value="89"  /><input type="hidden" name=
Action.c(104):     ".cgifields" value="31"  /><input type="hidden" name=".cgifields" value="35"  /><input typ
Action.c(104):     e="hidden" name=".cgifields" value="11"  /><input type="hidden" name=".cgifields" value="7
Action.c(104):     8"  /><input type="hidden" name=".cgifields" value="93"  /><input type="hidden" name=".cgi
Action.c(104):     fields" value="106"  /><input type="hidden" name=".cgifields" value="65"  /><input type="h
Action.c(104):     idden" name=".cgifields" value="29"  /><input type="hidden" name=".cgifields" value="114" 
Action.c(104):      /><input type="hidden" name=".cgifields" value="58"  /><input type="hidden" name=".cgifie
Action.c(104):     lds" value="15"  /><input type="hidden" name=".cgifields" value="81"  /><input type="hidde
Action.c(104):     n" name=".cgifields" value="60"  /><input type="hidden" name=".cgifields" value="101"  /><
Action.c(104):     input type="hidden" name=".cgifields" value="73"  /><input type="hidden" name=".cgifields"
Action.c(104):      value="86"  /><input type="hidden" name=".cgifields" value="76"  /><input type="hidden" n
Action.c(104):     ame=".cgifields" value="62"  /><input type="hidden" name=".cgifields" value="67"  /><input
Action.c(104):      type="hidden" name=".cgifields" value="129"  /><input type="hidden" name=".cgifields" val
Action.c(104):     ue="2"  /><input type="hidden" name=".cgifields" value="17"  /><input type="hidden" name="
Action.c(104):     .cgifields" value="110"  /><input type="hidden" name=".cgifields" value="82"  /><input typ
Action.c(104):     e="hidden" name=".cgifields" value="14"  /><input type="hidden" name=".cgifields" value="1
Action.c(104):     12"  /><input type="hidden" name=".cgifields" value="69"  /><input type="hidden" name=".cg
Action.c(104):     ifields" value="49"  /><input type="hidden" name=".cgifields" value="24"  /><input type="h
Action.c(104):     idden" name=".cgifields" value="124"  /><input type="hidden" name=".cgifields" value="104"
Action.c(104):       /><input type="hidden" name=".cgifields" value="131"  /><input type="hidden" name=".cgif
Action.c(104):     ields" value="121"  /><input type="hidden" name=".cgifields" value="79"  /><input type="hi
Action.c(104):     dden" name=".cgifields" value="23"  /><input type="hidden" name=".cgifields" value="96"  /
Action.c(104):     ><input type="hidden" name=".cgifields" value="126"  /><input type="hidden" name=".cgifiel
Action.c(104):     ds" value="47"  /><input type="hidden" name=".cgifields" value="8"  /><input type="hidden"
Action.c(104):      name=".cgifields" value="98"  /><input type="hidden" name=".cgifields" value="37"  /><inp
Action.c(104):     ut type="hidden" name=".cgifields" value="117"  /><input type="hidden" name=".cgifields" v
Action.c(104):     alue="43"  /><input type="hidden" name=".cgifields" value="5"  /><input type="hidden" name
Action.c(104):     =".cgif
Action.c(104): Found resource "http://localhost:1080/WebTours/images/cancelreservation.gif" in HTML "http://localhost:1080/cgi-bin/itinerary.pl"  	[MsgId: MMSG-26659]
Action.c(104): Found resource "http://localhost:1080/WebTours/images/cancelallreservations.gif" in HTML "http://localhost:1080/cgi-bin/itinerary.pl"  	[MsgId: MMSG-26659]
Action.c(104): t=3835127ms: 7-byte chunked response overhead for "http://localhost:1080/cgi-bin/itinerary.pl" (RelFrameId=1.2, Internal ID=2618)
Action.c(104):     \r\n
Action.c(104):     d67\r\n
Action.c(104): t=3835127ms: 7-byte chunked response overhead for "http://localhost:1080/cgi-bin/itinerary.pl" (RelFrameId=1.2, Internal ID=2618)
Action.c(104):     \r\n
Action.c(104):     0\r\n
Action.c(104):     \r\n
Action.c(104): t=3835127ms: 3729-byte chunked response body for "http://localhost:1080/cgi-bin/itinerary.pl" (RelFrameId=1.2, Internal ID=2618)
Action.c(104):     ields" value="33"  /><input type="hidden" name=".cgifields" value="21"  /><input type="hid
Action.c(104):     den" name=".cgifields" value="63"  /><input type="hidden" name=".cgifields" value="7"  /><
Action.c(104):     input type="hidden" name=".cgifields" value="26"  /><input type="hidden" name=".cgifields"
Action.c(104):      value="80"  /><input type="hidden" name=".cgifields" value="119"  /><input type="hidden" 
Action.c(104):     name=".cgifields" value="99"  /><input type="hidden" name=".cgifields" value="72"  /><inpu
Action.c(104):     t type="hidden" name=".cgifields" value="74"  /><input type="hidden" name=".cgifields" val
Action.c(104):     ue="61"  /><input type="hidden" name=".cgifields" value="108"  /><input type="hidden" name
Action.c(104):     =".cgifields" value="115"  /><input type="hidden" name=".cgifields" value="92"  /><input t
Action.c(104):     ype="hidden" name=".cgifields" value="103"  /><input type="hidden" name=".cgifields" value
Action.c(104):     ="10"  /><input type="hidden" name=".cgifields" value="113"  /><input type="hidden" name="
Action.c(104):     .cgifields" value="91"  /><input type="hidden" name=".cgifields" value="48"  /><input type
Action.c(104):     ="hidden" name=".cgifields" value="107"  /><input type="hidden" name=".cgifields" value="8
Action.c(104):     7"  /><input type="hidden" name=".cgifields" value="77"  /><input type="hidden" name=".cgi
Action.c(104):     fields" value="123"  /><input type="hidden" name=".cgifields" value="50"  /><input type="h
Action.c(104):     idden" name=".cgifields" value="39"  /><input type="hidden" name=".cgifields" value="64"  
Action.c(104):     /><input type="hidden" name=".cgifields" value="97"  /><input type="hidden" name=".cgifiel
Action.c(104):     ds" value="12"  /><input type="hidden" name=".cgifields" value="41"  /><input type="hidden
Action.c(104):     " name=".cgifields" value="52"  /><input type="hidden" name=".cgifields" value="56"  /><in
Action.c(104):     put type="hidden" name=".cgifields" value="45"  /><input type="hidden" name=".cgifields" v
Action.c(104):     alue="66"  /><input type="hidden" name=".cgifields" value="19"  /><input type="hidden" nam
Action.c(104):     e=".cgifields" value="54"  /><input type="hidden" name=".cgifields" value="70"  /><input t
Action.c(104):     ype="hidden" name=".cgifields" value="68"  /><input type="hidden" name=".cgifields" value=
Action.c(104):     "1"  /><input type="hidden" name=".cgifields" value="88"  /><input type="hidden" name=".cg
Action.c(104):     ifields" value="116"  /><input type="hidden" name=".cgifields" value="30"  /><input type="
Action.c(104):     hidden" name=".cgifields" value="100"  /><input type="hidden" name=".cgifields" value="25"
Action.c(104):       /><input type="hidden" name=".cgifields" value="128"  /><input type="hidden" name=".cgif
Action.c(104):     ields" value="28"  /><input type="hidden" name=".cgifields" value="120"  /><input type="hi
Action.c(104):     dden" name=".cgifields" value="40"  /><input type="hidden" name=".cgifields" value="75"  /
Action.c(104):     ><input type="hidden" name=".cgifields" value="83"  /><input type="hidden" name=".cgifield
Action.c(104):     s" value="59"  /><input type="hidden" name=".cgifields" value="130"  /><input type="hidden
Action.c(104):     " name=".cgifields" value="53"  /><input type="hidden" name=".cgifields" value="122"  /><i
Action.c(104):     nput type="hidden" name=".cgifields" value="42"  /><input type="hidden" name=".cgifields" 
Action.c(104):     value="22"  /><input type="hidden" name=".cgifields" value="46"  /><input type="hidden" na
Action.c(104):     me=".cgifields" value="13"  /><input type="hidden" name=".cgifields" value="105"  /><input
Action.c(104):      type="hidden" name=".cgifields" value="6"  /><input type="hidden" name=".cgifields" value
Action.c(104):     ="85"  /><input type="hidden" name=".cgifields" value="36"  /><input type="hidden" name=".
Action.c(104):     cgifields" value="3"  /><input type="hidden" name=".cgifields" value="94"  /><input type="
Action.c(104):     hidden" name=".cgifields" value="51"  /><input type="hidden" name=".cgifields" value="9"  
Action.c(104):     /><input type="hidden" name=".cgifields" value="111"  /><input type="hidden" name=".cgifie
Action.c(104):     lds" value="38"  /><input type="hidden" name=".cgifields" value="4"  /><input type="hidden
Action.c(104):     " name=".cgifields" value="34"  /><input type="hidden" name=".cgifields" value="132"  /></
Action.c(104):     div></form>\n
Action.c(104):     \n
Action.c(104):     </center>\n
Action.c(104):     \n
Action.c(104):     </body>\n
Action.c(104):     </html>
Action.c(104): t=3835129ms: 299-byte response headers for "http://localhost:1080/WebTours/images/cancelreservation.gif" (RelFrameId=, Internal ID=2621)
Action.c(104):     HTTP/1.1 200 OK\r\n
Action.c(104):     Date: Sun, 27 Sep 2020 22:23:17 GMT\r\n
Action.c(104):     Server: Apache/2.2.21 (Win32)\r\n
Action.c(104):     Last-Modified: Thu, 12 Jan 2012 13:30:27 GMT\r\n
Action.c(104):     ETag: "27f00000005a2bd-33f-4b654c052c2c0"\r\n
Action.c(104):     Accept-Ranges: bytes\r\n
Action.c(104):     Content-Length: 831\r\n
Action.c(104):     Keep-Alive: timeout=5, max=98\r\n
Action.c(104):     Connection: Keep-Alive\r\n
Action.c(104):     Content-Type: image/gif\r\n
Action.c(104):     \r\n
Action.c(104): t=3835129ms: 831-byte response body for "http://localhost:1080/WebTours/images/cancelreservation.gif" (RelFrameId=, Internal ID=2621)
Action.c(104): t=3835129ms: 298-byte response headers for "http://localhost:1080/WebTours/images/cancelallreservations.gif" (RelFrameId=, Internal ID=2622)
Action.c(104):     HTTP/1.1 200 OK\r\n
Action.c(104):     Date: Sun, 27 Sep 2020 22:23:17 GMT\r\n
Action.c(104):     Server: Apache/2.2.21 (Win32)\r\n
Action.c(104):     Last-Modified: Thu, 12 Jan 2012 13:30:27 GMT\r\n
Action.c(104):     ETag: "2800000005a2b7-2e6-4b654c052c2c0"\r\n
Action.c(104):     Accept-Ranges: bytes\r\n
Action.c(104):     Content-Length: 742\r\n
Action.c(104):     Keep-Alive: timeout=5, max=98\r\n
Action.c(104):     Connection: Keep-Alive\r\n
Action.c(104):     Content-Type: image/gif\r\n
Action.c(104):     \r\n
Action.c(104): t=3835129ms: 742-byte response body for "http://localhost:1080/WebTours/images/cancelallreservations.gif" (RelFrameId=, Internal ID=2622)
Action.c(104): t=3835129ms: 298-byte response headers for "http://localhost:1080/WebTours/images/home.gif" (RelFrameId=, Internal ID=2620)
Action.c(104):     HTTP/1.1 200 OK\r\n
Action.c(104):     Date: Sun, 27 Sep 2020 22:23:17 GMT\r\n
Action.c(104):     Server: Apache/2.2.21 (Win32)\r\n
Action.c(104):     Last-Modified: Thu, 12 Jan 2012 13:30:27 GMT\r\n
Action.c(104):     ETag: "600000005a31a-2b0-4b654c052c2c0"\r\n
Action.c(104):     Accept-Ranges: bytes\r\n
Action.c(104):     Content-Length: 688\r\n
Action.c(104):     Keep-Alive: timeout=5, max=100\r\n
Action.c(104):     Connection: Keep-Alive\r\n
Action.c(104):     Content-Type: image/gif\r\n
Action.c(104):     \r\n
Action.c(104): t=3835130ms: 688-byte response body for "http://localhost:1080/WebTours/images/home.gif" (RelFrameId=, Internal ID=2620)
Action.c(104): Registered web_reg_find successful for "Text=<b>Itinerary</font></b>" (count=1)  	[MsgId: MMSG-26364]
Action.c(104): web_url("Itinerary Button") was successful, 159926 body bytes, 1918 header bytes, 331 chunking overhead bytes  	[MsgId: MMSG-26385]
Action.c(114): Notify: Transaction "click_itinerary" ended with a "Pass" status (Duration: 5,1847 Think Time: 4,9998 Wasted Time: 0,0004).	[MsgId: MMSG-16870]
Action.c(116): Notify: Transaction "click_sign_off" started.	[MsgId: MMSG-16999]
Action.c(118): web_remove_auto_header("Sec-Fetch-User") started  	[MsgId: MMSG-26355]
Action.c(118): Previous automatically added web header for "Sec-Fetch-User" removed  	[MsgId: MMSG-26587]
Action.c(118): web_remove/revert_auto_header("Sec-Fetch-User") was successful  	[MsgId: MMSG-26392]
Action.c(120): web_add_header("Sec-Fetch-User") started  	[MsgId: MMSG-26355]
Action.c(120): web_add_header("Sec-Fetch-User") was successful  	[MsgId: MMSG-26392]
Action.c(123): lr_think_time: 5,00 seconds.	[MsgId: MMSG-15948]
Action.c(125): web_reg_find started  	[MsgId: MMSG-26355]
Action.c(125): Registering web_reg_find was successful  	[MsgId: MMSG-26390]
Action.c(129): web_url("SignOff Button") started  	[MsgId: MMSG-26355]
Action.c(129): t=3840167ms: 328-byte response headers for "http://localhost:1080/cgi-bin/welcome.pl?signOff=1" (RelFrameId=1, Internal ID=2623)
Action.c(129):     HTTP/1.1 200 OK\r\n
Action.c(129):     Date: Sun, 27 Sep 2020 22:23:22 GMT\r\n
Action.c(129):     Server: Apache/2.2.21 (Win32)\r\n
Action.c(129):     Set-Cookie: MSO=SID&1601245402; path=/\r\n
Action.c(129):     Set-Cookie: MTUserInfo=; path=/; expires=Sat, 26-Sep-2020 22:23:22 GMT\r\n
Action.c(129):     Keep-Alive: timeout=5, max=100\r\n
Action.c(129):     Connection: Keep-Alive\r\n
Action.c(129):     Transfer-Encoding: chunked\r\n
Action.c(129):     Content-Type: text/html; charset=ISO-8859-1\r\n
Action.c(129):     \r\n
Action.c(129): t=3840167ms: 5-byte chunked response overhead for "http://localhost:1080/cgi-bin/welcome.pl?signOff=1" (RelFrameId=1, Internal ID=2623)
Action.c(129):     2ae\r\n
Action.c(129): t=3840167ms: 2-byte chunked response overhead for "http://localhost:1080/cgi-bin/welcome.pl?signOff=1" (RelFrameId=1, Internal ID=2623)
Action.c(129):     \r\n
Action.c(129): t=3840167ms: 686-byte chunked response body for "http://localhost:1080/cgi-bin/welcome.pl?signOff=1" (RelFrameId=1, Internal ID=2623)
Action.c(129):     <!-- \n
Action.c(129):      A Session ID has been created and loaded into a cookie called MSO.\n
Action.c(129):      Also, the server options have been loaded into the cookie called\n
Action.c(129):      MSO as well.  The server options can be set via the Admin page.\n
Action.c(129):      --->\n
Action.c(129):     \n
Action.c(129):     <html>\n
Action.c(129):     <title>Web Tours</title>\n
Action.c(129):        <!-- Frame Set -->\n
Action.c(129):        <frameset cols="160,*" border="1" frameborder="1">\n
Action.c(129):           <!-- Navigation Frame -->\n
Action.c(129):           <frame src="nav.pl?in=home" name="navbar" marginheight="2" marginwidth="2" \n
Action.c(129):                 noresize="noresize" scrolling="auto"/>\n
Action.c(129):           <!-- Home Frame -->\n
Action.c(129):           <frame src="/WebTours/home.html" name="info" marginheight="2" marginwidth="2" \n
Action.c(129):                 noresize="noresize" scrolling="auto"/>\n
Action.c(129):        </frameset>\n
Action.c(129):     </html>\n
Action.c(129):     \n
Action.c(129):     </body>\n
Action.c(129):     </html>
Action.c(129): Detected non-resource "http://localhost:1080/cgi-bin/nav.pl?in=home" in "http://localhost:1080/cgi-bin/welcome.pl?signOff=1"  	[MsgId: MMSG-26574]
Action.c(129): Detected non-resource "http://localhost:1080/WebTours/home.html" in "http://localhost:1080/cgi-bin/welcome.pl?signOff=1"  	[MsgId: MMSG-26574]
Action.c(129): Retrieving data from cache for "http://localhost:1080/WebTours/home.html"  	[MsgId: MMSG-26558]
Action.c(129): t=3840168ms: 1361-byte response body retrieved from cache for "http://localhost:1080/WebTours/home.html" (RelFrameId=1.2, Internal ID=2625)
Action.c(129):     <HTML>\n
Action.c(129):     <HEAD>\n
Action.c(129):     \t<title>Web Tours</title>\n
Action.c(129):     </HEAD>\n
Action.c(129):     <style>\n
Action.c(129):     \tblockquote {font-family: tahoma; font-size : 10pt}\n
Action.c(129):     \tH1 {font-family: tahoma; font-size : 22pt; color: #003366}\n
Action.c(129):     \tsmall {font-family: tahoma; font-size : 8pt}\n
Action.c(129):     \tH3{font-family: tahoma; font-size : 10pt; color: black}\n
Action.c(129):     \tA {FONT-WEIGHT: bold; FONT-SIZE: 10pt; COLOR: black; FONT-FAMILY: Tahoma; TEXT-DECORATIO
Action.c(129):     N: none}\n
Action.c(129):     \tA:hover{ FONT-WEIGHT: bold; FONT-SIZE: 10pt; COLOR: #993333; FONT-FAMILY: Tahoma;TEXT-DE
Action.c(129):     CORATION: underline}\n
Action.c(129):     \tTD {font-family: tahoma; font-size : 10pt; color: black}\n
Action.c(129):     </style>\n
Action.c(129):     <body bgcolor="#e0e7f1">\n
Action.c(129):     <BR/>\n
Action.c(129):     <BR/>\n
Action.c(129):     <BR/>\n
Action.c(129):     <br/>\n
Action.c(129):     <table border="0">\n
Action.c(129):     <tr><td></td></tr>\n
Action.c(129):     <TR><TD></TD></TR>\n
Action.c(129):     <TR><TD>\n
Action.c(129):     <blockquote>\n
Action.c(129):     <H1><b>Web Tours</b></H1>\n
Action.c(129):     Welcome to the Web Tours site.\n
Action.c(129):     <br/>\n
Action.c(129):     To make reservations,please enter your account information to the left.\n
Action.c(129):     <br/>\n
Action.c(129):     If you haven't registered yet, <A href="/cgi-bin/login.pl?username=&amp;password=&amp;getI
Action.c(129):     nfo=true" ><B>sign up now</B></A> to get access to all our resources.\n
Action.c(129):     <br/>\n
Action.c(129):     To configure the server options, use <A href="/cgi-bin/admin.pl" target="body" ><b>adminis
Action.c(129):     tration</b></A> link.\n
Action.c(129):     <br/><br/><br/><br/><br/><br/>\n
Action.c(129):     <br/><small>\n
Action.c(129):     This product uses parts of the SMT Kernel, Copyright (c) 1991-99 <A href="http://www.imati
Action.c(129):     x.com" target="new"><B><small>iMatix Corporation</small></B></A> \n
Action.c(129):     </small>\n
Action.c(129):     </blockquote></TD>\n
Action.c(129):     <TD></TD></TR>\n
Action.c(129):     </table>\n
Action.c(129):     </body>\n
Action.c(129):     </HTML>\n
Action.c(129): t=3840172ms: 5-byte chunked response overhead for "http://localhost:1080/cgi-bin/welcome.pl?signOff=1" (RelFrameId=1, Internal ID=2623)
Action.c(129):     0\r\n
Action.c(129):     \r\n
Action.c(129): t=3840205ms: 256-byte response headers for "http://localhost:1080/cgi-bin/nav.pl?in=home" (RelFrameId=1.1, Internal ID=2624)
Action.c(129):     HTTP/1.1 200 OK\r\n
Action.c(129):     Date: Sun, 27 Sep 2020 22:23:22 GMT\r\n
Action.c(129):     Server: Apache/2.2.21 (Win32)\r\n
Action.c(129):     Expires: Sat, 26 Sep 2020 22:23:22 GMT\r\n
Action.c(129):     Keep-Alive: timeout=5, max=100\r\n
Action.c(129):     Connection: Keep-Alive\r\n
Action.c(129):     Transfer-Encoding: chunked\r\n
Action.c(129):     Content-Type: text/html; charset=ISO-8859-1\r\n
Action.c(129):     \r\n
Action.c(129): t=3840205ms: 5-byte chunked response overhead for "http://localhost:1080/cgi-bin/nav.pl?in=home" (RelFrameId=1.1, Internal ID=2624)
Action.c(129):     5d1\r\n
Action.c(129): t=3840205ms: 2-byte chunked response overhead for "http://localhost:1080/cgi-bin/nav.pl?in=home" (RelFrameId=1.1, Internal ID=2624)
Action.c(129):     \r\n
Action.c(129): t=3840205ms: 1489-byte chunked response body for "http://localhost:1080/cgi-bin/nav.pl?in=home" (RelFrameId=1.1, Internal ID=2624)
Action.c(129):     <!DOCTYPE html\n
Action.c(129):     \tPUBLIC "-//W3C//DTD XHTML 1.0 Transitional//EN"\n
Action.c(129):     \t "http://www.w3.org/TR/xhtml1/DTD/xhtml1-transitional.dtd">\n
Action.c(129):     <html xmlns="http://www.w3.org/1999/xhtml" lang="en-US" xml:lang="en-US">\n
Action.c(129):     <head>\n
Action.c(129):     <title>Web Tours Navigation Bar</title>\n
Action.c(129):     <meta http-equiv="Content-Type" content="text/html; charset=iso-8859-1" />\n
Action.c(129):     </head>\n
Action.c(129):     <body bgcolor="#E0E7F1">\n
Action.c(129):     <style>\n
Action.c(129):     blockquote {font-family: tahoma; font-size : 10pt}\n
Action.c(129):     H1 {font-family: tahoma; font-size : 22pt; color: #993333}\n
Action.c(129):     H3 {font-family: tahoma; font-size : 10pt; color: black}\n
Action.c(129):     small {font-family: tahoma; font-size : 8pt}\n
Action.c(129):     </style>\n
Action.c(129):     <form method="post" action="/cgi-bin/login.pl" target="body">\n
Action.c(129):     <input type="hidden" name="userSession" value="129708.011502633zzHViffpitVzzzzHtAADVpVDfAf
Action.c(129):     "/>\n
Action.c(129):     <table border="0"><tr><td>&nbsp;</td>\n
Action.c(129):     <td>&nbsp;</td></tr>\n
Action.c(129):     <tr><td>&nbsp;</td>\n
Action.c(129):     <td>&nbsp;</td></tr>\n
Action.c(129):     <tr><td>&nbsp;</td>\n
Action.c(129):     <td><small>&nbsp;Username</small></td></tr>\n
Action.c(129):     <tr><td>&nbsp;</td>\n
Action.c(129):     <td><input type="text" name="username" value="" size="14" maxlength="14"/></td></tr>\n
Action.c(129):     <tr><td>&nbsp;</td>\n
Action.c(129):     <td><small>&nbsp;Password</small></td>\n
Action.c(129):     <tr><td>&nbsp;</td>\n
Action.c(129):     <td><input type="password" name="password" value="" size="14" maxlength="14"/></td></tr>\n
Action.c(129):     <tr><td>&nbsp;</td>\n
Action.c(129):     <td>&nbsp;</td></tr>\n
Action.c(129):     <tr><td>&nbsp;</td>\n
Action.c(129):     <td><input type="image" name="login" value="Login" alt="Login" border="1" \n
Action.c(129):     src="/WebTours/images/mer_login.gif"/></td></tr>\n
Action.c(129):     <tr><td>&nbsp;</td><td>&nbsp;</td></tr>\n
Action.c(129):     </table><input type="hidden" name="JSFormSubmit" value="off"/>\n
Action.c(129):     </form>\n
Action.c(129):     \n
Action.c(129):     </body>\n
Action.c(129):     </html>\n
Action.c(129): Resource "http://localhost:1080/WebTours/images/mer_login.gif" is in the cache already and will not be downloaded again  	[MsgId: MMSG-26655]
Action.c(129): t=3840210ms: 5-byte chunked response overhead for "http://localhost:1080/cgi-bin/nav.pl?in=home" (RelFrameId=1.1, Internal ID=2624)
Action.c(129):     0\r\n
Action.c(129):     \r\n
Action.c(129): Registered web_reg_find successful for "Text= A Session ID has been created and loaded into a cookie called MSO" (count=1)  	[MsgId: MMSG-26364]
Action.c(129): web_url("SignOff Button") was successful, 2175 body bytes, 584 header bytes, 24 chunking overhead bytes  	[MsgId: MMSG-26385]
Action.c(139): Notify: Transaction "click_sign_off" ended with a "Pass" status (Duration: 5,0804 Think Time: 5,0003 Wasted Time: 0,0000).	[MsgId: MMSG-16870]
Action.c(141): Notify: Transaction "03_Check_Itinerary" ended with a "Pass" status (Duration: 15,4487 Think Time: 14,9995 Wasted Time: 0,0006).	[MsgId: MMSG-16870]
Ending action Action.	[MsgId: MMSG-15918]
Action was aborted.	[MsgId: MMSG-10694]
Ending Vuser...	[MsgId: MMSG-15966]
Starting action vuser_end.	[MsgId: MMSG-15919]
Ending action vuser_end.	[MsgId: MMSG-15918]
Vuser Terminated.	[MsgId: MMSG-15963]
Vuser 3 (thread 5960), ended OK."	[MsgId: MMSG-10695]
