Action.c(104):     </TR>\n
Action.c(104):     <TR bgcolor="#EFF2F7">\n
Action.c(104):       <TD COLSPAN="3">\n
Action.c(104):       <b>Flight Details:</b><BR/>  <center>\n
Action.c(104):       09/26/2020\n
Action.c(104):      :  8am : Flight 050 leaves Denver  for Portland.<br>  </center>\n
Action.c(104):       </TD>\n
Action.c(104):     </TR>\n
Action.c(104):     \n
Action.c(104):     <TR bgcolor="#EFF2F7">\n
Action.c(104):       <TD COLSPAN="4">\n
Action.c(104):       <hr/>\n
Action.c(104):       </TD>\n
Action.c(104):     </TR>\n
Action.c(104):     \n
Action.c(104):     <!-- Flight #1 -->\n
Action.c(104):     <TR bgcolor="#EFF2F7">\n
Action.c(104):       <TD width="5%" rowspan="2" align="left" valign="top">\n
Action.c(104):     <b>\n
Action.c(104):     <label><input type="checkbox" name="62" value="on" /></label></font></b>\n
Action.c(104):     <input type="hidden" name="flightID" value="130927904-47724-WE"  />\n
Action.c(104):       </TD>\n
Action.c(104):       <TD width="45%" valign="top">\n
Action.c(104):           <b>&nbsp;&nbsp;A First class ticket for :</b><br/>\n
Action.c(104):           <center><table border="0" width="85%"><tr><td>\n
Action.c(104):           <li><i>William Eriksson\n
Action.c(104):           <li><i></i>\n
Action.c(104):           </td></tr></table></center>\n
Action.c(104):       </TD>\n
Action.c(104):       <TD width="5%" >.<br/>.<br/>.<br/>.</TD>\n
Action.c(104):       <TD width="45%" valign=top><b>Invoice sent to:</b><br/>\n
Action.c(104):           <center>\n
Action.c(104):           <Table width="80%" cellspacing="0" > <tr> <td>\n
Action.c(104):               William Eriksson\n
Action.c(104):     <br/>\n
Action.c(104):               Mantulinskaya Street<br/>\n
Action.c(104):               Moscow<br/>\n
Action.c(104):               <br/>\n
Action.c(104):               Total Charge: $ 421 <BR/> (CC: x-3535)\n
Action.c(104):           </td> </tr> </table>\n
Action.c(104):           </center>\n
Action.c(104):       </TD>\n
Action.c(104):     </TR>\n
Action.c(104):     <TR bgcolor="#EFF2F7">\n
Action.c(104):       <TD COLSPAN="3">\n
Action.c(104):       <b>Flight Details:</b><BR/>  <center>\n
Action.c(104):       09/26/2020\n
Action.c(104):      :  11pm : Flight 053 leaves Denver  for Portland.<br>  </center>\n
Action.c(104):       </TD>\n
Action.c(104):     </TR>\n
Action.c(104):     \n
Action.c(104):     <TR bgcolor="#EFF2F7">\n
Action.c(104):       <TD COLSPAN="4">\n
Action.c(104):       <hr/>\n
Action.c(104):       </TD>\n
Action.c(104):     </TR>\n
Action.c(104):     \n
Action.c(104):     <!-- Flight #1 -->\n
Action.c(104):     <TR bgcolor="#EFF2F7">\n
Action.c(104):       <TD width="5%" rowspan="2" align="left" valign="top">\n
Action.c(104):     <b>\n
Action.c(104):     <label><input type="checkbox" name="63" value="on" /></label></font></b>\n
Action.c(104):     <input type="hidden" name="flightID" value="130927792-48492-WE"  />\n
Action.c(104):       </TD>\n
Action.c(104):       <TD width="45%" valign="top">\n
Action.c(104):           <b>&nbsp;&nbsp;A Business class ticket for :</b><br/>\n
Action.c(104):           <center><table border="0" width="85%"><tr><td>\n
Action.c(104):           <li><i>William Eriksson\n
Action.c(104):           <li><i></i>\n
Action.c(104):           </td></tr></table></center>\n
Action.c(104):       </TD>\n
Action.c(104):       <TD width="5%" >.<br/>.<br/>.<br/>.</TD>\n
Action.c(104):       <TD width="45%" valign=top><b>Invoice sent to:</b><br/>\n
Action.c(104):           <center>\n
Action.c(104):           <Table width="80%" cellspacing="0" > <tr> <td>\n
Action.c(104):               William Eriksson\n
Action.c(104):     <br/>\n
Action.c(104):               Mantulinskaya Street<br/>\n
Action.c(104):               Moscow<br/>\n
Action.c(104):               <br/>\n
Action.c(104):               Total Charge: $ 398 <BR/> (CC: x-3535)\n
Action.c(104):           </td> </tr> </table>\n
Action.c(104):           </center>\n
Action.c(104):       </TD>\n
Action.c(104):     </TR>\n
Action.c(104):     <TR bgcolor="#EFF2F7">\n
Action.c(104):       <TD COLSPAN="3">\n
Action.c(104):       <b>Flight Details:</b><BR/>  <center>\n
Action.c(104):       09/26/2020\n
Action.c(104):      :  8am : Flight 050 leaves Denver  for Portland.<br>  </center>\n
Action.c(104):       </TD>\n
Action.c(104):     </TR>\n
Action.c(104):     \n
Action.c(104):     <TR bgcolor="#EFF2F7">\n
Action.c(104):       <TD COLSPAN="4">\n
Action.c(104):       <hr/>\n
Action.c(104):       </TD>\n
Action.c(104):     </TR>\n
Action.c(104):     \n
Action.c(104):     <!-- Flight #1 -->\n
Action.c(104):     <TR bgcolor="#EFF2F7">\n
Action.c(104):       <TD width="5%" rowspan="2" align="left" valign="top">\n
Action.c(104):     <b>\n
Action.c(104):     <label><input type="checkbox" name="64" value="on" /></label></font></b>\n
Action.c(104):     <input type="hidden" name="flightID" value="130927504-49278-WE"  />\n
Action.c(104):       </TD>\n
Action.c(104):       <TD width="45%" valign="top">\n
Action.c(104):           <b>&nbsp;&nbsp;A First class ticket for :</b><br/>\n
Action.c(104):           <center><table border="0" width="85%"><tr><td>\n
Action.c(104):           <li><i>William Eriksson\n
Action.c(104):           <li><i></i>\n
Action.c(104):           </td></tr></table></center>\n
Action.c(104):       </TD>\n
Action.c(104):       <TD width="5%" >.<br/>.<br/>.<br/>.</TD>\n
Action.c(104):       <TD width="45%" valign=top><b>Invoice sent to:</b><br/>\n
Action.c(104):           <center>\n
Action.c(104):           <Table width="80%" cellspacing="0" > <tr> <td>\n
Action.c(104):               William Eriksson\n
Action.c(104):     <br/>\n
Action.c(104):               Mantulinskaya Street<br/>\n
Action.c(104):               Moscow<br/>\n
Action.c(104):               <br/>\n
Action.c(104):               Total Charge: $ 622 <BR/> (CC: x-3535)\n
Action.c(104):           </td> </tr> </table>\n
Action.c(104):           </center>\n
Action.c(104):       </TD>\n
Action.c(104):     </TR>\n
Action.c(104):     <TR bgcolor="#EFF2F7">\n
Action.c(104):       <TD COLSPAN="3">\n
Action.c(104):       <b>Flight Details:</b><BR/>  <center>\n
Action.c(104):       09/26/2020\n
Action.c(104):      :  5pm : Flight 042 leaves Denver  for Paris.<br>  </center>\n
Action.c(104):       </TD>\n
Action.c(104):     </TR>\n
Action.c(104):     \n
Action.c(104):     <TR bgcolor="#EFF2F7">\n
Action.c(104):       <TD COLSPAN="4">\n
Action.c(104):       <hr/>\n
Action.c(104):       </TD>\n
Action.c(104):     </TR>\n
Action.c(104):     \n
Action.c(104):     <!-- Flight #1 -->\n
Action.c(104):     <TR bgcolor="#EFF2F7">\n
Action.c(104):       <TD width="5%" rowspan="2" align="left" valign="top">\n
Action.c(104):     <b>\n
Action.c(104):     <label><input type="checkbox" name="65" value="on" /></label></font></b>\n
Action.c(104):     <input type="hidden" name="flightID" value="130931576-50043-WE"  />\n
Action.c(104):       </TD>\n
Action.c(104):       <TD width="45%" valign="top">\n
Action.c(104):           <b>&nbsp;&nbsp;A First class ticket for :</b><br/>\n
Action.c(104):           <center><table border="0" width="85%"><tr><td>\n
Action.c(104):           <li><i>William Eriksson\n
Action.c(104):           <li><i></i>\n
Action.c(104):           </td></tr></table></center>\n
Action.c(104):       </TD>\n
Action.c(104):       <TD width="5%" >.<br/>.<br/>.<br/>.</TD>\n
Action.c(104):       <TD width="45%" valign=top><b>Invoice sent to:</b><br/>\n
Action.c(104):           <center>\n
Action.c(104):           <Table width="80%" cellspacing="0" > <tr> <td>\n
Action.c(104):               William Eriksson\n
Action.c(104):     <br/>\n
Action.c(104):               Mantulinskaya Street<br/>\n
Action.c(104):               Moscow<br/>\n
Action.c(104):               <br/>\n
Action.c(104):               Total Charge: $ 567 <BR/> (CC: x-3535)\n
Action.c(104):           </td> </tr> </table>\n
Action.c(104):           </center>\n
Action.c(104):       </TD>\n
Action.c(104):     </TR>\n
Action.c(104):     <TR bgcolor="#EFF2F7">\n
Action.c(104):       <TD COLSPAN="3">\n
Action.c(104):       <b>Flight Details:</b><BR/>  <center>\n
Action.c(104):       09/26/2020\n
Action.c(104):      :  5pm : Flight 152 leaves Frankfurt  for Portland.<br>  </center>\n
Action.c(104):       </TD>\n
Action.c(104):     </TR>\n
Action.c(104):     \n
Action.c(104):     <TR bgcolor="#EFF2F7">\n
Action.c(104):       <TD COLSPAN="4">\n
Action.c(104):       <hr/>\n
Action.c(104):       </TD>\n
Action.c(104):     </TR>\n
Action.c(104):     \n
Action.c(104):     <!-- Flight #1 -->\n
Action.c(104):     <TR bgcolor="#EFF2F7">\n
Action.c(104):       <TD width="5%" rowspan="2" align="left" valign="top">\n
Action.c(104):     <b>\n
Action.c(104):     <label><input type="checkbox" name="66" value="on" /></label></font></b>\n
Action.c(104):     <input type="hidden" name="flightID" value="130932329-50838-WE"  />\n
Action.c(104):       </TD>\n
Action.c(104):       <TD width="45%" valign="top">\n
Action.c(104):           <b>&nbsp;&nbsp;A First class ticket for :</b><br/>\n
Action.c(104):           <center><table border="0" width="85%"><tr><td>\n
Action.c(104):           <li><i>William Eriksson\n
Action.c(104):           <li><i></i>\n
Action.c(104):           </td></tr></table></center>\n
Action.c(104):       </TD>\n
Action.c(104):       <TD width="5%" >.<br/>.<br/>.<br/>.</TD>\n
Action.c(104):       <TD width="45%" valign=top><b>Invoice sent to:</b><br/>\n
Action.c(104):           <center>\n
Action.c(104):           <Table width="80%" cellspacing="0" > <tr> <td>\n
Action.c(104):               William Eriksson\n
Action.c(104):     <br/>\n
Action.c(104):               Mantulinskaya Street<br/>\n
Action.c(104):               Moscow<br/>\n
Action.c(104):               <br/>\n
Action.c(104):               Total Charge: $ 904 <BR/> (CC: x-3535)\n
Action.c(104):           </td> </tr> </table>\n
Action.c(104):           </center>\n
Action.c(104):       </TD>\n
Action.c(104):     </TR>\n
Action.c(104):     <TR bgcolor="#EFF2F7">\n
Action.c(104):       <TD COLSPAN="3">\n
Action.c(104):       <b>Flight Details:</b><BR/>  <center>\n
Action.c(104):       09/26/2020\n
Action.c(104):      :  5pm : Flight 172 leaves Frankfurt  for Seattle.<br>  </center>\n
Action.c(104):       </TD>\n
Action.c(104):     </TR>\n
Action.c(104):     \n
Action.c(104):     <TR bgcolor="#EFF2F7">\n
Action.c(104):       <TD COLSPAN="4">\n
Action.c(104):       <hr/>\n
Action.c(104):       </TD>\n
Action.c(104):     </TR>\n
Action.c(104):     \n
Action.c(104):     <!-- Flight #1 -->\n
Action.c(104):     <TR bgcolor="#EFF2F7">\n
Action.c(104):       <TD width="5%" rowspan="2" align="left" valign="top">\n
Action.c(104):     <b>\n
Action.c(104):     <label><input type="checkbox" name="67" value="on" /></label></font></b>\n
Action.c(104):     <input type="hidden" name="flightID" value="130933043-51552-WE"  />\n
Action.c(104):       </TD>\n
Action.c(104):       <TD width="45%" valign="top">\n
Action.c(104):           <b>&nbsp;&nbsp;A Coach class ticket for :</b><br/>\n
Action.c(104):           <center><table border="0" width="85%"><tr><td>\n
Action.c(104):           <li><i>William Eriksson\n
Action.c(104):           <li><i></i>\n
Action.c(104):           </td></tr></table></center>\n
Action.c(104):       </TD>\n
Action.c(104):       <TD width="5%" >.<br/>.<br/>.<br/>.</TD>\n
Action.c(104):       <TD width="45%" valign=top><b>Invoice sent to:</b><br/>\n
Action.c(104):           <center>\n
Action.c(104):           <Table width="80%" cellspacing="0" > <tr> <td>\n
Action.c(104):               William Eriksson\n
Action.c(104):     <br/>\n
Action.c(104):               Mantulinskaya Street<br/>\n
Action.c(104):               Moscow<br/>\n
Action.c(104):               <br/>\n
Action.c(104):               Total Charge: $ 187 <BR/> (CC: x-3535)\n
Action.c(104):           </td> </tr> </table>\n
Action.c(104):           </center>\n
Action.c(104):       </TD>\n
Action.c(104):     </TR>\n
Action.c(104):     <TR bgcolor="#EFF2F7">\n
Action.c(104):       <TD COLSPAN="3">\n
Action.c(104):       <b>Flight Details:</b><BR/>  <center>\n
Action.c(104):       09/26/2020\n
Action.c(104):      :  5pm : Flight 192 leaves Frankfurt  for Zurich.<br>  </center>\n
Action.c(104):       </TD>\n
Action.c(104):     </TR>\n
Action.c(104):     \n
Action.c(104):     <TR bgcolor="#EFF2F7">\n
Action.c(104):       <TD COLSPAN="4">\n
Action.c(104):       <hr/>\n
Action.c(104):       </TD>\n
Action.c(104):     </TR>\n
Action.c(104):     \n
Action.c(104):     <!-- Flight #1 -->\n
Action.c(104):     <TR bgcolor="#EFF2F7">\n
Action.c(104):       <TD width="5%" rowspan="2" align="left" valign="top">\n
Action.c(104):     <b>\n
Action.c(104):     <label><input type="checkbox" name="68" value="on" /></label></font></b>\n
Action.c(104):     <input type="hidden" name="flightID" value="130935650-52350-WE"  />\n
Action.c(104):       </TD>\n
Action.c(104):       <TD width="45%" valign="top">\n
Action.c(104):           <b>&nbsp;&nbsp;A Coach class ticket for :</b><br/>\n
Action.c(104):           <center><table border="0" width="85%"><tr><td>\n
Action.c(104):           <li><i>William Eriksson\n
Action.c(104):           <li><i></i>\n
Action.c(104):           </td></tr></table></center>\n
Action.c(104):       </TD>\n
Action.c(104):       <TD width="5%" >.<br/>.<br/>.<br/>.</TD>\n
Action.c(104):       <TD width="45%" valign=top><b>Invoice sent to:</b><br/>\n
Action.c(104):           <center>\n
Action.c(104):           <Table width="80%" cellspacing="0" > <tr> <td>\n
Action.c(104):               William Eriksson\n
Action.c(104):     <br/>\n
Action.c(104):               Mantulinskaya Street<br/>\n
Action.c(104):               Moscow<br/>\n
Action.c(104):               <br/>\n
Action.c(104):               Total Charge: $ 554 <BR/> (CC: x-3535)\n
Action.c(104):           </td> </tr> </table>\n
Action.c(104):           </center>\n
Action.c(104):       </TD>\n
Action.c(104):     </TR>\n
Action.c(104):     <TR bgcolor="#EFF2F7">\n
Action.c(104):       <TD COLSPAN="3">\n
Action.c(104):       <b>Flight Details:</b><BR/>  <center>\n
Action.c(104):       09/26/2020\n
Action.c(104):      :  5pm : Flight 262 leaves London  for San Francisco.<br>  </center>\n
Action.c(104):       </TD>\n
Action.c(104):     </TR>\n
Action.c(104):     \n
Action.c(104):     <TR bgcolor="#EFF2F7">\n
Action.c(104):       <TD COLSPAN="4">\n
Action.c(104):       <hr/>\n
Action.c(104):       </TD>\n
Action.c(104):     </TR>\n
Action.c(104):     \n
Action.c(104):     <!-- Flight #1 -->\n
Action.c(104):     <TR bgcolor="#EFF2F7">\n
Action.c(104):       <TD width="5%" rowspan="2" align="left" valign="top">\n
Action.c(104):     <b>\n
Action.c(104):     <label><input type="checkbox" name="69" value="on" /></label></font></b>\n
Action.c(104):     <input type="hidden" name="flightID" value="130948265-53089-WE"  />\n
Action.c(104):       </TD>\n
Action.c(104):       <TD width="45%" valign="top">\n
Action.c(104):           <b>&nbsp;&nbsp;A Coach class ticket for :</b><br/>\n
Action.c(104):           <center><table border="0" width="85%"><tr><td>\n
Action.c(104):           <li><i>William Eriksson\n
Action.c(104):           <li><i></i>\n
Action.c(104):           </td></tr></table></center>\n
Action.c(104):       </TD>\n
Action.c(104):       <TD width="5%" >.<br/>.<br/>.<br/>.</TD>\n
Action.c(104):       <TD width="45%" valign=top><b>Invoice sent to:</b><br/>\n
Action.c(104):           <center>\n
Action.c(104):           <Table width="80%" cellspacing="0" > <tr> <td>\n
Action.c(104):               William Eriksson\n
Action.c(104):     <br/>\n
Action.c(104):               Mantulinskaya Street<br/>\n
Action.c(104):               Moscow<br/>\n
Action.c(104):               <br/>\n
Action.c(104):               Total Charge: $ 165 <BR/> (CC: x-3535)\n
Action.c(104):           </td> </tr> </table>\n
Action.c(104):           </center>\n
Action.c(104):       </TD>\n
Action.c(104):     </TR>\n
Action.c(104):     <TR bgcolor="#EFF2F7">\n
Action.c(104):       <TD COLSPAN="3">\n
Action.c(104):       <b>Flight Details:</b><BR/>  <center>\n
Action.c(104):       09/26/2020\n
Action.c(104):      :  11pm : Flight 603 leaves San Francisco  for Denver.<br>  </center>\n
Action.c(104):       </TD>\n
Action.c(104):     </TR>\n
Action.c(104):     \n
Action.c(104):     <TR bgcolor="#EFF2F7">\n
Action.c(104):       <TD COLSPAN="4">\n
Action.c(104):       <hr/>\n
Action.c(104):       </TD>\n
Action.c(104):     </TR>\n
Action.c(104):     \n
Action.c(104):     <!-- Flight #1 -->\n
Action.c(104):     <TR bgcolor="#EFF2F7">\n
Action.c(104):       <TD width="5%" rowspan="2" align="le
Action.c(104): t=3834735ms: 8-byte chunked response overhead for "http://localhost:1080/cgi-bin/itinerary.pl" (RelFrameId=1.2, Internal ID=2618)
Action.c(104):     \r\n
Action.c(104):     1000\r\n
Action.c(104): t=3834735ms: 8-byte chunked response overhead for "http://localhost:1080/cgi-bin/itinerary.pl" (RelFrameId=1.2, Internal ID=2618)
Action.c(104):     \r\n
Action.c(104):     1000\r\n
Action.c(104): t=3834735ms: 8-byte chunked response overhead for "http://localhost:1080/cgi-bin/itinerary.pl" (RelFrameId=1.2, Internal ID=2618)
Action.c(104):     \r\n
Action.c(104):     1000\r\n
Action.c(104): t=3834735ms: 12263-byte chunked response body for "http://localhost:1080/cgi-bin/itinerary.pl" (RelFrameId=1.2, Internal ID=2618)
Action.c(104):     ft" valign="top">\n
Action.c(104):     <b>\n
Action.c(104):     <label><input type="checkbox" name="70" value="on" /></label></font></b>\n
Action.c(104):     <input type="hidden" name="flightID" value="130948270-53870-WE"  />\n
Action.c(104):       </TD>\n
Action.c(104):       <TD width="45%" valign="top">\n
Action.c(104):           <b>&nbsp;&nbsp;A First class ticket for :</b><br/>\n
Action.c(104):           <center><table border="0" width="85%"><tr><td>\n
Action.c(104):           <li><i>William Eriksson\n
Action.c(104):           <li><i></i>\n
Action.c(104):           </td></tr></table></center>\n
Action.c(104):       </TD>\n
Action.c(104):       <TD width="5%" >.<br/>.<br/>.<br/>.</TD>\n
Action.c(104):       <TD width="45%" valign=top><b>Invoice sent to:</b><br/>\n
Action.c(104):           <center>\n
Action.c(104):           <Table width="80%" cellspacing="0" > <tr> <td>\n
Action.c(104):               William Eriksson\n
Action.c(104):     <br/>\n
Action.c(104):               Mantulinskaya Street<br/>\n
Action.c(104):               Moscow<br/>\n
Action.c(104):               <br/>\n
Action.c(104):               Total Charge: $ 310 <BR/> (CC: x-3535)\n
Action.c(104):           </td> </tr> </table>\n
Action.c(104):           </center>\n
Action.c(104):       </TD>\n
Action.c(104):     </TR>\n
Action.c(104):     <TR bgcolor="#EFF2F7">\n
Action.c(104):       <TD COLSPAN="3">\n
Action.c(104):       <b>Flight Details:</b><BR/>  <center>\n
Action.c(104):       09/26/2020\n
Action.c(104):      :  11pm : Flight 603 leaves San Francisco  for Denver.<br>  </center>\n
Action.c(104):       </TD>\n
Action.c(104):     </TR>\n
Action.c(104):     \n
Action.c(104):     <TR bgcolor="#EFF2F7">\n
Action.c(104):       <TD COLSPAN="4">\n
Action.c(104):       <hr/>\n
Action.c(104):       </TD>\n
Action.c(104):     </TR>\n
Action.c(104):     \n
Action.c(104):     <!-- Flight #1 -->\n
Action.c(104):     <TR bgcolor="#EFF2F7">\n
Action.c(104):       <TD width="5%" rowspan="2" align="left" valign="top">\n
Action.c(104):     <b>\n
Action.c(104):     <label><input type="checkbox" name="71" value="on" /></label></font></b>\n
Action.c(104):     <input type="hidden" name="flightID" value="130948229-54630-WE"  />\n
Action.c(104):       </TD>\n
Action.c(104):       <TD width="45%" valign="top">\n
Action.c(104):           <b>&nbsp;&nbsp;A Coach class ticket for :</b><br/>\n
Action.c(104):           <center><table border="0" width="85%"><tr><td>\n
Action.c(104):           <li><i>William Eriksson\n
Action.c(104):           <li><i></i>\n
Action.c(104):           </td></tr></table></center>\n
Action.c(104):       </TD>\n
Action.c(104):       <TD width="5%" >.<br/>.<br/>.<br/>.</TD>\n
Action.c(104):       <TD width="45%" valign=top><b>Invoice sent to:</b><br/>\n
Action.c(104):           <center>\n
Action.c(104):           <Table width="80%" cellspacing="0" > <tr> <td>\n
Action.c(104):               William Eriksson\n
Action.c(104):     <br/>\n
Action.c(104):               Mantulinskaya Street<br/>\n
Action.c(104):               Moscow<br/>\n
Action.c(104):               <br/>\n
Action.c(104):               Total Charge: $ 191 <BR/> (CC: x-3535)\n
Action.c(104):           </td> </tr> </table>\n
Action.c(104):           </center>\n
Action.c(104):       </TD>\n
Action.c(104):     </TR>\n
Action.c(104):     <TR bgcolor="#EFF2F7">\n
Action.c(104):       <TD COLSPAN="3">\n
Action.c(104):       <b>Flight Details:</b><BR/>  <center>\n
Action.c(104):       09/26/2020\n
Action.c(104):      :  5pm : Flight 602 leaves San Francisco  for Denver.<br>  </center>\n
Action.c(104):       </TD>\n
Action.c(104):     </TR>\n
Action.c(104):     \n
Action.c(104):     <TR bgcolor="#EFF2F7">\n
Action.c(104):       <TD COLSPAN="4">\n
Action.c(104):       <hr/>\n
Action.c(104):       </TD>\n
Action.c(104):     </TR>\n
Action.c(104):     \n
Action.c(104):     <!-- Flight #1 -->\n
Action.c(104):     <TR bgcolor="#EFF2F7">\n
Action.c(104):       <TD width="5%" rowspan="2" align="left" valign="top">\n
Action.c(104):     <b>\n
Action.c(104):     <label><input type="checkbox" name="72" value="on" /></label></font></b>\n
Action.c(104):     <input type="hidden" name="flightID" value="130948268-55403-WE"  />\n
Action.c(104):       </TD>\n
Action.c(104):       <TD width="45%" valign="top">\n
Action.c(104):           <b>&nbsp;&nbsp;A Business class ticket for :</b><br/>\n
Action.c(104):           <center><table border="0" width="85%"><tr><td>\n
Action.c(104):           <li><i>William Eriksson\n
Action.c(104):           <li><i></i>\n
Action.c(104):           </td></tr></table></center>\n
Action.c(104):       </TD>\n
Action.c(104):       <TD width="5%" >.<br/>.<br/>.<br/>.</TD>\n
Action.c(104):       <TD width="45%" valign=top><b>Invoice sent to:</b><br/>\n
Action.c(104):           <center>\n
Action.c(104):           <Table width="80%" cellspacing="0" > <tr> <td>\n
Action.c(104):               William Eriksson\n
Action.c(104):     <br/>\n
Action.c(104):               Mantulinskaya Street<br/>\n
Action.c(104):               Moscow<br/>\n
Action.c(104):               <br/>\n
Action.c(104):               Total Charge: $ 240 <BR/> (CC: x-3535)\n
Action.c(104):           </td> </tr> </table>\n
Action.c(104):           </center>\n
Action.c(104):       </TD>\n
Action.c(104):     </TR>\n
Action.c(104):     <TR bgcolor="#EFF2F7">\n
Action.c(104):       <TD COLSPAN="3">\n
Action.c(104):       <b>Flight Details:</b><BR/>  <center>\n
Action.c(104):       09/26/2020\n
Action.c(104):      :  11pm : Flight 603 leaves San Francisco  for Denver.<br>  </center>\n
Action.c(104):       </TD>\n
Action.c(104):     </TR>\n
Action.c(104):     \n
Action.c(104):     <TR bgcolor="#EFF2F7">\n
Action.c(104):       <TD COLSPAN="4">\n
Action.c(104):       <hr/>\n
Action.c(104):       </TD>\n
Action.c(104):     </TR>\n
Action.c(104):     \n
Action.c(104):     <!-- Flight #1 -->\n
Action.c(104):     <TR bgcolor="#EFF2F7">\n
Action.c(104):       <TD width="5%" rowspan="2" align="left" valign="top">\n
Action.c(104):     <b>\n
Action.c(104):     <label><input type="checkbox" name="73" value="on" /></label></font></b>\n
Action.c(104):     <input type="hidden" name="flightID" value="130931947-56199-WE"  />\n
Action.c(104):       </TD>\n
Action.c(104):       <TD width="45%" valign="top">\n
Action.c(104):           <b>&nbsp;&nbsp;A Business class ticket for :</b><br/>\n
Action.c(104):           <center><table border="0" width="85%"><tr><td>\n
Action.c(104):           <li><i>William Eriksson\n
Action.c(104):           <li><i></i>\n
Action.c(104):           </td></tr></table></center>\n
Action.c(104):       </TD>\n
Action.c(104):       <TD width="5%" >.<br/>.<br/>.<br/>.</TD>\n
Action.c(104):       <TD width="45%" valign=top><b>Invoice sent to:</b><br/>\n
Action.c(104):           <center>\n
Action.c(104):           <Table width="80%" cellspacing="0" > <tr> <td>\n
Action.c(104):               William Eriksson\n
Action.c(104):     <br/>\n
Action.c(104):               Mantulinskaya Street<br/>\n
Action.c(104):               Moscow<br/>\n
Action.c(104):               <br/>\n
Action.c(104):               Total Charge: $ 591 <BR/> (CC: x-3535)\n
Action.c(104):           </td> </tr> </table>\n
Action.c(104):           </center>\n
Action.c(104):       </TD>\n
Action.c(104):     </TR>\n
Action.c(104):     <TR bgcolor="#EFF2F7">\n
Action.c(104):       <TD COLSPAN="3">\n
Action.c(104):       <b>Flight Details:</b><BR/>  <center>\n
Action.c(104):       09/26/2020\n
Action.c(104):      :  5pm : Flight 162 leaves Frankfurt  for San Francisco.<br>  </center>\n
Action.c(104):       </TD>\n
Action.c(104):     </TR>\n
Action.c(104):     \n
Action.c(104):     <TR bgcolor="#EFF2F7">\n
Action.c(104):       <TD COLSPAN="4">\n
Action.c(104):       <hr/>\n
Action.c(104):       </TD>\n
Action.c(104):     </TR>\n
Action.c(104):     \n
Action.c(104):     <!-- Flight #1 -->\n
Action.c(104):     <TR bgcolor="#EFF2F7">\n
Action.c(104):       <TD width="5%" rowspan="2" align="left" valign="top">\n
Action.c(104):     <b>\n
Action.c(104):     <label><input type="checkbox" name="74" value="on" /></label></font></b>\n
Action.c(104):     <input type="hidden" name="flightID" value="130931915-56978-WE"  />\n
Action.c(104):       </TD>\n
Action.c(104):       <TD width="45%" valign="top">\n
Action.c(104):           <b>&nbsp;&nbsp;A First class ticket for :</b><br/>\n
Action.c(104):           <center><table border="0" width="85%"><tr><td>\n
Action.c(104):           <li><i>William Eriksson\n
Action.c(104):           <li><i></i>\n
Action.c(104):           </td></tr></table></center>\n
Action.c(104):       </TD>\n
Action.c(104):       <TD width="5%" >.<br/>.<br/>.<br/>.</TD>\n
Action.c(104):       <TD width="45%" valign=top><b>Invoice sent to:</b><br/>\n
Action.c(104):           <center>\n
Action.c(104):           <Table width="80%" cellspacing="0" > <tr> <td>\n
Action.c(104):               William Eriksson\n
Action.c(104):     <br/>\n
Action.c(104):               Mantulinskaya Street<br/>\n
Action.c(104):               Moscow<br/>\n
Action.c(104):               <br/>\n
Action.c(104):               Total Charge: $ 720 <BR/> (CC: x-3535)\n
Action.c(104):           </td> </tr> </table>\n
Action.c(104):           </center>\n
Action.c(104):       </TD>\n
Action.c(104):     </TR>\n
Action.c(104):     <TR bgcolor="#EFF2F7">\n
Action.c(104):       <TD COLSPAN="3">\n
Action.c(104):       <b>Flight Details:</b><BR/>  <center>\n
Action.c(104):       09/26/2020\n
Action.c(104):      :  1pm : Flight 161 leaves Frankfurt  for San Francisco.<br>  </center>\n
Action.c(104):       </TD>\n
Action.c(104):     </TR>\n
Action.c(104):     \n
Action.c(104):     <TR bgcolor="#EFF2F7">\n
Action.c(104):       <TD COLSPAN="4">\n
Action.c(104):       <hr/>\n
Action.c(104):       </TD>\n
Action.c(104):     </TR>\n
Action.c(104):     \n
Action.c(104):     <!-- Flight #1 -->\n
Action.c(104):     <TR bgcolor="#EFF2F7">\n
Action.c(104):       <TD width="5%" rowspan="2" align="left" valign="top">\n
Action.c(104):     <b>\n
Action.c(104):     <label><input type="checkbox" name="75" value="on" /></label></font></b>\n
Action.c(104):     <input type="hidden" name="flightID" value="130931875-57740-WE"  />\n
Action.c(104):       </TD>\n
Action.c(104):       <TD width="45%" valign="top">\n
Action.c(104):           <b>&nbsp;&nbsp;A Business class ticket for :</b><br/>\n
Action.c(104):           <center><table border="0" width="85%"><tr><td>\n
Action.c(104):           <li><i>William Eriksson\n
Action.c(104):           <li><i></i>\n
Action.c(104):           </td></tr></table></center>\n
Action.c(104):       </TD>\n
Action.c(104):       <TD width="5%" >.<br/>.<br/>.<br/>.</TD>\n
Action.c(104):       <TD width="45%" valign=top><b>Invoice sent to:</b><br/>\n
Action.c(104):           <center>\n
Action.c(104):           <Table width="80%" cellspacing="0" > <tr> <td>\n
Action.c(104):               William Eriksson\n
Action.c(104):     <br/>\n
Action.c(104):               Mantulinskaya Street<br/>\n
Action.c(104):               Moscow<br/>\n
Action.c(104):               <br/>\n
Action.c(104):               Total Charge: $ 625 <BR/> (CC: x-3535)\n
Action.c(104):           </td> </tr> </table>\n
Action.c(104):           </center>\n
Action.c(104):       </TD>\n
Action.c(104):     </TR>\n
Action.c(104):     <TR bgcolor="#EFF2F7">\n
Action.c(104):       <TD COLSPAN="3">\n
Action.c(104):       <b>Flight Details:</b><BR/>  <center>\n
Action.c(104):       09/26/2020\n
Action.c(104):      :  8am : Flight 160 leaves Frankfurt  for San Francisco.<br>  </center>\n
Action.c(104):       </TD>\n
Action.c(104):     </TR>\n
Action.c(104):     \n
Action.c(104):     <TR bgcolor="#EFF2F7">\n
Action.c(104):       <TD COLSPAN="4">\n
Action.c(104):       <hr/>\n
Action.c(104):       </TD>\n
Action.c(104):     </TR>\n
Action.c(104):     \n
Action.c(104):     <!-- Flight #1 -->\n
Action.c(104):     <TR bgcolor="#EFF2F7">\n
Action.c(104):       <TD width="5%" rowspan="2" align="left" valign="top">\n
Action.c(104):     <b>\n
Action.c(104):     <label><input type="checkbox" name="76" value="on" /></label></font></b>\n
Action.c(104):     <input type="hidden" name="flightID" value="130926419-58485-WE"  />\n
Action.c(104):       </TD>\n
Action.c(104):       <TD width="45%" valign="top">\n
Action.c(104):           <b>&nbsp;&nbsp;A Coach class ticket for :</b><br/>\n
Action.c(104):           <center><table border="0" width="85%"><tr><td>\n
Action.c(104):           <li><i>William Eriksson\n
Action.c(104):           <li><i></i>\n
Action.c(104):           </td></tr></table></center>\n
Action.c(104):       </TD>\n
Action.c(104):       <TD width="5%" >.<br/>.<br/>.<br/>.</TD>\n
Action.c(104):       <TD width="45%" valign=top><b>Invoice sent to:</b><br/>\n
Action.c(104):           <center>\n
Action.c(104):           <Table width="80%" cellspacing="0" > <tr> <td>\n
Action.c(104):               William Eriksson\n
Action.c(104):     <br/>\n
Action.c(104):               Mantulinskaya Street<br/>\n
Action.c(104):               Moscow<br/>\n
Action.c(104):               <br/>\n
Action.c(104):               Total Charge: $ 315 <BR/> (CC: x-3535)\n
Action.c(104):           </td> </tr> </table>\n
Action.c(104):           </center>\n
Action.c(104):       </TD>\n
Action.c(104):     </TR>\n
Action.c(104):     <TR bgcolor="#EFF2F7">\n
Action.c(104):       <TD COLSPAN="3">\n
Action.c(104):       <b>Flight Details:</b><BR/>  <center>\n
Action.c(104):       09/26/2020\n
Action.c(104):      :  11pm : Flight 013 leaves Denver  for Frankfurt.<br>  </center>\n
Action.c(104):       </TD>\n
Action.c(104):     </TR>\n
Action.c(104):     \n
Action.c(104):     <TR bgcolor="#EFF2F7">\n
Action.c(104):       <TD COLSPAN="4">\n
Action.c(104):       <hr/>\n
Action.c(104):       </TD>\n
Action.c(104):     </TR>\n
Action.c(104):     \n
Action.c(104):     <!-- Flight #1 -->\n
Action.c(104):     <TR bgcolor="#EFF2F7">\n
Action.c(104):       <TD width="5%" rowspan="2" align="left" valign="top">\n
Action.c(104):     <b>\n
Action.c(104):     <label><input type="checkbox" name="77" value="on" /></label></font></b>\n
Action.c(104):     <input type="hidden" name="flightID" value="130926752-59255-WE"  />\n
Action.c(104):       </TD>\n
Action.c(104):       <TD width="45%" valign="top">\n
Action.c(104):           <b>&nbsp;&nbsp;A Coach class ticket for :</b><br/>\n
Action.c(104):           <center><table border="0" width="85%"><tr><td>\n
Action.c(104):           <li><i>William Eriksson\n
Action.c(104):           <li><i></i>\n
Action.c(104):           </td></tr></table></center>\n
Action.c(104):       </TD>\n
Action.c(104):       <TD width="5%" >.<br/>.<br/>.<br/>.</TD>\n
Action.c(104):       <TD width="45%" valign=top><b>Invoice sent to:</b><br/>\n
Action.c(104):           <center>\n
Action.c(104):           <Table width="80%" cellspacing="0" > <tr> <td>\n
Action.c(104):               William Eriksson\n
Action.c(104):     <br/>\n
Action.c(104):               Mantulinskaya Street<br/>\n
Action.c(104):               Moscow<br/>\n
Action.c(104):               <br/>\n
Action.c(104):               Total Charge: $ 320 <BR/> (CC: x-3535)\n
Action.c(104):           </td> </tr> </table>\n
Action.c(104):           </center>\n
Action.c(104):       </TD>\n
Action.c(104):     </TR>\n
Action.c(104):     <TR bgcolor="#EFF2F7">\n
Action.c(104):       <TD COLSPAN="3">\n
Action.c(104):       <b>Flight Details:</b><BR/>  <center>\n
Action.c(104):       09/26/2020\n
Action.c(104):      :  5pm : Flight 022 leaves Denver  for London.<br>  </center>\n
Action.c(104):       </TD>\n
Action.c(104):     </TR>\n
Action.c(104):     \n
Action.c(104):     <TR bgcolor="#EFF2F7">\n
Action.c(104):       <TD COLSPAN="4">\n
Action.c(104):       <hr/>\n
Action.c(104):       </TD>\n
Action.c(104):     </TR>\n
Action.c(104):     \n
Action.c(104):     <!-- Flight #1 -->\n
Action.c(104):     <TR bgcolor="#EFF2F7">\n
Action.c(104):       <TD width="5%" rowspan="2" align="left" valign="top">\n
Action.c(104):     <b>\n
Action.c(104):     <label><input type="checkbox" name="78" value="on" /></label></font></b>\n
Action.c(104):     <input type="hidden" name="flightID" value="130927904-60032-WE"  />\n
Action.c(104):       </TD>\n
Action.c(104):       <TD width="45%" valign="top">\n
Action.c(104):           <b>&nbsp;&nbsp;A First class ticket for :</b><br/>\n
Action.c(104):           <center><table border="0" width="85%"><tr><td>\n
Action.c(104):           <li><i>William Eriksson\n
Action.c(104):           <li><i></i>\n
Action.c(104):           </td></tr></table></center>\n
Action.c(104):       </TD>\n
Action.c(104):       <TD width="5%" >.<br/>.<br/>.<br/>.</TD>\n
Action.c(104):       <TD width="45%" valign=top><b>Invoice sent to:</b><br/>\n
Action.c(104):           <center>\n
Action.c(104):           <Table width="80%" cellspacing="0" > <tr> <td>\n
Action.c(104):               William Eriksson\n
Action.c(104):     <br/>\n
Action.c(104):               Mantulinskaya Street<br/>\n
Action.c(104):               Moscow<br/>\n
Action.c(104):               <br/>\n
Action.c(104):               Total Charge: $ 421 <BR/> (CC: x-3535)\n
Action.c(104):           </td> </tr> </table>\n
Action.c(104):           </center>\n
Action.c(104):       </TD>\n
Action.c(104):     </TR>\n
Action.c(104):     <TR bgcolor="#EFF2F7">\n
Action.c(104):       <TD COLSPAN="3">\n
Action.c(104):       <b>Flight Details:</b><BR/>  <center>\n
Action.c(104):       09/26/2020\n
Action.c(104):      :  11pm : Flight 053 leaves Denver  for Portland.<br>  </center>\n
Action.c(104):       </TD>\n
Action.c(104):     </TR>\n
Action.c(104):     \n
Action.c(104):     <TR bgcolor="#EFF2F7">\n
Action.c(104):       <TD COLSPAN="4">\n
Action.c(104):       <hr/>\n
Action.c(104):       </TD>\n
Action.c(104):     </TR>\n
Action.c(104):     \n
Action.c(104):     <!-- Flight #1 -->\n
Action.c(104):     <TR bgcolor="#EFF2F7">\n
Action.c(104):       <TD width="5%" rowspan="2" align="left" valign="top">\n
Action.c(104):     <b>\n
Action.c(104):     <label><input type="checkbox" name="79" value="on" /></label></font></b>\n
Action.c(104):     <input type="hidden" name="flightID" value="130927456-60793-WE"  />\n
Action.c(104):       </TD>\n
Action.c(104):       <TD width="45%" valign="top">\n
Action.c(104):           <b>&nbsp;&nbsp;A Coach class ticket for :</b><br/>\n
Action.c(104):           <center><table border="0" width="85%"><tr><td>\n
Action.c(104):           <li><i>William Eriksson\n
Action.c(104):           <li><i></i>\n
Action.c(104):           </td></tr></table></center>\n
Action.c(104):       </TD>\n
Action.c(104):       <TD width="5%" >.<br/>.<br/>.<br/>.</TD>\n
Action.c(104):       <TD width="45%" valign=top><b>Invoice sent to:</b><br/>\n
Action.c(104):           <center>\n
Action.c(104):           <Table width="80%" cellspacing="0" > <tr> <td>\n
Action.c(104):               William Eriksson\n
Action.c(104):     <br/>\n
Action.c(104):               Mantulinskaya Street<br/>\n
Action.c(104):               Moscow<br/>\n
Action.c(104):               <br/>\n
Action.c(104):               Total Charge: $ 312 <BR/> (CC: x-3535)\n
Action.c(104):           </td> </tr> </table>\n
Action.c(104):           </center>\n
Action.c(104):       </TD>\n
Action.c(104):     </TR>\n
Action.c(104):     <TR bgcolor="#EFF2F7">\n
Action.c(104):       <TD COLSPAN="3">\n
Action.c(104):       <b>Flight Details:</b><BR/>  <center>\n
Action.c(104):       09/26/2020\n
Action.c(104):      :  1pm : Flight 041 leaves Denver  for Paris.<br>  </center>\n
Action.c(104):       </TD>\n
Action.c(104):     </TR>\n
Action.c(104):     \n
Action.c(104):     <TR bgcolor="#EFF2F7">\n
Action.c(104):       <TD COLSPAN="4">\n
Action.c(104):       <hr/>\n
Action.c(104):       </TD>\n
Action.c(104):     </TR>\n
Action.c(104):     \n
Action.c(104):     <!-- Flight #1 -->\n
Action.c(104):     <TR bgcolor="#EFF2F7">\n
Action.c(104):       <TD width="5%" rowspan="2" align="left" valign="top">\n
Action.c(104):     <b>\n
Action.c(104):     <label><input type="checkbox" name="80" value="on" /></label></font></b>\n
Action.c(104):     <input type="hidden" name="flightID" value="130927900-61563-WE"  />\n
Action.c(104):       </TD>\n
Action.c(104):       <TD width="45%" valign="top">\n
Action.c(104):           <b>&nbsp;&nbsp;A Business class ticket for :</b><br/>\n
Action.c(104):           <center><table border="0" width="85%"><tr><td>\n
Action.c(104):           <li><i>William Eriksson\n
Action.c(104):           <li><i></i>\n
Action.c(104):           </td></tr></table></center>\n
Action.c(104):       </TD>\n
Action.c(104):       <TD width="5%" >.<br/>.<br/>.<br/>.</TD>\n
Action.c(104):       <TD width="45%" valign=top><b>Invoice sent to:</b><br/>\n
Action.c(104):           <center>\n
Action.c(104):           <Table width="80%" cellspacing="0" > <tr> <td>\n
Action.c(104):               William Eriksson\n
Action.c(104):     <br/>\n
Action.c(104):               Mantulinskaya Street<br/>\n
Action.c(104):               Moscow<br/>\n
Action.c(104):               <br/>\n
Action.c(104):               Total Charge: $ 326 <BR/> (CC: x-3535)\n
Action.c(104):           </td> </tr> </table>\n
Action.c(104):           </center>\n
Action.c(104):       </TD>\n
Action.c(104):     </TR>\n
Action.c(104):     <TR bgcolor="#EFF2F7">\n
Action.c(104):       <TD COLSPAN="3">\n
Action.c(104):       <b>Flight Details:</b><BR/>  <center>\n
Action.c(104):       09/26/2020\n
Action.c(104):      :  11pm : Flight 053 leaves Denver  for Portland.<br>  </center>\n
Action.c(104):       </TD>\n
Action.c(104):     </TR>\n
Action.c(104):     \n
Action.c(104):     <TR bgcolor="#EFF2F7">\n
Action.c(104):       <TD COLSPAN="4">\n
Action.c(104):       <hr/>\n
Action.c(104):       </TD>\n
Action.c(104):     </TR>\n
Action.c(104):     \n
Action.c(104):     <!-- Flight #1 -->\n
Action.c(104):     <TR bgcolor="#EFF2F7">\n
Action.c(104):       <TD width="5%" rowspan="2" align="left" valign="top">\n
Action.c(104):     <b>\n
Action.c(104):     <label><input type="checkbox" name
Action.c(104): t=3834743ms: 8-byte chunked response overhead for "http://localhost:1080/cgi-bin/itinerary.pl" (RelFrameId=1.2, Internal ID=2618)
Action.c(104):     \r\n
Action.c(104):     1000\r\n
Action.c(104): t=3834743ms: 8-byte chunked response overhead for "http://localhost:1080/cgi-bin/itinerary.pl" (RelFrameId=1.2, Internal ID=2618)
Action.c(104):     \r\n
Action.c(104):     1000\r\n
Action.c(104): t=3834743ms: 8-byte chunked response overhead for "http://localhost:1080/cgi-bin/itinerary.pl" (RelFrameId=1.2, Internal ID=2618)
Action.c(104):     \r\n
Action.c(104):     1000\r\n
Action.c(104): t=3834743ms: 12263-byte chunked response body for "http://localhost:1080/cgi-bin/itinerary.pl" (RelFrameId=1.2, Internal ID=2618)
Action.c(104):     ="81" value="on" /></label></font></b>\n
Action.c(104):     <input type="hidden" name="flightID" value="130927904-62340-WE"  />\n
Action.c(104):       </TD>\n
Action.c(104):       <TD width="45%" valign="top">\n
Action.c(104):           <b>&nbsp;&nbsp;A First class ticket for :</b><br/>\n
Action.c(104):           <center><table border="0" width="85%"><tr><td>\n
Action.c(104):           <li><i>William Eriksson\n
Action.c(104):           <li><i></i>\n
Action.c(104):           </td></tr></table></center>\n
Action.c(104):       </TD>\n
Action.c(104):       <TD width="5%" >.<br/>.<br/>.<br/>.</TD>\n
Action.c(104):       <TD width="45%" valign=top><b>Invoice sent to:</b><br/>\n
Action.c(104):           <center>\n
Action.c(104):           <Table width="80%" cellspacing="0" > <tr> <td>\n
Action.c(104):               William Eriksson\n
Action.c(104):     <br/>\n
Action.c(104):               Mantulinskaya Street<br/>\n
Action.c(104):               Moscow<br/>\n
Action.c(104):               <br/>\n
Action.c(104):               Total Charge: $ 421 <BR/> (CC: x-3535)\n
Action.c(104):           </td> </tr> </table>\n
Action.c(104):           </center>\n
Action.c(104):       </TD>\n
Action.c(104):     </TR>\n
Action.c(104):     <TR bgcolor="#EFF2F7">\n
Action.c(104):       <TD COLSPAN="3">\n
Action.c(104):       <b>Flight Details:</b><BR/>  <center>\n
Action.c(104):       09/26/2020\n
Action.c(104):      :  11pm : Flight 053 leaves Denver  for Portland.<br>  </center>\n
Action.c(104):       </TD>\n
Action.c(104):     </TR>\n
Action.c(104):     \n
Action.c(104):     <TR bgcolor="#EFF2F7">\n
Action.c(104):       <TD COLSPAN="4">\n
Action.c(104):       <hr/>\n
Action.c(104):       </TD>\n
Action.c(104):     </TR>\n
Action.c(104):     \n
Action.c(104):     <!-- Flight #1 -->\n
Action.c(104):     <TR bgcolor="#EFF2F7">\n
Action.c(104):       <TD width="5%" rowspan="2" align="left" valign="top">\n
Action.c(104):     <b>\n
Action.c(104):     <label><input type="checkbox" name="82" value="on" /></label></font></b>\n
Action.c(104):     <input type="hidden" name="flightID" value="130927787-63098-WE"  />\n
Action.c(104):       </TD>\n
Action.c(104):       <TD width="45%" valign="top">\n
Action.c(104):           <b>&nbsp;&nbsp;A Coach class ticket for :</b><br/>\n
Action.c(104):           <center><table border="0" width="85%"><tr><td>\n
Action.c(104):           <li><i>William Eriksson\n
Action.c(104):           <li><i></i>\n
Action.c(104):           </td></tr></table></center>\n
Action.c(104):       </TD>\n
Action.c(104):       <TD width="5%" >.<br/>.<br/>.<br/>.</TD>\n
Action.c(104):       <TD width="45%" valign=top><b>Invoice sent to:</b><br/>\n
Action.c(104):           <center>\n
Action.c(104):           <Table width="80%" cellspacing="0" > <tr> <td>\n
Action.c(104):               William Eriksson\n
Action.c(104):     <br/>\n
Action.c(104):               Mantulinskaya Street<br/>\n
Action.c(104):               Moscow<br/>\n
Action.c(104):               <br/>\n
Action.c(104):               Total Charge: $ 275 <BR/> (CC: x-3535)\n
Action.c(104):           </td> </tr> </table>\n
Action.c(104):           </center>\n
Action.c(104):       </TD>\n
Action.c(104):     </TR>\n
Action.c(104):     <TR bgcolor="#EFF2F7">\n
Action.c(104):       <TD COLSPAN="3">\n
Action.c(104):       <b>Flight Details:</b><BR/>  <center>\n
Action.c(104):       09/26/2020\n
Action.c(104):      :  8am : Flight 050 leaves Denver  for Portland.<br>  </center>\n
Action.c(104):       </TD>\n
Action.c(104):     </TR>\n
Action.c(104):     \n
Action.c(104):     <TR bgcolor="#EFF2F7">\n
Action.c(104):       <TD COLSPAN="4">\n
Action.c(104):       <hr/>\n
Action.c(104):       </TD>\n
Action.c(104):     </TR>\n
Action.c(104):     \n
Action.c(104):     <!-- Flight #1 -->\n
Action.c(104):     <TR bgcolor="#EFF2F7">\n
Action.c(104):       <TD width="5%" rowspan="2" align="left" valign="top">\n
Action.c(104):     <b>\n
Action.c(104):     <label><input type="checkbox" name="83" value="on" /></label></font></b>\n
Action.c(104):     <input type="hidden" name="flightID" value="130933749-63864-WE"  />\n
Action.c(104):       </TD>\n
Action.c(104):       <TD width="45%" valign="top">\n
Action.c(104):           <b>&nbsp;&nbsp;A Coach class ticket for :</b><br/>\n
Action.c(104):           <center><table border="0" width="85%"><tr><td>\n
Action.c(104):           <li><i>William Eriksson\n
Action.c(104):           <li><i></i>\n
Action.c(104):           </td></tr></table></center>\n
Action.c(104):       </TD>\n
Action.c(104):       <TD width="5%" >.<br/>.<br/>.<br/>.</TD>\n
Action.c(104):       <TD width="45%" valign=top><b>Invoice sent to:</b><br/>\n
Action.c(104):           <center>\n
Action.c(104):           <Table width="80%" cellspacing="0" > <tr> <td>\n
Action.c(104):               William Eriksson\n
Action.c(104):     <br/>\n
Action.c(104):               Mantulinskaya Street<br/>\n
Action.c(104):               Moscow<br/>\n
Action.c(104):               <br/>\n
Action.c(104):               Total Charge: $ 237 <BR/> (CC: x-3535)\n
Action.c(104):           </td> </tr> </table>\n
Action.c(104):           </center>\n
Action.c(104):       </TD>\n
Action.c(104):     </TR>\n
Action.c(104):     <TR bgcolor="#EFF2F7">\n
Action.c(104):       <TD COLSPAN="3">\n
Action.c(104):       <b>Flight Details:</b><BR/>  <center>\n
Action.c(104):       09/26/2020\n
Action.c(104):      :  1pm : Flight 211 leaves London  for Frankfurt.<br>  </center>\n
Action.c(104):       </TD>\n
Action.c(104):     </TR>\n
Action.c(104):     \n
Action.c(104):     <TR bgcolor="#EFF2F7">\n
Action.c(104):       <TD COLSPAN="4">\n
Action.c(104):       <hr/>\n
Action.c(104):       </TD>\n
Action.c(104):     </TR>\n
Action.c(104):     \n
Action.c(104):     <!-- Flight #1 -->\n
Action.c(104):     <TR bgcolor="#EFF2F7">\n
Action.c(104):       <TD width="5%" rowspan="2" align="left" valign="top">\n
Action.c(104):     <b>\n
Action.c(104):     <label><input type="checkbox" name="84" value="on" /></label></font></b>\n
Action.c(104):     <input type="hidden" name="flightID" value="1309363016-646264-WE"  />\n
Action.c(104):       </TD>\n
Action.c(104):       <TD width="45%" valign="top">\n
Action.c(104):           <b>&nbsp;&nbsp;A Coach class ticket for :</b><br/>\n
Action.c(104):           <center><table border="0" width="85%"><tr><td>\n
Action.c(104):           <li><i>William Eriksson\n
Action.c(104):           <li><i></i>\n
Action.c(104):           </td></tr></table></center>\n
Action.c(104):       </TD>\n
Action.c(104):       <TD width="5%" >.<br/>.<br/>.<br/>.</TD>\n
Action.c(104):       <TD width="45%" valign=top><b>Invoice sent to:</b><br/>\n
Action.c(104):           <center>\n
Action.c(104):           <Table width="80%" cellspacing="0" > <tr> <td>\n
Action.c(104):               William Eriksson\n
Action.c(104):     <br/>\n
Action.c(104):               Mantulinskaya Street<br/>\n
Action.c(104):               Moscow<br/>\n
Action.c(104):               <br/>\n
Action.c(104):               Total Charge: $ 1441 <BR/> (CC: x-3535)\n
Action.c(104):           </td> </tr> </table>\n
Action.c(104):           </center>\n
Action.c(104):       </TD>\n
Action.c(104):     </TR>\n
Action.c(104):     <TR bgcolor="#EFF2F7">\n
Action.c(104):       <TD COLSPAN="3">\n
Action.c(104):       <b>Flight Details:</b><BR/>  <center>\n
Action.c(104):       09/26/2020\n
Action.c(104):      :  8am : Flight 280 leaves London  for Sydney.<br>  </center>\n
Action.c(104):       </TD>\n
Action.c(104):     </TR>\n
Action.c(104):     \n
Action.c(104):     <TR bgcolor="#EFF2F7">\n
Action.c(104):       <TD COLSPAN="4">\n
Action.c(104):       <hr/>\n
Action.c(104):       </TD>\n
Action.c(104):     </TR>\n
Action.c(104):     \n
Action.c(104):     <!-- Flight #1 -->\n
Action.c(104):     <TR bgcolor="#EFF2F7">\n
Action.c(104):       <TD width="5%" rowspan="2" align="left" valign="top">\n
Action.c(104):     <b>\n
Action.c(104):     <label><input type="checkbox" name="85" value="on" /></label></font></b>\n
Action.c(104):     <input type="hidden" name="flightID" value="130938570-65414-WE"  />\n
Action.c(104):       </TD>\n
Action.c(104):       <TD width="45%" valign="top">\n
Action.c(104):           <b>&nbsp;&nbsp;A Coach class ticket for :</b><br/>\n
Action.c(104):           <center><table border="0" width="85%"><tr><td>\n
Action.c(104):           <li><i>William Eriksson\n
Action.c(104):           <li><i></i>\n
Action.c(104):           </td></tr></table></center>\n
Action.c(104):       </TD>\n
Action.c(104):       <TD width="5%" >.<br/>.<br/>.<br/>.</TD>\n
Action.c(104):       <TD width="45%" valign=top><b>Invoice sent to:</b><br/>\n
Action.c(104):           <center>\n
Action.c(104):           <Table width="80%" cellspacing="0" > <tr> <td>\n
Action.c(104):               William Eriksson\n
Action.c(104):     <br/>\n
Action.c(104):               Mantulinskaya Street<br/>\n
Action.c(104):               Moscow<br/>\n
Action.c(104):               <br/>\n
Action.c(104):               Total Charge: $ 391 <BR/> (CC: x-3535)\n
Action.c(104):           </td> </tr> </table>\n
Action.c(104):           </center>\n
Action.c(104):       </TD>\n
Action.c(104):     </TR>\n
Action.c(104):     <TR bgcolor="#EFF2F7">\n
Action.c(104):       <TD COLSPAN="3">\n
Action.c(104):       <b>Flight Details:</b><BR/>  <center>\n
Action.c(104):       09/26/2020\n
Action.c(104):      :  1pm : Flight 341 leaves Los Angeles  for Paris.<br>  </center>\n
Action.c(104):       </TD>\n
Action.c(104):     </TR>\n
Action.c(104):     \n
Action.c(104):     <TR bgcolor="#EFF2F7">\n
Action.c(104):       <TD COLSPAN="4">\n
Action.c(104):       <hr/>\n
Action.c(104):       </TD>\n
Action.c(104):     </TR>\n
Action.c(104):     \n
Action.c(104):     <!-- Flight #1 -->\n
Action.c(104):     <TR bgcolor="#EFF2F7">\n
Action.c(104):       <TD width="5%" rowspan="2" align="left" valign="top">\n
Action.c(104):     <b>\n
Action.c(104):     <label><input type="checkbox" name="86" value="on" /></label></font></b>\n
Action.c(104):     <input type="hidden" name="flightID" value="130943428-66197-WE"  />\n
Action.c(104):       </TD>\n
Action.c(104):       <TD width="45%" valign="top">\n
Action.c(104):           <b>&nbsp;&nbsp;A Coach class ticket for :</b><br/>\n
Action.c(104):           <center><table border="0" width="85%"><tr><td>\n
Action.c(104):           <li><i>William Eriksson\n
Action.c(104):           <li><i></i>\n
Action.c(104):           </td></tr></table></center>\n
Action.c(104):       </TD>\n
Action.c(104):       <TD width="5%" >.<br/>.<br/>.<br/>.</TD>\n
Action.c(104):       <TD width="45%" valign=top><b>Invoice sent to:</b><br/>\n
Action.c(104):           <center>\n
Action.c(104):           <Table width="80%" cellspacing="0" > <tr> <td>\n
Action.c(104):               William Eriksson\n
Action.c(104):     <br/>\n
Action.c(104):               Mantulinskaya Street<br/>\n
Action.c(104):               Moscow<br/>\n
Action.c(104):               <br/>\n
Action.c(104):               Total Charge: $ 565 <BR/> (CC: x-3535)\n
Action.c(104):           </td> </tr> </table>\n
Action.c(104):           </center>\n
Action.c(104):       </TD>\n
Action.c(104):     </TR>\n
Action.c(104):     <TR bgcolor="#EFF2F7">\n
Action.c(104):       <TD COLSPAN="3">\n
Action.c(104):       <b>Flight Details:</b><BR/>  <center>\n
Action.c(104):       09/26/2020\n
Action.c(104):      :  5pm : Flight 472 leaves Paris  for Seattle.<br>  </center>\n
Action.c(104):       </TD>\n
Action.c(104):     </TR>\n
Action.c(104):     \n
Action.c(104):     <TR bgcolor="#EFF2F7">\n
Action.c(104):       <TD COLSPAN="4">\n
Action.c(104):       <hr/>\n
Action.c(104):       </TD>\n
Action.c(104):     </TR>\n
Action.c(104):     \n
Action.c(104):     <!-- Flight #1 -->\n
Action.c(104):     <TR bgcolor="#EFF2F7">\n
Action.c(104):       <TD width="5%" rowspan="2" align="left" valign="top">\n
Action.c(104):     <b>\n
Action.c(104):     <label><input type="checkbox" name="87" value="on" /></label></font></b>\n
Action.c(104):     <input type="hidden" name="flightID" value="130952355-66969-WE"  />\n
Action.c(104):       </TD>\n
Action.c(104):       <TD width="45%" valign="top">\n
Action.c(104):           <b>&nbsp;&nbsp;A Business class ticket for :</b><br/>\n
Action.c(104):           <center><table border="0" width="85%"><tr><td>\n
Action.c(104):           <li><i>William Eriksson\n
Action.c(104):           <li><i></i>\n
Action.c(104):           </td></tr></table></center>\n
Action.c(104):       </TD>\n
Action.c(104):       <TD width="5%" >.<br/>.<br/>.<br/>.</TD>\n
Action.c(104):       <TD width="45%" valign=top><b>Invoice sent to:</b><br/>\n
Action.c(104):           <center>\n
Action.c(104):           <Table width="80%" cellspacing="0" > <tr> <td>\n
Action.c(104):               William Eriksson\n
Action.c(104):     <br/>\n
Action.c(104):               Mantulinskaya Street<br/>\n
Action.c(104):               Moscow<br/>\n
Action.c(104):               <br/>\n
Action.c(104):               Total Charge: $ 605 <BR/> (CC: x-3535)\n
Action.c(104):           </td> </tr> </table>\n
Action.c(104):           </center>\n
Action.c(104):       </TD>\n
Action.c(104):     </TR>\n
Action.c(104):     <TR bgcolor="#EFF2F7">\n
Action.c(104):       <TD COLSPAN="3">\n
Action.c(104):       <b>Flight Details:</b><BR/>  <center>\n
Action.c(104):       09/26/2020\n
Action.c(104):      :  11pm : Flight 713 leaves Seattle  for Frankfurt.<br>  </center>\n
Action.c(104):       </TD>\n
Action.c(104):     </TR>\n
Action.c(104):     \n
Action.c(104):     <TR bgcolor="#EFF2F7">\n
Action.c(104):       <TD COLSPAN="4">\n
Action.c(104):       <hr/>\n
Action.c(104):       </TD>\n
Action.c(104):     </TR>\n
Action.c(104):     \n
Action.c(104):     <!-- Flight #1 -->\n
Action.c(104):     <TR bgcolor="#EFF2F7">\n
Action.c(104):       <TD width="5%" rowspan="2" align="left" valign="top">\n
Action.c(104):     <b>\n
Action.c(104):     <label><input type="checkbox" name="88" value="on" /></label></font></b>\n
Action.c(104):     <input type="hidden" name="flightID" value="130931941-67723-WE"  />\n
Action.c(104):       </TD>\n
Action.c(104):       <TD width="45%" valign="top">\n
Action.c(104):           <b>&nbsp;&nbsp;A Coach class ticket for :</b><br/>\n
Action.c(104):           <center><table border="0" width="85%"><tr><td>\n
Action.c(104):           <li><i>William Eriksson\n
Action.c(104):           <li><i></i>\n
Action.c(104):           </td></tr></table></center>\n
Action.c(104):       </TD>\n
Action.c(104):       <TD width="5%" >.<br/>.<br/>.<br/>.</TD>\n
Action.c(104):       <TD width="45%" valign=top><b>Invoice sent to:</b><br/>\n
Action.c(104):           <center>\n
Action.c(104):           <Table width="80%" cellspacing="0" > <tr> <td>\n
Action.c(104):               William Eriksson\n
Action.c(104):     <br/>\n
Action.c(104):               Mantulinskaya Street<br/>\n
Action.c(104):               Moscow<br/>\n
Action.c(104):               <br/>\n
Action.c(104):               Total Charge: $ 407 <BR/> (CC: x-3535)\n
Action.c(104):           </td> </tr> </table>\n
Action.c(104):           </center>\n
Action.c(104):       </TD>\n
Action.c(104):     </TR>\n
Action.c(104):     <TR bgcolor="#EFF2F7">\n
Action.c(104):       <TD COLSPAN="3">\n
Action.c(104):       <b>Flight Details:</b><BR/>  <center>\n
Action.c(104):       09/26/2020\n
Action.c(104):      :  5pm : Flight 162 leaves Frankfurt  for San Francisco.<br>  </center>\n
Action.c(104):       </TD>\n
Action.c(104):     </TR>\n
Action.c(104):     \n
Action.c(104):     <TR bgcolor="#EFF2F7">\n
Action.c(104):       <TD COLSPAN="4">\n
Action.c(104):       <hr/>\n
Action.c(104):       </TD>\n
Action.c(104):     </TR>\n
Action.c(104):     \n
Action.c(104):     <!-- Flight #1 -->\n
Action.c(104):     <TR bgcolor="#EFF2F7">\n
Action.c(104):       <TD width="5%" rowspan="2" align="left" valign="top">\n
Action.c(104):     <b>\n
Action.c(104):     <label><input type="checkbox" name="89" value="on" /></label></font></b>\n
Action.c(104):     <input type="hidden" name="flightID" value="130931954-68520-WE"  />\n
Action.c(104):       </TD>\n
Action.c(104):       <TD width="45%" valign="top">\n
Action.c(104):           <b>&nbsp;&nbsp;A First class ticket for :</b><br/>\n
Action.c(104):           <center><table border="0" width="85%"><tr><td>\n
Action.c(104):           <li><i>William Eriksson\n
Action.c(104):           <li><i></i>\n
Action.c(104):           </td></tr></table></center>\n
Action.c(104):       </TD>\n
Action.c(104):       <TD width="5%" >.<br/>.<br/>.<br/>.</TD>\n
Action.c(104):       <TD width="45%" valign=top><b>Invoice sent to:</b><br/>\n
Action.c(104):           <center>\n
Action.c(104):           <Table width="80%" cellspacing="0" > <tr> <td>\n
Action.c(104):               William Eriksson\n
Action.c(104):     <br/>\n
Action.c(104):               Mantulinskaya Street<br/>\n
Action.c(104):               Moscow<br/>\n
Action.c(104):               <br/>\n
Action.c(104):               Total Charge: $ 764 <BR/> (CC: x-3535)\n
Action.c(104):           </td> </tr> </table>\n
Action.c(104):           </center>\n
Action.c(104):       </TD>\n
Action.c(104):     </TR>\n
Action.c(104):     <TR bgcolor="#EFF2F7">\n
Action.c(104):       <TD COLSPAN="3">\n
Action.c(104):       <b>Flight Details:</b><BR/>  <center>\n
Action.c(104):       09/26/2020\n
Action.c(104):      :  5pm : Flight 162 leaves Frankfurt  for San Francisco.<br>  </center>\n
Action.c(104):       </TD>\n
Action.c(104):     </TR>\n
Action.c(104):     \n
Action.c(104):     <TR bgcolor="#EFF2F7">\n
Action.c(104):       <TD COLSPAN="4">\n
Action.c(104):       <hr/>\n
Action.c(104):       </TD>\n
Action.c(104):     </TR>\n
Action.c(104):     \n
Action.c(104):     <!-- Flight #1 -->\n
Action.c(104):     <TR bgcolor="#EFF2F7">\n
Action.c(104):       <TD width="5%" rowspan="2" align="left" valign="top">\n
Action.c(104):     <b>\n
Action.c(104):     <label><input type="checkbox" name="90" value="on" /></label></font></b>\n
Action.c(104):     <input type="hidden" name="flightID" value="130931881-69292-WE"  />\n
Action.c(104):       </TD>\n
Action.c(104):       <TD width="45%" valign="top">\n
Action.c(104):           <b>&nbsp;&nbsp;A First class ticket for :</b><br/>\n
Action.c(104):           <center><table border="0" width="85%"><tr><td>\n
Action.c(104):           <li><i>William Eriksson\n
Action.c(104):           <li><i></i>\n
Action.c(104):           </td></tr></table></center>\n
Action.c(104):       </TD>\n
Action.c(104):       <TD width="5%" >.<br/>.<br/>.<br/>.</TD>\n
Action.c(104):       <TD width="45%" valign=top><b>Invoice sent to:</b><br/>\n
Action.c(104):           <center>\n
Action.c(104):           <Table width="80%" cellspacing="0" > <tr> <td>\n
Action.c(104):               William Eriksson\n
Action.c(104):     <br/>\n
Action.c(104):               Mantulinskaya Street<br/>\n
Action.c(104):               Moscow<br/>\n
Action.c(104):               <br/>\n
Action.c(104):               Total Charge: $ 808 <BR/> (CC: x-3535)\n
Action.c(104):           </td> </tr> </table>\n
Action.c(104):           </center>\n
Action.c(104):       </TD>\n
Action.c(104):     </TR>\n
Action.c(104):     <TR bgcolor="#EFF2F7">\n
Action.c(104):       <TD COLSPAN="3">\n
Action.c(104):       <b>Flight Details:</b><BR/>  <center>\n
Action.c(104):       09/26/2020\n
Action.c(104):      :  8am : Flight 160 leaves Frankfurt  for San Francisco.<br>  </center>\n
Action.c(104):       </TD>\n
Action.c(104):     </TR>\n
Action.c(104):     \n
Action.c(104):     <TR bgcolor="#EFF2F7">\n
Action.c(104):       <TD COLSPAN="4">\n
Action.c(104):       <hr/>\n
Action.c(104):       </TD>\n
Action.c(104):     </TR>\n
Action.c(104):     <TR>\n
Action.c(104):        <TD align="center" COLSPAN="4">\n
Action.c(104):        <b>A total of 90 scheduled flights.</font></b>\n
Action.c(104):        </TD>\n
Action.c(104):     </TR>\n
Action.c(104):     </TABLE>\n
Action.c(104):     \n
Action.c(104):     <TABLE WIDTH="87%" BORDER="0" CELLSPACING="0">\n
Action.c(104):     <TR>\n
Action.c(104):     <TD align="left" width="50%" >\n
Action.c(104):     <input type="image" name="removeFlights" src="/WebTours/images/cancelreservation.gif" bord
Action.c(104):     er="0" /></TD>\n
Action.c(104):     <TD align="right" width="50%" >\n
Action.c(104):     <input type="image" name="removeAllFlights" src="/WebTours/images/cancelallreservations.gi
Action.c(104):     f" border="0" /></TD>\n
Action.c(104):     </TABLE>\n
Action.c(104):     \n
Action.c(104):     <div><input type="hidden" name=".cgifields" value="33"  /><input type="hidden" name=".cgif
Action.c(104):     ields" value="32"  /><input type="hidden" name=".cgifields" value="90"  /><input type="hid
Action.c(104):     den" name=".cgifields" value="63"  /><input type="hidden" name=".cgifields" value="21"  />
Action.c(104):     <input type="hidden" name=".cgifields" value="71"  /><input type="hidden" name=".cgifields
Action.c(104):     " value="7"  /><input type="hidden" name=".cgifields" value="80"  /><input type="hidden" n
Action.c(104):     ame=".cgifields" value="26"  /><input type="hidden" name=".cgifields" value="18"  /><input
Action.c(104):      type="hidden" name=".cgifields" value="72"  /><input type="hidden" name=".cgifields" valu
Action.c(104):     e="16"  /><input type="hidden" name=".cgifields" value="44"  /><input type="hidden" name="
Action.c(104):     .cgifields" value="55"  /><input type="hidden" name=".cgifields" value="84"  /><input type
Action.c(104):     ="hidden" name=".cgifields" value="74"  /><input t
Action.c(104): Found resource "http://localhost:1080/WebTours/images/cancelreservation.gif" in HTML "http://localhost:1080/cgi-bin/itinerary.pl"  	[MsgId: MMSG-26659]
Action.c(104): Found resource "http://localhost:1080/WebTours/images/cancelallreservations.gif" in HTML "http://localhost:1080/cgi-bin/itinerary.pl"  	[MsgId: MMSG-26659]
Action.c(104): t=3834750ms: 7-byte chunked response overhead for "http://localhost:1080/cgi-bin/itinerary.pl" (RelFrameId=1.2, Internal ID=2618)
Action.c(104):     \r\n
Action.c(104):     ea5\r\n
Action.c(104): t=3834750ms: 7-byte chunked response overhead for "http://localhost:1080/cgi-bin/itinerary.pl" (RelFrameId=1.2, Internal ID=2618)
Action.c(104):     \r\n
Action.c(104):     0\r\n
Action.c(104):     \r\n
Action.c(104): t=3834750ms: 3947-byte chunked response body for "http://localhost:1080/cgi-bin/itinerary.pl" (RelFrameId=1.2, Internal ID=2618)
Action.c(104):     ype="hidden" name=".cgifields" value="27"  /><input type="hidden" name=".cgifields" value=
Action.c(104):     "57"  /><input type="hidden" name=".cgifields" value="61"  /><input type="hidden" name=".c
Action.c(104):     gifields" value="20"  /><input type="hidden" name=".cgifields" value="89"  /><input type="
Action.c(104):     hidden" name=".cgifields" value="10"  /><input type="hidden" name=".cgifields" value="31" 
Action.c(104):      /><input type="hidden" name=".cgifields" value="35"  /><input type="hidden" name=".cgifie
Action.c(104):     lds" value="11"  /><input type="hidden" name=".cgifields" value="78"  /><input type="hidde
Action.c(104):     n" name=".cgifields" value="48"  /><input type="hidden" name=".cgifields" value="87"  /><i
Action.c(104):     nput type="hidden" name=".cgifields" value="77"  /><input type="hidden" name=".cgifields" 
Action.c(104):     value="65"  /><input type="hidden" name=".cgifields" value="29"  /><input type="hidden" na
Action.c(104):     me=".cgifields" value="50"  /><input type="hidden" name=".cgifields" value="39"  /><input 
Action.c(104):     type="hidden" name=".cgifields" value="64"  /><input type="hidden" name=".cgifields" value
Action.c(104):     ="58"  /><input type="hidden" name=".cgifields" value="41"  /><input type="hidden" name=".
Action.c(104):     cgifields" value="12"  /><input type="hidden" name=".cgifields" value="15"  /><input type=
Action.c(104):     "hidden" name=".cgifields" value="81"  /><input type="hidden" name=".cgifields" value="52"
Action.c(104):       /><input type="hidden" name=".cgifields" value="60"  /><input type="hidden" name=".cgifi
Action.c(104):     elds" value="56"  /><input type="hidden" name=".cgifields" value="73"  /><input type="hidd
Action.c(104):     en" name=".cgifields" value="66"  /><input type="hidden" name=".cgifields" value="45"  /><
Action.c(104):     input type="hidden" name=".cgifields" value="86"  /><input type="hidden" name=".cgifields"
Action.c(104):      value="76"  /><input type="hidden" name=".cgifields" value="19"  /><input type="hidden" n
Action.c(104):     ame=".cgifields" value="62"  /><input type="hidden" name=".cgifields" value="54"  /><input
Action.c(104):      type="hidden" name=".cgifields" value="67"  /><input type="hidden" name=".cgifields" valu
Action.c(104):     e="70"  /><input type="hidden" name=".cgifields" value="68"  /><input type="hidden" name="
Action.c(104):     .cgifields" value="2"  /><input type="hidden" name=".cgifields" value="17"  /><input type=
Action.c(104):     "hidden" name=".cgifields" value="1"  /><input type="hidden" name=".cgifields" value="88" 
Action.c(104):      /><input type="hidden" name=".cgifields" value="30"  /><input type="hidden" name=".cgifie
Action.c(104):     lds" value="82"  /><input type="hidden" name=".cgifields" value="25"  /><input type="hidde
Action.c(104):     n" name=".cgifields" value="28"  /><input type="hidden" name=".cgifields" value="83"  /><i
Action.c(104):     nput type="hidden" name=".cgifields" value="75"  /><input type="hidden" name=".cgifields" 
Action.c(104):     value="40"  /><input type="hidden" name=".cgifields" value="14"  /><input type="hidden" na
Action.c(104):     me=".cgifields" value="69"  /><input type="hidden" name=".cgifields" value="59"  /><input 
Action.c(104):     type="hidden" name=".cgifields" value="49"  /><input type="hidden" name=".cgifields" value
Action.c(104):     ="24"  /><input type="hidden" name=".cgifields" value="53"  /><input type="hidden" name=".
Action.c(104):     cgifields" value="79"  /><input type="hidden" name=".cgifields" value="22"  /><input type=
Action.c(104):     "hidden" name=".cgifields" value="42"  /><input type="hidden" name=".cgifields" value="46"
Action.c(104):       /><input type="hidden" name=".cgifields" value="23"  /><input type="hidden" name=".cgifi
Action.c(104):     elds" value="13"  /><input type="hidden" name=".cgifields" value="6"  /><input type="hidde
Action.c(104):     n" name=".cgifields" value="85"  /><input type="hidden" name=".cgifields" value="3"  /><in
Action.c(104):     put type="hidden" name=".cgifields" value="36"  /><input type="hidden" name=".cgifields" v
Action.c(104):     alue="9"  /><input type="hidden" name=".cgifields" value="51"  /><input type="hidden" name
Action.c(104):     =".cgifields" value="47"  /><input type="hidden" name=".cgifields" value="8"  /><input typ
Action.c(104):     e="hidden" name=".cgifields" value="38"  /><input type="hidden" name=".cgifields" value="4
Action.c(104):     "  /><input type="hidden" name=".cgifields" value="34"  /><input type="hidden" name=".cgif
Action.c(104):     ields" value="37"  /><input type="hidden" name=".cgifields" value="43"  /><input type="hid
Action.c(104):     den" name=".cgifields" value="5"  /></div></form>\n
Action.c(104):     \n
Action.c(104):     </center>\n
Action.c(104):     \n
Action.c(104):     </body>\n
Action.c(104):     </html>
Action.c(104): t=3834752ms: 297-byte response headers for "http://localhost:1080/WebTours/images/in_itinerary.gif" (RelFrameId=, Internal ID=2619)
Action.c(104):     HTTP/1.1 200 OK\r\n
Action.c(104):     Date: Sat, 26 Sep 2020 18:24:33 GMT\r\n
Action.c(104):     Server: Apache/2.2.21 (Win32)\r\n
Action.c(104):     Last-Modified: Thu, 12 Jan 2012 13:30:27 GMT\r\n
Action.c(104):     ETag: "c00000005a357-2dd-4b654c052c2c0"\r\n
Action.c(104):     Accept-Ranges: bytes\r\n
Action.c(104):     Content-Length: 733\r\n
Action.c(104):     Keep-Alive: timeout=5, max=99\r\n
Action.c(104):     Connection: Keep-Alive\r\n
Action.c(104):     Content-Type: image/gif\r\n
Action.c(104):     \r\n
Action.c(104): t=3834752ms: 733-byte response body for "http://localhost:1080/WebTours/images/in_itinerary.gif" (RelFrameId=, Internal ID=2619)
Action.c(104): t=3834752ms: 5-byte chunked response overhead for "http://localhost:1080/cgi-bin/nav.pl?page=menu&in=itinerary" (RelFrameId=1.1, Internal ID=2617)
Action.c(104):     0\r\n
Action.c(104):     \r\n
Action.c(104): t=3834752ms: 298-byte response headers for "http://localhost:1080/WebTours/images/home.gif" (RelFrameId=, Internal ID=2620)
Action.c(104):     HTTP/1.1 200 OK\r\n
Action.c(104):     Date: Sat, 26 Sep 2020 18:24:33 GMT\r\n
Action.c(104):     Server: Apache/2.2.21 (Win32)\r\n
Action.c(104):     Last-Modified: Thu, 12 Jan 2012 13:30:27 GMT\r\n
Action.c(104):     ETag: "600000005a31a-2b0-4b654c052c2c0"\r\n
Action.c(104):     Accept-Ranges: bytes\r\n
Action.c(104):     Content-Length: 688\r\n
Action.c(104):     Keep-Alive: timeout=5, max=100\r\n
Action.c(104):     Connection: Keep-Alive\r\n
Action.c(104):     Content-Type: image/gif\r\n
Action.c(104):     \r\n
Action.c(104): t=3834752ms: 688-byte response body for "http://localhost:1080/WebTours/images/home.gif" (RelFrameId=, Internal ID=2620)
Action.c(104): t=3834753ms: 300-byte response headers for "http://localhost:1080/WebTours/images/cancelreservation.gif" (RelFrameId=, Internal ID=2621)
Action.c(104):     HTTP/1.1 200 OK\r\n
Action.c(104):     Date: Sat, 26 Sep 2020 18:24:33 GMT\r\n
Action.c(104):     Server: Apache/2.2.21 (Win32)\r\n
Action.c(104):     Last-Modified: Thu, 12 Jan 2012 13:30:27 GMT\r\n
Action.c(104):     ETag: "27f00000005a2bd-33f-4b654c052c2c0"\r\n
Action.c(104):     Accept-Ranges: bytes\r\n
Action.c(104):     Content-Length: 831\r\n
Action.c(104):     Keep-Alive: timeout=5, max=100\r\n
Action.c(104):     Connection: Keep-Alive\r\n
Action.c(104):     Content-Type: image/gif\r\n
Action.c(104):     \r\n
Action.c(104): t=3834754ms: 831-byte response body for "http://localhost:1080/WebTours/images/cancelreservation.gif" (RelFrameId=, Internal ID=2621)
Action.c(104): t=3834754ms: 299-byte response headers for "http://localhost:1080/WebTours/images/cancelallreservations.gif" (RelFrameId=, Internal ID=2622)
Action.c(104):     HTTP/1.1 200 OK\r\n
Action.c(104):     Date: Sat, 26 Sep 2020 18:24:33 GMT\r\n
Action.c(104):     Server: Apache/2.2.21 (Win32)\r\n
Action.c(104):     Last-Modified: Thu, 12 Jan 2012 13:30:27 GMT\r\n
Action.c(104):     ETag: "2800000005a2b7-2e6-4b654c052c2c0"\r\n
Action.c(104):     Accept-Ranges: bytes\r\n
Action.c(104):     Content-Length: 742\r\n
Action.c(104):     Keep-Alive: timeout=5, max=100\r\n
Action.c(104):     Connection: Keep-Alive\r\n
Action.c(104):     Content-Type: image/gif\r\n
Action.c(104):     \r\n
Action.c(104): t=3834754ms: 742-byte response body for "http://localhost:1080/WebTours/images/cancelallreservations.gif" (RelFrameId=, Internal ID=2622)
Action.c(104): Registered web_reg_find successful for "Text=<b>Itinerary</font></b>" (count=1)  	[MsgId: MMSG-26364]
Action.c(104): web_url("Itinerary Button") was successful, 111092 body bytes, 1920 header bytes, 235 chunking overhead bytes  	[MsgId: MMSG-26385]
Action.c(114): Notify: Transaction "click_itinerary" ended with a "Pass" status (Duration: 5,1471 Think Time: 5,0009 Wasted Time: 0,0003).	[MsgId: MMSG-16870]
Action.c(116): Notify: Transaction "click_sign_off" started.	[MsgId: MMSG-16999]
Action.c(118): web_remove_auto_header("Sec-Fetch-User") started  	[MsgId: MMSG-26355]
Action.c(118): Previous automatically added web header for "Sec-Fetch-User" removed  	[MsgId: MMSG-26587]
Action.c(118): web_remove/revert_auto_header("Sec-Fetch-User") was successful  	[MsgId: MMSG-26392]
Action.c(120): web_add_header("Sec-Fetch-User") started  	[MsgId: MMSG-26355]
Action.c(120): web_add_header("Sec-Fetch-User") was successful  	[MsgId: MMSG-26392]
Action.c(123): lr_think_time: 5,00 seconds.	[MsgId: MMSG-15948]
Action.c(125): web_reg_find started  	[MsgId: MMSG-26355]
Action.c(125): Registering web_reg_find was successful  	[MsgId: MMSG-26390]
Action.c(129): web_url("SignOff Button") started  	[MsgId: MMSG-26355]
Action.c(129): t=3839792ms: 328-byte response headers for "http://localhost:1080/cgi-bin/welcome.pl?signOff=1" (RelFrameId=1, Internal ID=2623)
Action.c(129):     HTTP/1.1 200 OK\r\n
Action.c(129):     Date: Sat, 26 Sep 2020 18:24:38 GMT\r\n
Action.c(129):     Server: Apache/2.2.21 (Win32)\r\n
Action.c(129):     Set-Cookie: MSO=SID&1601144678; path=/\r\n
Action.c(129):     Set-Cookie: MTUserInfo=; path=/; expires=Fri, 25-Sep-2020 18:24:38 GMT\r\n
Action.c(129):     Keep-Alive: timeout=5, max=100\r\n
Action.c(129):     Connection: Keep-Alive\r\n
Action.c(129):     Transfer-Encoding: chunked\r\n
Action.c(129):     Content-Type: text/html; charset=ISO-8859-1\r\n
Action.c(129):     \r\n
Action.c(129): t=3839793ms: 5-byte chunked response overhead for "http://localhost:1080/cgi-bin/welcome.pl?signOff=1" (RelFrameId=1, Internal ID=2623)
Action.c(129):     2ae\r\n
Action.c(129): t=3839793ms: 2-byte chunked response overhead for "http://localhost:1080/cgi-bin/welcome.pl?signOff=1" (RelFrameId=1, Internal ID=2623)
Action.c(129):     \r\n
Action.c(129): t=3839793ms: 686-byte chunked response body for "http://localhost:1080/cgi-bin/welcome.pl?signOff=1" (RelFrameId=1, Internal ID=2623)
Action.c(129):     <!-- \n
Action.c(129):      A Session ID has been created and loaded into a cookie called MSO.\n
Action.c(129):      Also, the server options have been loaded into the cookie called\n
Action.c(129):      MSO as well.  The server options can be set via the Admin page.\n
Action.c(129):      --->\n
Action.c(129):     \n
Action.c(129):     <html>\n
Action.c(129):     <title>Web Tours</title>\n
Action.c(129):        <!-- Frame Set -->\n
Action.c(129):        <frameset cols="160,*" border="1" frameborder="1">\n
Action.c(129):           <!-- Navigation Frame -->\n
Action.c(129):           <frame src="nav.pl?in=home" name="navbar" marginheight="2" marginwidth="2" \n
Action.c(129):                 noresize="noresize" scrolling="auto"/>\n
Action.c(129):           <!-- Home Frame -->\n
Action.c(129):           <frame src="/WebTours/home.html" name="info" marginheight="2" marginwidth="2" \n
Action.c(129):                 noresize="noresize" scrolling="auto"/>\n
Action.c(129):        </frameset>\n
Action.c(129):     </html>\n
Action.c(129):     \n
Action.c(129):     </body>\n
Action.c(129):     </html>
Action.c(129): Detected non-resource "http://localhost:1080/cgi-bin/nav.pl?in=home" in "http://localhost:1080/cgi-bin/welcome.pl?signOff=1"  	[MsgId: MMSG-26574]
Action.c(129): Detected non-resource "http://localhost:1080/WebTours/home.html" in "http://localhost:1080/cgi-bin/welcome.pl?signOff=1"  	[MsgId: MMSG-26574]
Action.c(129): Retrieving data from cache for "http://localhost:1080/WebTours/home.html"  	[MsgId: MMSG-26558]
Action.c(129): t=3839794ms: 1361-byte response body retrieved from cache for "http://localhost:1080/WebTours/home.html" (RelFrameId=1.2, Internal ID=2625)
Action.c(129):     <HTML>\n
Action.c(129):     <HEAD>\n
Action.c(129):     \t<title>Web Tours</title>\n
Action.c(129):     </HEAD>\n
Action.c(129):     <style>\n
Action.c(129):     \tblockquote {font-family: tahoma; font-size : 10pt}\n
Action.c(129):     \tH1 {font-family: tahoma; font-size : 22pt; color: #003366}\n
Action.c(129):     \tsmall {font-family: tahoma; font-size : 8pt}\n
Action.c(129):     \tH3{font-family: tahoma; font-size : 10pt; color: black}\n
Action.c(129):     \tA {FONT-WEIGHT: bold; FONT-SIZE: 10pt; COLOR: black; FONT-FAMILY: Tahoma; TEXT-DECORATIO
Action.c(129):     N: none}\n
Action.c(129):     \tA:hover{ FONT-WEIGHT: bold; FONT-SIZE: 10pt; COLOR: #993333; FONT-FAMILY: Tahoma;TEXT-DE
Action.c(129):     CORATION: underline}\n
Action.c(129):     \tTD {font-family: tahoma; font-size : 10pt; color: black}\n
Action.c(129):     </style>\n
Action.c(129):     <body bgcolor="#e0e7f1">\n
Action.c(129):     <BR/>\n
Action.c(129):     <BR/>\n
Action.c(129):     <BR/>\n
Action.c(129):     <br/>\n
Action.c(129):     <table border="0">\n
Action.c(129):     <tr><td></td></tr>\n
Action.c(129):     <TR><TD></TD></TR>\n
Action.c(129):     <TR><TD>\n
Action.c(129):     <blockquote>\n
Action.c(129):     <H1><b>Web Tours</b></H1>\n
Action.c(129):     Welcome to the Web Tours site.\n
Action.c(129):     <br/>\n
Action.c(129):     To make reservations,please enter your account information to the left.\n
Action.c(129):     <br/>\n
Action.c(129):     If you haven't registered yet, <A href="/cgi-bin/login.pl?username=&amp;password=&amp;getI
Action.c(129):     nfo=true" ><B>sign up now</B></A> to get access to all our resources.\n
Action.c(129):     <br/>\n
Action.c(129):     To configure the server options, use <A href="/cgi-bin/admin.pl" target="body" ><b>adminis
Action.c(129):     tration</b></A> link.\n
Action.c(129):     <br/><br/><br/><br/><br/><br/>\n
Action.c(129):     <br/><small>\n
Action.c(129):     This product uses parts of the SMT Kernel, Copyright (c) 1991-99 <A href="http://www.imati
Action.c(129):     x.com" target="new"><B><small>iMatix Corporation</small></B></A> \n
Action.c(129):     </small>\n
Action.c(129):     </blockquote></TD>\n
Action.c(129):     <TD></TD></TR>\n
Action.c(129):     </table>\n
Action.c(129):     </body>\n
Action.c(129):     </HTML>\n
Action.c(129): t=3839796ms: 5-byte chunked response overhead for "http://localhost:1080/cgi-bin/welcome.pl?signOff=1" (RelFrameId=1, Internal ID=2623)
Action.c(129):     0\r\n
Action.c(129):     \r\n
Action.c(129): t=3839830ms: 256-byte response headers for "http://localhost:1080/cgi-bin/nav.pl?in=home" (RelFrameId=1.1, Internal ID=2624)
Action.c(129):     HTTP/1.1 200 OK\r\n
Action.c(129):     Date: Sat, 26 Sep 2020 18:24:38 GMT\r\n
Action.c(129):     Server: Apache/2.2.21 (Win32)\r\n
Action.c(129):     Expires: Fri, 25 Sep 2020 18:24:38 GMT\r\n
Action.c(129):     Keep-Alive: timeout=5, max=100\r\n
Action.c(129):     Connection: Keep-Alive\r\n
Action.c(129):     Transfer-Encoding: chunked\r\n
Action.c(129):     Content-Type: text/html; charset=ISO-8859-1\r\n
Action.c(129):     \r\n
Action.c(129): t=3839831ms: 5-byte chunked response overhead for "http://localhost:1080/cgi-bin/nav.pl?in=home" (RelFrameId=1.1, Internal ID=2624)
Action.c(129):     5d1\r\n
Action.c(129): t=3839831ms: 2-byte chunked response overhead for "http://localhost:1080/cgi-bin/nav.pl?in=home" (RelFrameId=1.1, Internal ID=2624)
Action.c(129):     \r\n
Action.c(129): t=3839831ms: 1489-byte chunked response body for "http://localhost:1080/cgi-bin/nav.pl?in=home" (RelFrameId=1.1, Internal ID=2624)
Action.c(129):     <!DOCTYPE html\n
Action.c(129):     \tPUBLIC "-//W3C//DTD XHTML 1.0 Transitional//EN"\n
Action.c(129):     \t "http://www.w3.org/TR/xhtml1/DTD/xhtml1-transitional.dtd">\n
Action.c(129):     <html xmlns="http://www.w3.org/1999/xhtml" lang="en-US" xml:lang="en-US">\n
Action.c(129):     <head>\n
Action.c(129):     <title>Web Tours Navigation Bar</title>\n
Action.c(129):     <meta http-equiv="Content-Type" content="text/html; charset=iso-8859-1" />\n
Action.c(129):     </head>\n
Action.c(129):     <body bgcolor="#E0E7F1">\n
Action.c(129):     <style>\n
Action.c(129):     blockquote {font-family: tahoma; font-size : 10pt}\n
Action.c(129):     H1 {font-family: tahoma; font-size : 22pt; color: #993333}\n
Action.c(129):     H3 {font-family: tahoma; font-size : 10pt; color: black}\n
Action.c(129):     small {font-family: tahoma; font-size : 8pt}\n
Action.c(129):     </style>\n
Action.c(129):     <form method="post" action="/cgi-bin/login.pl" target="body">\n
Action.c(129):     <input type="hidden" name="userSession" value="129699.852409883zzHVtDzpVfiDDDDDtAAcipzVzQf
Action.c(129):     "/>\n
Action.c(129):     <table border="0"><tr><td>&nbsp;</td>\n
Action.c(129):     <td>&nbsp;</td></tr>\n
Action.c(129):     <tr><td>&nbsp;</td>\n
Action.c(129):     <td>&nbsp;</td></tr>\n
Action.c(129):     <tr><td>&nbsp;</td>\n
Action.c(129):     <td><small>&nbsp;Username</small></td></tr>\n
Action.c(129):     <tr><td>&nbsp;</td>\n
Action.c(129):     <td><input type="text" name="username" value="" size="14" maxlength="14"/></td></tr>\n
Action.c(129):     <tr><td>&nbsp;</td>\n
Action.c(129):     <td><small>&nbsp;Password</small></td>\n
Action.c(129):     <tr><td>&nbsp;</td>\n
Action.c(129):     <td><input type="password" name="password" value="" size="14" maxlength="14"/></td></tr>\n
Action.c(129):     <tr><td>&nbsp;</td>\n
Action.c(129):     <td>&nbsp;</td></tr>\n
Action.c(129):     <tr><td>&nbsp;</td>\n
Action.c(129):     <td><input type="image" name="login" value="Login" alt="Login" border="1" \n
Action.c(129):     src="/WebTours/images/mer_login.gif"/></td></tr>\n
Action.c(129):     <tr><td>&nbsp;</td><td>&nbsp;</td></tr>\n
Action.c(129):     </table><input type="hidden" name="JSFormSubmit" value="off"/>\n
Action.c(129):     </form>\n
Action.c(129):     \n
Action.c(129):     </body>\n
Action.c(129):     </html>\n
Action.c(129): Resource "http://localhost:1080/WebTours/images/mer_login.gif" is in the cache already and will not be downloaded again  	[MsgId: MMSG-26655]
Action.c(129): t=3839834ms: 5-byte chunked response overhead for "http://localhost:1080/cgi-bin/nav.pl?in=home" (RelFrameId=1.1, Internal ID=2624)
Action.c(129):     0\r\n
Action.c(129):     \r\n
Action.c(129): Registered web_reg_find successful for "Text= A Session ID has been created and loaded into a cookie called MSO" (count=1)  	[MsgId: MMSG-26364]
Action.c(129): web_url("SignOff Button") was successful, 2175 body bytes, 584 header bytes, 24 chunking overhead bytes  	[MsgId: MMSG-26385]
Action.c(139): Notify: Transaction "click_sign_off" ended with a "Pass" status (Duration: 5,0795 Think Time: 5,0011 Wasted Time: 0,0000).	[MsgId: MMSG-16870]
Action.c(141): Notify: Transaction "03_Check_Itinerary" ended with a "Pass" status (Duration: 15,4012 Think Time: 15,0022 Wasted Time: 0,0005).	[MsgId: MMSG-16870]
Ending action Action.	[MsgId: MMSG-15918]
Action was aborted.	[MsgId: MMSG-10694]
Ending Vuser...	[MsgId: MMSG-15966]
Starting action vuser_end.	[MsgId: MMSG-15919]
Ending action vuser_end.	[MsgId: MMSG-15918]
Vuser Terminated.	[MsgId: MMSG-15963]
Vuser 3 (thread 19344), ended OK."	[MsgId: MMSG-10695]
